[0.000000] (-) TimerEvent: {}
[0.000761] (-) JobUnselected: {'identifier': 'agv_bot_description'}
[0.001355] (-) JobUnselected: {'identifier': 'async_web_server_cpp'}
[0.001716] (-) JobUnselected: {'identifier': 'camera_calibration_parsers'}
[0.003880] (-) JobUnselected: {'identifier': 'camera_info_manager'}
[0.003995] (-) JobUnselected: {'identifier': 'cv_bridge'}
[0.004183] (-) JobUnselected: {'identifier': 'geodesy'}
[0.004270] (-) JobUnselected: {'identifier': 'geographic_info'}
[0.004364] (-) JobUnselected: {'identifier': 'geographic_msgs'}
[0.006073] (-) JobUnselected: {'identifier': 'gps_package'}
[0.006162] (-) JobUnselected: {'identifier': 'image_common'}
[0.006292] (-) JobUnselected: {'identifier': 'image_geometry'}
[0.006367] (-) JobUnselected: {'identifier': 'image_stitcher'}
[0.006432] (-) JobUnselected: {'identifier': 'image_transport'}
[0.006482] (-) JobUnselected: {'identifier': 'isaac_ros_apriltag_interfaces'}
[0.006525] (-) JobUnselected: {'identifier': 'isaac_ros_bi3d_interfaces'}
[0.008006] (-) JobUnselected: {'identifier': 'isaac_ros_common'}
[0.008092] (-) JobUnselected: {'identifier': 'isaac_ros_nvblox'}
[0.008222] (-) JobUnselected: {'identifier': 'isaac_ros_pointcloud_interfaces'}
[0.008298] (-) JobUnselected: {'identifier': 'isaac_ros_tensor_list_interfaces'}
[0.008387] (-) JobUnselected: {'identifier': 'isaac_ros_test'}
[0.008765] (-) JobUnselected: {'identifier': 'joint_state_publisher'}
[0.008860] (-) JobUnselected: {'identifier': 'joint_state_publisher_gui'}
[0.008921] (-) JobUnselected: {'identifier': 'motor_control_pkg'}
[0.008971] (-) JobUnselected: {'identifier': 'nvblox'}
[0.009014] (-) JobUnselected: {'identifier': 'nvblox_cpu_gpu_tools'}
[0.010468] (-) JobUnselected: {'identifier': 'nvblox_examples_bringup'}
[0.012124] (-) JobUnselected: {'identifier': 'nvblox_image_padding'}
[0.012225] (-) JobUnselected: {'identifier': 'nvblox_isaac_sim'}
[0.012314] (-) JobUnselected: {'identifier': 'nvblox_msgs'}
[0.012392] (-) JobUnselected: {'identifier': 'nvblox_nav2'}
[0.012467] (-) JobUnselected: {'identifier': 'nvblox_performance_measurement'}
[0.012542] (-) JobUnselected: {'identifier': 'nvblox_performance_measurement_msgs'}
[0.012616] (-) JobUnselected: {'identifier': 'nvblox_ros'}
[0.012689] (-) JobUnselected: {'identifier': 'nvblox_ros_common'}
[0.012765] (-) JobUnselected: {'identifier': 'nvblox_rviz_plugin'}
[0.012838] (-) JobUnselected: {'identifier': 'object_derek'}
[0.012912] (-) JobUnselected: {'identifier': 'opencv_tests'}
[0.012985] (-) JobUnselected: {'identifier': 'realsense2_camera'}
[0.013057] (-) JobUnselected: {'identifier': 'realsense2_camera_msgs'}
[0.013129] (-) JobUnselected: {'identifier': 'realsense2_description'}
[0.013200] (-) JobUnselected: {'identifier': 'realsense_obj_det'}
[0.013274] (-) JobUnselected: {'identifier': 'road_segmentation'}
[0.013350] (-) JobUnselected: {'identifier': 'semantic_label_conversion'}
[0.013424] (-) JobUnselected: {'identifier': 'simple_http_server'}
[0.013499] (-) JobUnselected: {'identifier': 'slam_toolbox'}
[0.013572] (-) JobUnselected: {'identifier': 'stdgpu'}
[0.013645] (-) JobUnselected: {'identifier': 'teleop_twist_joy'}
[0.013718] (-) JobUnselected: {'identifier': 'teleop_twist_keyboard'}
[0.013791] (-) JobUnselected: {'identifier': 'twist_converter'}
[0.013863] (-) JobUnselected: {'identifier': 'twist_mux'}
[0.013953] (-) JobUnselected: {'identifier': 'velodyne'}
[0.014004] (-) JobUnselected: {'identifier': 'velodyne_driver'}
[0.014083] (-) JobUnselected: {'identifier': 'velodyne_laserscan'}
[0.014159] (-) JobUnselected: {'identifier': 'velodyne_msgs'}
[0.014232] (-) JobUnselected: {'identifier': 'velodyne_pointcloud'}
[0.014305] (-) JobUnselected: {'identifier': 'vision_opencv'}
[0.014378] (-) JobUnselected: {'identifier': 'web_video_server'}
[0.014453] (-) JobUnselected: {'identifier': 'xacro'}
[0.014540] (end_to_end_CNN) JobQueued: {'identifier': 'end_to_end_CNN', 'dependencies': OrderedDict([('cv_bridge', '/avlcode/workspaces/isaac_ros-dev/install/cv_bridge')])}
[0.014644] (end_to_end_CNN) JobStarted: {'identifier': 'end_to_end_CNN'}
[0.099205] (-) TimerEvent: {}
[0.200145] (-) TimerEvent: {}
[0.300740] (-) TimerEvent: {}
[0.401353] (-) TimerEvent: {}
[0.502002] (-) TimerEvent: {}
[0.602629] (-) TimerEvent: {}
[0.703261] (-) TimerEvent: {}
[0.803918] (-) TimerEvent: {}
[0.904694] (-) TimerEvent: {}
[1.005419] (-) TimerEvent: {}
[1.106208] (-) TimerEvent: {}
[1.214120] (-) TimerEvent: {}
[1.315101] (-) TimerEvent: {}
[1.415797] (-) TimerEvent: {}
[1.516488] (-) TimerEvent: {}
[1.617292] (-) TimerEvent: {}
[1.718091] (-) TimerEvent: {}
[1.818830] (-) TimerEvent: {}
[1.919584] (-) TimerEvent: {}
[2.020200] (-) TimerEvent: {}
[2.121000] (-) TimerEvent: {}
[2.221628] (-) TimerEvent: {}
[2.322223] (-) TimerEvent: {}
[2.423028] (-) TimerEvent: {}
[2.443742] (end_to_end_CNN) StderrLine: {'line': b'Traceback (most recent call last):\n  File "/usr/lib/python3/dist-packages/colcon_parallel_executor/executor/parallel.py", line 67, in execute\n    loop.run_until_complete(future)\n  File "/usr/lib/python3.8/asyncio/base_events.py", line 603, in run_until_complete\n    self.run_forever()\n  File "/usr/lib/python3.8/asyncio/base_events.py", line 570, in run_forever\n    self._run_once()\n  File "/usr/lib/python3.8/asyncio/base_events.py", line 1823, in _run_once\n    event_list = self._selector.select(timeout)\n  File "/usr/lib/python3.8/selectors.py", line 468, in select\n    fd_event_list = self._selector.poll(timeout, max_ev)\nKeyboardInterrupt\n\nDuring handling of the above exception, another exception occurred:\n\nTraceback (most recent call last):\n  File "/usr/lib/python3/dist-packages/colcon_core/executor/__init__.py", line 91, in __call__\n    rc = await self.task(*args, **kwargs)\n  File "/usr/lib/python3/dist-packages/colcon_core/task/__init__.py", line 93, in __call__\n    return await task_method(*args, **kwargs)\n  File "/usr/lib/python3/dist-packages/colcon_ros/task/ament_python/build.py", line 105, in build\n    return await extension.build(additional_hooks=additional_hooks)\n  File "/usr/lib/python3/dist-packages/colcon_core/task/python/build.py", line 81, in build\n    available_commands = await self._get_available_commands(\n  File "/usr/lib/python3/dist-packages/colcon_core/task/python/build.py", line 171, in _get_available_commands\n    output = await check_output(\n  File "/usr/lib/python3/dist-packages/colcon_core/subprocess.py", line 128, in check_output\n    assert not rc, f\'Expected {args} to pass: {stderr_data}\'\nAssertionError: Expected [\'/usr/bin/python3\', \'setup.py\', \'--help-commands\'] to pass: Traceback (most recent call last):\n  File "setup.py", line 5, in <module>\n    setup(\n  File "/usr/local/lib/python3.8/dist-packages/setuptools/__init__.py", line 87, in setup\n    return distutils.core.setup(**attrs)\n  File "/usr/local/lib/python3.8/dist-packages/setuptools/_distutils/core.py", line 172, in setup\n    ok = dist.parse_command_line()\n  File "/usr/local/lib/python3.8/dist-packages/setuptools/_distutils/dist.py", line 472, in parse_command_line\n    if self.handle_display_options(option_order):\n  File "/usr/local/lib/python3.8/dist-packages/setuptools/dist.py", line 1184, in handle_display_options\n    return _Distribution.handle_display_options(self, option_order)\n  File "/usr/local/lib/python3.8/dist-packages/setuptools/_distutils/dist.py", line 686, in handle_display_options\n    self.print_commands()\n  File "/usr/local/lib/python3.8/dist-packages/setuptools/dist.py", line 961, in print_commands\n    cmdclass = ep.load()\n  File "/usr/local/lib/python3.8/dist-packages/setuptools/_vendor/importlib_metadata/__init__.py", line 194, in load\n    module = import_module(match.group(\'module\'))\n  File "/usr/lib/python3.8/importlib/__init__.py", line 127, in import_module\n    return _bootstrap._gcd_import(name[level:], package, level)\n  File "<frozen importlib._bootstrap>", line 1014, in _gcd_import\n  File "<frozen importlib._bootstrap>", line 991, in _find_and_load\n  File "<frozen importlib._bootstrap>", line 975, in _find_and_load_unlocked\n  File "<frozen importlib._bootstrap>", line 671, in _load_unlocked\n  File "<frozen importlib._bootstrap_external>", line 848, in exec_module\n  File "<frozen importlib._bootstrap>", line 219, in _call_with_frames_removed\n  File "/usr/local/lib/python3.8/dist-packages/setuptools/command/develop.py", line 9, in <module>\n    from setuptools.command.easy_install import easy_install\n  File "/usr/local/lib/python3.8/dist-packages/setuptools/command/easy_install.py", line 53, in <module>\n    from setuptools.package_index import (\n  File "/usr/local/lib/python3.8/dist-packages/setuptools/package_index.py", line 41, in <module>\n    from setuptools.wheel import Wheel\n  File "/usr/local/lib/python3.8/dist-packages/setuptools/wheel.py", line 18, in <module>\n    from setuptools.command.egg_info import write_requirements\n  File "/usr/local/lib/python3.8/dist-packages/setuptools/command/egg_info.py", line 24, in <module>\n    from setuptools.command.sdist import sdist\n  File "/usr/local/lib/python3.8/dist-packages/setuptools/command/sdist.py", line 9, in <module>\n    from .py36compat import sdist_add_defaults\n  File "<frozen importlib._bootstrap>", line 991, in _find_and_load\n  File "<frozen importlib._bootstrap>", line 975, in _find_and_load_unlocked\n  File "<frozen importlib._bootstrap>", line 671, in _load_unlocked\n  File "<frozen importlib._bootstrap_external>", line 844, in exec_module\n  File "<frozen importlib._bootstrap_external>", line 976, in get_code\n  File "<frozen importlib._bootstrap_external>", line 640, in _compile_bytecode\nKeyboardInterrupt\n\n'}
[2.445199] (end_to_end_CNN) JobEnded: {'identifier': 'end_to_end_CNN', 'rc': 'SIGINT'}
[2.455128] (-) EventReactorShutdown: {}
