-- CMAKE_BUILD_TYPE: Release
-- Found ament_cmake: 1.3.3 (/opt/ros/humble/install/share/ament_cmake/cmake)
-- Override CMake install command with custom implementation using symlinks instead of copying resources
-- Found rosidl_default_generators: 1.2.0 (/opt/ros/humble/install/share/rosidl_default_generators/cmake)
-- Using all available rosidl_typesupport_c: rosidl_typesupport_fastrtps_c;rosidl_typesupport_introspection_c
-- Found rosidl_adapter: 3.1.4 (/opt/ros/humble/install/share/rosidl_adapter/cmake)
-- Using all available rosidl_typesupport_cpp: rosidl_typesupport_fastrtps_cpp;rosidl_typesupport_introspection_cpp
-- Found std_msgs: 4.2.3 (/opt/ros/humble/install/share/std_msgs/cmake)
-- Found geometry_msgs: 4.2.3 (/opt/ros/humble/install/share/geometry_msgs/cmake)
-- Found ament_cmake_ros: 0.10.0 (/opt/ros/humble/install/share/ament_cmake_ros/cmake)
-- Using all available rosidl_typesupport_c: rosidl_typesupport_fastrtps_c;rosidl_typesupport_introspection_c
-- Using all available rosidl_typesupport_cpp: rosidl_typesupport_fastrtps_cpp;rosidl_typesupport_introspection_cpp
-- Found python_cmake_module: 0.10.0 (/opt/ros/humble/install/share/python_cmake_module/cmake)
-- Using PYTHON_EXECUTABLE: /usr/bin/python3
-- Using PYTHON_INCLUDE_DIRS: /usr/include/python3.8
-- Using PYTHON_LIBRARIES: /usr/lib/aarch64-linux-gnu/libpython3.8.so
-- Found ament_lint_auto: 0.12.5 (/opt/ros/humble/install/share/ament_lint_auto/cmake)
-- Configuring done
-- Generating done
-- Build files have been written to: /workspaces/isaac_ros-dev/build/nvblox_msgs
[35m[1mConsolidate compiler generated dependencies of target nvblox_msgs__rosidl_generator_c[0m
failed to create symbolic link '/workspaces/isaac_ros-dev/build/nvblox_msgs/ament_cmake_python/nvblox_msgs/nvblox_msgs' because existing path cannot be removed: Is a directory
make[2]: *** [CMakeFiles/ament_cmake_python_symlink_nvblox_msgs.dir/build.make:70: CMakeFiles/ament_cmake_python_symlink_nvblox_msgs] Error 1
make[1]: *** [CMakeFiles/Makefile2:421: CMakeFiles/ament_cmake_python_symlink_nvblox_msgs.dir/all] Error 2
[  1%] Built target nvblox_msgs__cpp
make[1]: *** Waiting for unfinished jobs....
[ 12%] Built target nvblox_msgs__rosidl_generator_c
make: *** [Makefile:146: all] Error 2
