[1.029s] Invoking command in '/avlcode/workspaces/isaac_ros-dev/build/xacro': /usr/bin/cmake --build /avlcode/workspaces/isaac_ros-dev/build/xacro -- -j12 -l12
[1.178s] -- Found ament_cmake: 1.3.3 (/opt/ros/humble/install/share/ament_cmake/cmake)
[1.544s] Traceback (most recent call last):
[1.545s]   File "/opt/ros/humble/install/share/ament_cmake_core/cmake/package_templates/templates_2_cmake.py", line 21, in <module>
[1.545s]     from ament_package.templates import get_environment_hook_template_path
[1.546s] ModuleNotFoundError: No module named 'ament_package'
[1.612s] -- Configuring incomplete, errors occurred!
[1.613s] See also "/avlcode/workspaces/isaac_ros-dev/build/xacro/CMakeFiles/CMakeOutput.log".
[1.614s] [31mCMake Error at /opt/ros/humble/install/share/ament_cmake_core/cmake/ament_cmake_package_templates-extras.cmake:41 (message):
[1.614s]   execute_process(/usr/bin/python3.8
[1.615s]   /opt/ros/humble/install/share/ament_cmake_core/cmake/package_templates/templates_2_cmake.py
[1.615s]   /avlcode/workspaces/isaac_ros-dev/build/xacro/ament_cmake_package_templates/templates.cmake)
[1.616s]   returned error code 1
[1.616s] Call Stack (most recent call first):
[1.617s]   /opt/ros/humble/install/share/ament_cmake_core/cmake/ament_cmake_coreConfig.cmake:41 (include)
[1.618s]   /opt/ros/humble/install/share/ament_cmake/cmake/ament_cmake_export_dependencies-extras.cmake:15 (find_package)
[1.626s]   /opt/ros/humble/install/share/ament_cmake/cmake/ament_cmakeConfig.cmake:41 (include)
[1.627s]   CMakeLists.txt:4 (find_package)
[1.627s] 
[1.628s] [0m
[1.629s] make: *** [Makefile:282: cmake_check_build_system] Error 1
