[0.469s] Invoking command in '/workspaces/isaac_ros-dev/build/cv_bridge': /usr/bin/cmake --build /workspaces/isaac_ros-dev/build/cv_bridge -- -j12 -l12
[1.705s] failed to create symbolic link '/workspaces/isaac_ros-dev/build/cv_bridge/ament_cmake_python/cv_bridge/cv_bridge' because existing path cannot be removed: Is a directory
[1.706s] make[2]: *** [CMakeFiles/ament_cmake_python_symlink_cv_bridge.dir/build.make:70: CMakeFiles/ament_cmake_python_symlink_cv_bridge] Error 1
[1.707s] make[1]: *** [CMakeFiles/Makefile2:193: CMakeFiles/ament_cmake_python_symlink_cv_bridge.dir/all] Error 2
[1.709s] make[1]: *** Waiting for unfinished jobs....
[1.710s] make: *** [Makefile:146: all] Error 2
[1.712s] [35m[1mConsolidate compiler generated dependencies of target gtest[0m
[1.713s] [35m[1mConsolidate compiler generated dependencies of target gtest_main[0m
[1.714s] [35m[1mConsolidate compiler generated dependencies of target cv_bridge[0m
[1.715s] [ 11%] Built target gtest_main
[1.716s] [ 22%] Built target gtest
[1.716s] [ 27%] [32m[1mLinking CXX shared library libcv_bridge.so[0m
[1.717s] [ 44%] Built target cv_bridge
[1.758s] Invoked command in '/workspaces/isaac_ros-dev/build/cv_bridge' returned '2': /usr/bin/cmake --build /workspaces/isaac_ros-dev/build/cv_bridge -- -j12 -l12
