[0.252s] Invoking command in '/workspaces/isaac_ros-dev/build/velodyne_msgs': /usr/bin/cmake /workspaces/isaac_ros-dev/src/velodyne/velodyne_msgs -DAMENT_CMAKE_SYMLINK_INSTALL=1 -DCMAKE_INSTALL_PREFIX=/workspaces/isaac_ros-dev/install/velodyne_msgs
[1.515s] -- Found ament_cmake: 1.3.3 (/opt/ros/humble/install/share/ament_cmake/cmake)
[1.522s] -- Override CMake install command with custom implementation using symlinks instead of copying resources
[1.524s] -- Found builtin_interfaces: 1.2.1 (/opt/ros/humble/install/share/builtin_interfaces/cmake)
[1.524s] -- Found rosidl_generator_c: 3.1.4 (/opt/ros/humble/install/share/rosidl_generator_c/cmake)
[1.524s] -- Found rosidl_adapter: 3.1.4 (/opt/ros/humble/install/share/rosidl_adapter/cmake)
[1.524s] -- Found rosidl_generator_cpp: 3.1.4 (/opt/ros/humble/install/share/rosidl_generator_cpp/cmake)
[1.524s] -- Using all available rosidl_typesupport_c: rosidl_typesupport_fastrtps_c;rosidl_typesupport_introspection_c
[1.524s] -- Using all available rosidl_typesupport_cpp: rosidl_typesupport_fastrtps_cpp;rosidl_typesupport_introspection_cpp
[1.525s] -- Found rosidl_default_generators: 1.2.0 (/opt/ros/humble/install/share/rosidl_default_generators/cmake)
[1.525s] -- Found std_msgs: 4.2.3 (/opt/ros/humble/install/share/std_msgs/cmake)
[1.525s] -- Found ament_cmake_cppcheck: 0.12.5 (/opt/ros/humble/install/share/ament_cmake_cppcheck/cmake)
[1.525s] -- Found ament_cmake_cpplint: 0.12.5 (/opt/ros/humble/install/share/ament_cmake_cpplint/cmake)
[1.525s] -- Found ament_cmake_uncrustify: 0.12.5 (/opt/ros/humble/install/share/ament_cmake_uncrustify/cmake)
[1.525s] -- Found ament_cmake_ros: 0.10.0 (/opt/ros/humble/install/share/ament_cmake_ros/cmake)
[2.039s] -- Using all available rosidl_typesupport_c: rosidl_typesupport_fastrtps_c;rosidl_typesupport_introspection_c
[2.264s] -- Using all available rosidl_typesupport_cpp: rosidl_typesupport_fastrtps_cpp;rosidl_typesupport_introspection_cpp
[2.464s] -- Found python_cmake_module: 0.10.0 (/opt/ros/humble/install/share/python_cmake_module/cmake)
[2.551s] -- Using PYTHON_EXECUTABLE: /usr/bin/python3
[2.551s] -- Using PYTHON_INCLUDE_DIRS: /usr/include/python3.8
[2.551s] -- Using PYTHON_LIBRARIES: /usr/lib/aarch64-linux-gnu/libpython3.8.so
[2.568s] -- Found ament_cmake_flake8: 0.12.5 (/opt/ros/humble/install/share/ament_cmake_flake8/cmake)
[2.570s] -- Found ament_cmake_pep257: 0.12.5 (/opt/ros/humble/install/share/ament_cmake_pep257/cmake)
[2.570s] -- Found ament_lint_auto: 0.12.5 (/opt/ros/humble/install/share/ament_lint_auto/cmake)
[2.572s] -- Added test 'copyright' to check source files copyright and LICENSE
[2.572s] -- Added test 'lint_cmake' to check CMake code style
[2.572s] -- Added test 'xmllint' to check XML markup files
[2.573s] -- Configuring done
[2.601s] -- Generating done
[2.609s] -- Build files have been written to: /workspaces/isaac_ros-dev/build/velodyne_msgs
[2.779s] Invoked command in '/workspaces/isaac_ros-dev/build/velodyne_msgs' returned '0': /usr/bin/cmake /workspaces/isaac_ros-dev/src/velodyne/velodyne_msgs -DAMENT_CMAKE_SYMLINK_INSTALL=1 -DCMAKE_INSTALL_PREFIX=/workspaces/isaac_ros-dev/install/velodyne_msgs
[2.786s] Invoking command in '/workspaces/isaac_ros-dev/build/velodyne_msgs': /usr/bin/cmake --build /workspaces/isaac_ros-dev/build/velodyne_msgs -- -j12 -l12
[2.883s] [35m[1mConsolidate compiler generated dependencies of target velodyne_msgs__rosidl_generator_c[0m
[2.908s] failed to create symbolic link '/workspaces/isaac_ros-dev/build/velodyne_msgs/ament_cmake_python/velodyne_msgs/velodyne_msgs' because existing path cannot be removed: Is a directory
[2.911s] make[2]: *** [CMakeFiles/ament_cmake_python_symlink_velodyne_msgs.dir/build.make:70: CMakeFiles/ament_cmake_python_symlink_velodyne_msgs] Error 1
[2.911s] make[1]: *** [CMakeFiles/Makefile2:421: CMakeFiles/ament_cmake_python_symlink_velodyne_msgs.dir/all] Error 2
[2.911s] make[1]: *** Waiting for unfinished jobs....
[2.914s] [  2%] Built target velodyne_msgs__cpp
[2.929s] [ 12%] Built target velodyne_msgs__rosidl_generator_c
[2.932s] make: *** [Makefile:146: all] Error 2
[3.049s] Invoked command in '/workspaces/isaac_ros-dev/build/velodyne_msgs' returned '2': /usr/bin/cmake --build /workspaces/isaac_ros-dev/build/velodyne_msgs -- -j12 -l12
