[ 50%] [32mBuilding CXX object CMakeFiles/data_logger_node2.dir/src/data_logger_node2.cpp.o[0m
[01m[K/avlcode/workspaces/isaac_ros-dev/src/data_logger/src/data_logger_node2.cpp:24:30:[m[K [01;35m[Kwarning: [m[Kextra â€˜[01m[K;[m[Kâ€™ [[01;35m[K-Wpedantic[m[K]
   24 | using std::placeholders::_1; [01;35m[K;[m[K
      |                              [01;35m[K^[m[K
[01m[K/avlcode/workspaces/isaac_ros-dev/src/data_logger/src/data_logger_node2.cpp:[m[K In constructor â€˜[01m[KDataLogger::DataLogger()[m[Kâ€™:
[01m[K/avlcode/workspaces/isaac_ros-dev/src/data_logger/src/data_logger_node2.cpp:49:22:[m[K [01;35m[Kwarning: [m[Kunused variable â€˜[01m[Kentry[m[Kâ€™ [[01;35m[K-Wunused-variable[m[K]
   49 |     for (const auto &[01;35m[Kentry[m[K : fs::directory_iterator(m_drive)) {
      |                      [01;35m[K^~~~~[m[K
[01m[K/avlcode/workspaces/isaac_ros-dev/src/data_logger/src/data_logger_node2.cpp:65:22:[m[K [01;35m[Kwarning: [m[Kunused variable â€˜[01m[Kentry[m[Kâ€™ [[01;35m[K-Wunused-variable[m[K]
   65 |     for (const auto &[01;35m[Kentry[m[K : fs::directory_iterator(m_image_drive)) {
      |                      [01;35m[K^~~~~[m[K
[01m[K/avlcode/workspaces/isaac_ros-dev/src/data_logger/src/data_logger_node2.cpp:107:102:[m[K [01;31m[Kerror: [m[Kâ€˜[01m[Kplaceholder2_1[m[Kâ€™ is not a member of â€˜[01m[Kstd[m[Kâ€™; did you mean â€˜[01m[Kplaceholders[m[Kâ€™?
  107 |             syncApproximate.registerCallback(std::bind(&DataLogger::camera_sync_callback, this, std::[01;31m[Kplaceholder2_1[m[K, std::placeholders_2,
      |                                                                                                      [01;31m[K^~~~~~~~~~~~~~[m[K
      |                                                                                                      [32m[Kplaceholders[m[K
[01m[K/avlcode/workspaces/isaac_ros-dev/src/data_logger/src/data_logger_node2.cpp:107:123:[m[K [01;31m[Kerror: [m[Kâ€˜[01m[Kplaceholders_2[m[Kâ€™ is not a member of â€˜[01m[Kstd[m[Kâ€™; did you mean â€˜[01m[Kplaceholders[m[Kâ€™?
  107 |             syncApproximate.registerCallback(std::bind(&DataLogger::camera_sync_callback, this, std::placeholder2_1, std::[01;31m[Kplaceholders_2[m[K,
      |                                                                                                                           [01;31m[K^~~~~~~~~~~~~~[m[K
      |                                                                                                                           [32m[Kplaceholders[m[K
[01m[K/avlcode/workspaces/isaac_ros-dev/src/data_logger/src/data_logger_node2.cpp:108:10:[m[K [01;31m[Kerror: [m[Kâ€˜[01m[Kplaceholder2_3[m[Kâ€™ is not a member of â€˜[01m[Kstd[m[Kâ€™; did you mean â€˜[01m[Kplaceholders[m[Kâ€™?
  108 |     std::[01;31m[Kplaceholder2_3[m[K, std::placeholder2_4));
      |          [01;31m[K^~~~~~~~~~~~~~[m[K
      |          [32m[Kplaceholders[m[K
[01m[K/avlcode/workspaces/isaac_ros-dev/src/data_logger/src/data_logger_node2.cpp:108:31:[m[K [01;31m[Kerror: [m[Kâ€˜[01m[Kplaceholder2_4[m[Kâ€™ is not a member of â€˜[01m[Kstd[m[Kâ€™; did you mean â€˜[01m[Kplaceholders[m[Kâ€™?
  108 |     std::placeholder2_3, std::[01;31m[Kplaceholder2_4[m[K));
      |                               [01;31m[K^~~~~~~~~~~~~~[m[K
      |                               [32m[Kplaceholders[m[K
make[2]: *** [CMakeFiles/data_logger_node2.dir/build.make:76: CMakeFiles/data_logger_node2.dir/src/data_logger_node2.cpp.o] Error 1
make[1]: *** [CMakeFiles/Makefile2:137: CMakeFiles/data_logger_node2.dir/all] Error 2
make: *** [Makefile:146: all] Error 2
Traceback (most recent call last):
  File "/usr/lib/python3/dist-packages/colcon_core/executor/__init__.py", line 91, in __call__
    rc = await self.task(*args, **kwargs)
  File "/usr/lib/python3/dist-packages/colcon_core/task/__init__.py", line 93, in __call__
    return await task_method(*args, **kwargs)
  File "/usr/lib/python3/dist-packages/colcon_ros/task/ament_cmake/build.py", line 85, in build
    create_environment_scripts(
  File "/usr/lib/python3/dist-packages/colcon_core/environment/__init__.py", line 89, in create_environment_scripts
    create_file_with_runtime_dependencies(prefix_path, pkg))
  File "/usr/lib/python3/dist-packages/colcon_core/environment/__init__.py", line 172, in create_file_with_runtime_dependencies
    path.write_text(
  File "/usr/lib/python3.8/pathlib.py", line 1255, in write_text
    with self.open(mode='w', encoding=encoding, errors=errors) as f:
  File "/usr/lib/python3.8/pathlib.py", line 1222, in open
    return io.open(self, mode, buffering, encoding, errors, newline,
  File "/usr/lib/python3.8/pathlib.py", line 1078, in _opener
    return self._accessor.open(self, flags, mode)
PermissionError: [Errno 13] Permission denied: '/avlcode/workspaces/isaac_ros-dev/install/data_logger/share/colcon-core/packages/data_logger'
