[0.274s] Invoking command in '/workspaces/isaac_ros-dev/build/realsense2_camera_msgs': /usr/bin/cmake /workspaces/isaac_ros-dev/src/realsense-ros/realsense2_camera_msgs -DCMAKE_INSTALL_PREFIX=/workspaces/isaac_ros-dev/install/realsense2_camera_msgs
[1.505s] -- Found ament_cmake: 1.3.3 (/opt/ros/humble/install/share/ament_cmake/cmake)
[1.505s] -- Override CMake install command with custom implementation using symlinks instead of copying resources
[1.505s] -- Found rosidl_default_generators: 1.2.0 (/opt/ros/humble/install/share/rosidl_default_generators/cmake)
[1.505s] -- Using all available rosidl_typesupport_c: rosidl_typesupport_fastrtps_c;rosidl_typesupport_introspection_c
[1.505s] -- Found rosidl_adapter: 3.1.4 (/opt/ros/humble/install/share/rosidl_adapter/cmake)
[1.505s] -- Using all available rosidl_typesupport_cpp: rosidl_typesupport_fastrtps_cpp;rosidl_typesupport_introspection_cpp
[1.506s] -- Found builtin_interfaces: 1.2.1 (/opt/ros/humble/install/share/builtin_interfaces/cmake)
[1.506s] -- Found std_msgs: 4.2.3 (/opt/ros/humble/install/share/std_msgs/cmake)
[1.508s] -- Found ament_cmake_cppcheck: 0.12.5 (/opt/ros/humble/install/share/ament_cmake_cppcheck/cmake)
[1.509s] -- Found ament_cmake_cpplint: 0.12.5 (/opt/ros/humble/install/share/ament_cmake_cpplint/cmake)
[1.509s] -- Found ament_cmake_uncrustify: 0.12.5 (/opt/ros/humble/install/share/ament_cmake_uncrustify/cmake)
[1.509s] -- Found ament_cmake_ros: 0.10.0 (/opt/ros/humble/install/share/ament_cmake_ros/cmake)
[1.825s] -- Using all available rosidl_typesupport_c: rosidl_typesupport_fastrtps_c;rosidl_typesupport_introspection_c
[2.259s] -- Using all available rosidl_typesupport_cpp: rosidl_typesupport_fastrtps_cpp;rosidl_typesupport_introspection_cpp
[2.337s] -- Found python_cmake_module: 0.10.0 (/opt/ros/humble/install/share/python_cmake_module/cmake)
[2.399s] -- Using PYTHON_EXECUTABLE: /usr/bin/python3
[2.403s] -- Using PYTHON_INCLUDE_DIRS: /usr/include/python3.8
[2.403s] -- Using PYTHON_LIBRARIES: /usr/lib/aarch64-linux-gnu/libpython3.8.so
[2.494s] -- Found ament_cmake_flake8: 0.12.5 (/opt/ros/humble/install/share/ament_cmake_flake8/cmake)
[2.494s] -- Found ament_cmake_pep257: 0.12.5 (/opt/ros/humble/install/share/ament_cmake_pep257/cmake)
[2.525s] -- Configuring done
[2.636s] -- Generating done
[2.649s] -- Build files have been written to: /workspaces/isaac_ros-dev/build/realsense2_camera_msgs
[2.824s] Invoked command in '/workspaces/isaac_ros-dev/build/realsense2_camera_msgs' returned '0': /usr/bin/cmake /workspaces/isaac_ros-dev/src/realsense-ros/realsense2_camera_msgs -DCMAKE_INSTALL_PREFIX=/workspaces/isaac_ros-dev/install/realsense2_camera_msgs
[2.836s] Invoking command in '/workspaces/isaac_ros-dev/build/realsense2_camera_msgs': /usr/bin/cmake --build /workspaces/isaac_ros-dev/build/realsense2_camera_msgs -- -j12 -l12
[3.039s] failed to create symbolic link '/workspaces/isaac_ros-dev/build/realsense2_camera_msgs/ament_cmake_python/realsense2_camera_msgs/realsense2_camera_msgs' because existing path cannot be removed: Is a directory
[3.039s] make[2]: *** [CMakeFiles/ament_cmake_python_symlink_realsense2_camera_msgs.dir/build.make:70: CMakeFiles/ament_cmake_python_symlink_realsense2_camera_msgs] Error 1
[3.039s] make[1]: *** [CMakeFiles/Makefile2:421: CMakeFiles/ament_cmake_python_symlink_realsense2_camera_msgs.dir/all] Error 2
[3.040s] make[1]: *** Waiting for unfinished jobs....
[3.040s] make: *** [Makefile:146: all] Error 2
[3.040s] [35m[1mConsolidate compiler generated dependencies of target realsense2_camera_msgs__rosidl_generator_c[0m
[3.040s] [  1%] Built target realsense2_camera_msgs__cpp
[3.041s] [ 12%] Built target realsense2_camera_msgs__rosidl_generator_c
[3.142s] Invoked command in '/workspaces/isaac_ros-dev/build/realsense2_camera_msgs' returned '2': /usr/bin/cmake --build /workspaces/isaac_ros-dev/build/realsense2_camera_msgs -- -j12 -l12
