[0.279s] Invoking command in '/workspaces/isaac_ros-dev/build/realsense2_camera_msgs': /usr/bin/cmake --build /workspaces/isaac_ros-dev/build/realsense2_camera_msgs -- -j12 -l12
[1.384s] [  1%] Built target realsense2_camera_msgs__cpp
[1.384s] [ 12%] Built target realsense2_camera_msgs__rosidl_generator_c
[1.384s] [35m[1mConsolidate compiler generated dependencies of target realsense2_camera_msgs__rosidl_typesupport_cpp[0m
[1.384s] [35m[1mConsolidate compiler generated dependencies of target realsense2_camera_msgs__rosidl_typesupport_fastrtps_cpp[0m
[1.386s] [35m[1mConsolidate compiler generated dependencies of target realsense2_camera_msgs__rosidl_typesupport_introspection_cpp[0m
[1.386s] [35m[1mConsolidate compiler generated dependencies of target realsense2_camera_msgs__rosidl_typesupport_introspection_c[0m
[1.387s] [35m[1mConsolidate compiler generated dependencies of target realsense2_camera_msgs__rosidl_typesupport_fastrtps_c[0m
[1.390s] [ 23%] Built target realsense2_camera_msgs__rosidl_typesupport_cpp
[1.391s] [ 34%] Built target realsense2_camera_msgs__rosidl_typesupport_fastrtps_cpp
[1.391s] [ 56%] Built target realsense2_camera_msgs__rosidl_typesupport_introspection_cpp
[1.391s] [ 67%] Built target realsense2_camera_msgs__rosidl_typesupport_fastrtps_c
[1.391s] [ 56%] Built target realsense2_camera_msgs__rosidl_typesupport_introspection_c
[1.391s] failed to create symbolic link '/workspaces/isaac_ros-dev/build/realsense2_camera_msgs/ament_cmake_python/realsense2_camera_msgs/realsense2_camera_msgs' because existing path cannot be removed: Is a directory
[1.391s] make[2]: *** [CMakeFiles/ament_cmake_python_symlink_realsense2_camera_msgs.dir/build.make:70: CMakeFiles/ament_cmake_python_symlink_realsense2_camera_msgs] Error 1
[1.392s] make[1]: *** [CMakeFiles/Makefile2:421: CMakeFiles/ament_cmake_python_symlink_realsense2_camera_msgs.dir/all] Error 2
[1.392s] make[1]: *** Waiting for unfinished jobs....
[1.392s] make: *** [Makefile:146: all] Error 2
[1.420s] Invoked command in '/workspaces/isaac_ros-dev/build/realsense2_camera_msgs' returned '2': /usr/bin/cmake --build /workspaces/isaac_ros-dev/build/realsense2_camera_msgs -- -j12 -l12
