[1.285s] Invoking command in '/workspaces/isaac_ros-dev/build/slam_toolbox': /usr/bin/cmake /workspaces/isaac_ros-dev/src/slam_toolbox -DCMAKE_INSTALL_PREFIX=/workspaces/isaac_ros-dev/install/slam_toolbox
[1.314s] -- Found ament_cmake: 1.3.3 (/opt/ros/humble/install/share/ament_cmake/cmake)
[1.573s] -- Override CMake install command with custom implementation using symlinks instead of copying resources
[1.591s] -- Found message_filters: 4.3.2 (/opt/ros/humble/install/share/message_filters/cmake)
[1.671s] -- Found rosidl_generator_c: 3.1.4 (/opt/ros/humble/install/share/rosidl_generator_c/cmake)
[1.676s] -- Found rosidl_adapter: 3.1.4 (/opt/ros/humble/install/share/rosidl_adapter/cmake)
[1.690s] -- Found rosidl_generator_cpp: 3.1.4 (/opt/ros/humble/install/share/rosidl_generator_cpp/cmake)
[1.714s] -- Using all available rosidl_typesupport_c: rosidl_typesupport_fastrtps_c;rosidl_typesupport_introspection_c
[1.749s] -- Using all available rosidl_typesupport_cpp: rosidl_typesupport_fastrtps_cpp;rosidl_typesupport_introspection_cpp
[1.870s] -- Found rmw_implementation_cmake: 6.1.1 (/opt/ros/humble/install/share/rmw_implementation_cmake/cmake)
[1.873s] -- Found rmw_fastrtps_cpp: 6.2.2 (/opt/ros/humble/install/share/rmw_fastrtps_cpp/cmake)
[2.197s] -- Using RMW implementation 'rmw_fastrtps_cpp' as default
[2.536s] -- Found nav_msgs: 4.2.3 (/opt/ros/humble/install/share/nav_msgs/cmake)
[2.787s] -- Found sensor_msgs: 4.2.3 (/opt/ros/humble/install/share/sensor_msgs/cmake)
[2.932s] -- Found tf2: 0.25.2 (/opt/ros/humble/install/share/tf2/cmake)
[2.949s] -- Found tf2_ros: 0.25.2 (/opt/ros/humble/install/share/tf2_ros/cmake)
[3.591s] -- Found visualization_msgs: 4.2.3 (/opt/ros/humble/install/share/visualization_msgs/cmake)
[3.823s] -- Found pluginlib: 5.1.0 (/opt/ros/humble/install/share/pluginlib/cmake)
[3.865s] -- Found tf2_geometry_msgs: 0.25.2 (/opt/ros/humble/install/share/tf2_geometry_msgs/cmake)
[3.874s] -- Found eigen3_cmake_module: 0.1.1 (/opt/ros/humble/install/share/eigen3_cmake_module/cmake)
[3.877s] -- Ensuring Eigen3 include directory is part of orocos-kdl CMake target
[3.895s] -- Found tf2_sensor_msgs: 0.25.2 (/opt/ros/humble/install/share/tf2_sensor_msgs/cmake)
[3.933s] -- Found std_srvs: 4.2.3 (/opt/ros/humble/install/share/std_srvs/cmake)
[3.970s] -- Found rosidl_default_generators: 1.2.0 (/opt/ros/humble/install/share/rosidl_default_generators/cmake)
[3.988s] -- Found rviz_common: 11.2.5 (/opt/ros/humble/install/share/rviz_common/cmake)
[4.008s] -- library: libassimp.so.5
[4.009s] -- Setting OGRE_DIR to: '/opt/ros/humble/install/share/rviz_ogre_vendor/cmake/../../../opt/rviz_ogre_vendor/lib/OGRE/cmake'
[4.013s] -- Found OGRE
[4.013s] --   static     : OFF
[4.013s] --   components : HLMS;MeshLodGenerator;Overlay;Paging;Property;RTShaderSystem;Terrain;Volume
[4.014s] --   plugins    : Plugin_BSPSceneManager;Plugin_OctreeSceneManager;Plugin_PCZSceneManager;Plugin_ParticleFX;RenderSystem_GL;RenderSystem_GL3Plus;Codec_STBI;Codec_EXR
[4.014s] --   media      : /opt/ros/humble/install/opt/rviz_ogre_vendor/share/OGRE/Media
[4.014s] -- OGRE_LIBRARIES: OgreHLMS;OgreMeshLodGenerator;OgreOverlay;OgrePaging;OgreProperty;OgreRTShaderSystem;OgreTerrain;OgreVolume;OgreMain
[4.014s] -- OGRE_LIBRARY_DIRS: /opt/ros/humble/install/opt/rviz_ogre_vendor/lib
[4.014s] -- OGRE_PLUGINS: Plugin_BSPSceneManager;Plugin_OctreeSceneManager;Plugin_PCZSceneManager;Plugin_ParticleFX;RenderSystem_GL;RenderSystem_GL3Plus;Codec_STBI;Codec_EXR
[4.015s] -- OGRE_PLUGIN_DIR: /opt/ros/humble/install/opt/rviz_ogre_vendor/lib/OGRE
[4.015s] -- rviz_ogre_vendor::OgreOverlay for IMPORTED_LOCATION_RELEASE: /opt/ros/humble/install/opt/rviz_ogre_vendor/lib/libOgreOverlay.so
[4.015s] -- rviz_ogre_vendor::OgreOverlay for IMPORTED_LOCATION_DEBUG: /opt/ros/humble/install/opt/rviz_ogre_vendor/lib/libOgreOverlay.so
[4.015s] -- rviz_ogre_vendor::OgreMain for IMPORTED_LOCATION_RELEASE: /opt/ros/humble/install/opt/rviz_ogre_vendor/lib/libOgreMain.so
[4.015s] -- rviz_ogre_vendor::OgreMain for IMPORTED_LOCATION_DEBUG: /opt/ros/humble/install/opt/rviz_ogre_vendor/lib/libOgreMain.so
[4.018s] -- Could not find freeimage library
[4.105s] -- rviz_ogre_vendor::RenderSystem_GL for IMPORTED_LOCATION_RELEASE: _render_system_gl_static_library_abs-NOTFOUND
[4.105s] -- rviz_ogre_vendor::RenderSystem_GL for IMPORTED_LOCATION_DEBUG: _render_system_gl_static_library_abs-NOTFOUND
[4.190s] -- library: /usr/lib/aarch64-linux-gnu/libcurl.so
[4.309s] -- Found rviz_default_plugins: 11.2.5 (/opt/ros/humble/install/share/rviz_default_plugins/cmake)
[5.068s] -- Found installed version of Eigen: /usr/lib/cmake/eigen3
[5.072s] -- Found required Ceres dependency: Eigen version 3.3.7 in /usr/include/eigen3
[5.073s] -- Found required Ceres dependency: glog
[5.075s] -- Found installed version of gflags: /usr/lib/aarch64-linux-gnu/cmake/gflags
[5.075s] -- Detected gflags version: 2.2.2
[5.077s] -- Found required Ceres dependency: gflags
[5.078s] -- Found Ceres version: 1.14.0 installed in: /usr with components: [EigenSparse, SparseLinearAlgebraLibrary, LAPACK, SuiteSparse, CXSparse, SchurSpecializations, OpenMP, Multithreading]
[5.852s] -- Found ament_cmake_ros: 0.10.0 (/opt/ros/humble/install/share/ament_cmake_ros/cmake)
[6.749s] -- Using all available rosidl_typesupport_c: rosidl_typesupport_fastrtps_c;rosidl_typesupport_introspection_c
[7.116s] -- Using all available rosidl_typesupport_cpp: rosidl_typesupport_fastrtps_cpp;rosidl_typesupport_introspection_cpp
[7.182s] -- Found python_cmake_module: 0.10.0 (/opt/ros/humble/install/share/python_cmake_module/cmake)
[7.250s] -- Using PYTHON_EXECUTABLE: /usr/bin/python3
[7.251s] -- Using PYTHON_INCLUDE_DIRS: /usr/include/python3.8
[7.251s] -- Using PYTHON_LIBRARIES: /usr/lib/aarch64-linux-gnu/libpython3.8.so
[7.626s] -- Configuring done
[8.305s] -- Generating done
[8.321s] -- Build files have been written to: /workspaces/isaac_ros-dev/build/slam_toolbox
[8.394s] Invoked command in '/workspaces/isaac_ros-dev/build/slam_toolbox' returned '0': /usr/bin/cmake /workspaces/isaac_ros-dev/src/slam_toolbox -DCMAKE_INSTALL_PREFIX=/workspaces/isaac_ros-dev/install/slam_toolbox
[8.397s] Invoking command in '/workspaces/isaac_ros-dev/build/slam_toolbox': /usr/bin/cmake --build /workspaces/isaac_ros-dev/build/slam_toolbox -- -j12 -l12
[8.495s] [35m[1mConsolidate compiler generated dependencies of target kartoSlamToolbox[0m
[8.495s] [35m[1mConsolidate compiler generated dependencies of target slam_toolbox__rosidl_generator_c[0m
[8.500s] failed to create symbolic link '/workspaces/isaac_ros-dev/build/slam_toolbox/ament_cmake_python/slam_toolbox/slam_toolbox' because existing path cannot be removed: Is a directory
[8.501s] make[2]: *** [CMakeFiles/ament_cmake_python_symlink_slam_toolbox.dir/build.make:70: CMakeFiles/ament_cmake_python_symlink_slam_toolbox] Error 1
[8.501s] make[1]: *** [CMakeFiles/Makefile2:467: CMakeFiles/ament_cmake_python_symlink_slam_toolbox.dir/all] Error 2
[8.501s] make[1]: *** Waiting for unfinished jobs....
[8.522s] [  1%] Built target slam_toolbox__cpp
[8.527s] [ 10%] Built target slam_toolbox__rosidl_generator_c
[8.557s] [ 12%] Built target kartoSlamToolbox
[8.559s] make: *** [Makefile:146: all] Error 2
[8.608s] Invoked command in '/workspaces/isaac_ros-dev/build/slam_toolbox' returned '2': /usr/bin/cmake --build /workspaces/isaac_ros-dev/build/slam_toolbox -- -j12 -l12
