[0.453s] Invoking command in '/workspaces/isaac_ros-dev/build/cv_bridge': /usr/bin/cmake /workspaces/isaac_ros-dev/src/ros-perception/vision_opencv/cv_bridge -DAMENT_CMAKE_SYMLINK_INSTALL=1 -DCMAKE_INSTALL_PREFIX=/workspaces/isaac_ros-dev/install/cv_bridge
[1.694s] -- Found ament_cmake_ros: 0.10.0 (/opt/ros/humble/install/share/ament_cmake_ros/cmake)
[1.694s] -- Found Python3: /usr/bin/python3.8 (found version "3.8.10") found components: Interpreter 
[1.694s] -- Override CMake install command with custom implementation using symlinks instead of copying resources
[1.695s] -- Found Python3: /usr/include/python3.8 (found version "3.8.10") found components: Development NumPy Interpreter Development.Module Development.Embed 
[1.695s] -- Found rclcpp: 16.0.3 (/opt/ros/humble/install/share/rclcpp/cmake)
[1.695s] -- Found rosidl_generator_c: 3.1.4 (/opt/ros/humble/install/share/rosidl_generator_c/cmake)
[1.695s] -- Found rosidl_adapter: 3.1.4 (/opt/ros/humble/install/share/rosidl_adapter/cmake)
[1.695s] -- Found rosidl_generator_cpp: 3.1.4 (/opt/ros/humble/install/share/rosidl_generator_cpp/cmake)
[1.695s] -- Using all available rosidl_typesupport_c: rosidl_typesupport_fastrtps_c;rosidl_typesupport_introspection_c
[1.696s] -- Using all available rosidl_typesupport_cpp: rosidl_typesupport_fastrtps_cpp;rosidl_typesupport_introspection_cpp
[1.770s] -- Found rmw_implementation_cmake: 6.1.1 (/opt/ros/humble/install/share/rmw_implementation_cmake/cmake)
[1.775s] -- Found rmw_fastrtps_cpp: 6.2.2 (/opt/ros/humble/install/share/rmw_fastrtps_cpp/cmake)
[2.146s] -- Using RMW implementation 'rmw_fastrtps_cpp' as default
[2.486s] -- Found sensor_msgs: 4.2.3 (/opt/ros/humble/install/share/sensor_msgs/cmake)
[2.918s] -- Found ament_lint_auto: 0.12.5 (/opt/ros/humble/install/share/ament_lint_auto/cmake)
[3.069s] -- Found gtest sources under '/opt/ros/humble/install/src/gtest_vendor': C++ tests using 'Google Test' will be built
[8.135s] -- Configuring done
[8.200s] -- Generating done
[8.206s] -- Build files have been written to: /workspaces/isaac_ros-dev/build/cv_bridge
[8.939s] Invoked command in '/workspaces/isaac_ros-dev/build/cv_bridge' returned '0': /usr/bin/cmake /workspaces/isaac_ros-dev/src/ros-perception/vision_opencv/cv_bridge -DAMENT_CMAKE_SYMLINK_INSTALL=1 -DCMAKE_INSTALL_PREFIX=/workspaces/isaac_ros-dev/install/cv_bridge
[8.946s] Invoking command in '/workspaces/isaac_ros-dev/build/cv_bridge': /usr/bin/cmake --build /workspaces/isaac_ros-dev/build/cv_bridge -- -j12 -l12
[10.026s] [35m[1mConsolidate compiler generated dependencies of target gtest_main[0m
[10.027s] [35m[1mConsolidate compiler generated dependencies of target gtest[0m
[10.027s] [35m[1mConsolidate compiler generated dependencies of target cv_bridge[0m
[10.028s] [ 11%] Built target gtest_main
[10.028s] [ 22%] Built target gtest
[10.029s] [ 44%] Built target cv_bridge
[10.029s] failed to create symbolic link '/workspaces/isaac_ros-dev/build/cv_bridge/ament_cmake_python/cv_bridge/cv_bridge' because existing path cannot be removed: Is a directory
[10.030s] make[2]: *** [CMakeFiles/ament_cmake_python_symlink_cv_bridge.dir/build.make:70: CMakeFiles/ament_cmake_python_symlink_cv_bridge] Error 1
[10.030s] make[1]: *** [CMakeFiles/Makefile2:193: CMakeFiles/ament_cmake_python_symlink_cv_bridge.dir/all] Error 2
[10.035s] make[1]: *** Waiting for unfinished jobs....
[10.036s] make: *** [Makefile:146: all] Error 2
[10.082s] Invoked command in '/workspaces/isaac_ros-dev/build/cv_bridge' returned '2': /usr/bin/cmake --build /workspaces/isaac_ros-dev/build/cv_bridge -- -j12 -l12
