[  0%] Built target robot_localization__cpp
[  2%] Built target gtest_main
[  4%] Built target gtest
[ 12%] Built target robot_localization__rosidl_generator_c
[ 12%] Built target ament_cmake_python_copy_robot_localization
[ 26%] Built target robot_localization__rosidl_typesupport_cpp
[ 26%] Built target robot_localization__rosidl_typesupport_introspection_cpp
[ 37%] Built target robot_localization__rosidl_typesupport_fastrtps_cpp
[ 40%] Built target robot_localization__rosidl_typesupport_c
[ 47%] Built target robot_localization__rosidl_typesupport_introspection_c
[ 54%] Built target robot_localization__rosidl_typesupport_fastrtps_c
[35m[1mConsolidate compiler generated dependencies of target rl_lib[0m
[ 54%] Built target robot_localization
[ 55%] Built target robot_localization__py
[ 56%] [32mBuilding CXX object CMakeFiles/rl_lib.dir/src/navsat_transform.cpp.o[0m
[ 62%] Built target robot_localization__rosidl_generator_py
[ 64%] Built target robot_localization__rosidl_typesupport_fastrtps_c__pyext
[ 68%] Built target robot_localization__rosidl_typesupport_introspection_c__pyext
[ 68%] Built target robot_localization__rosidl_typesupport_c__pyext
running egg_info
writing robot_localization.egg-info/PKG-INFO
writing dependency_links to robot_localization.egg-info/dependency_links.txt
writing top-level names to robot_localization.egg-info/top_level.txt
In file included from [01m[K/workspaces/isaac_ros-dev/src/robot_localization/src/navsat_transform.cpp:32[m[K:
[01m[K/workspaces/isaac_ros-dev/src/robot_localization/include/robot_localization/navsat_transform.hpp:39:10:[m[K [01;31m[Kfatal error: [m[KGeographicLib/LocalCartesian.hpp: No such file or directory
   39 | #include [01;31m[K"GeographicLib/LocalCartesian.hpp"[m[K
      |          [01;31m[K^~~~~~~~~~~~~~~~~~~~~~~~~~~~~~~~~~[m[K
compilation terminated.
make[2]: *** [CMakeFiles/rl_lib.dir/build.make:132: CMakeFiles/rl_lib.dir/src/navsat_transform.cpp.o] Error 1
make[1]: *** [CMakeFiles/Makefile2:638: CMakeFiles/rl_lib.dir/all] Error 2
make[1]: *** Waiting for unfinished jobs....
reading manifest file 'robot_localization.egg-info/SOURCES.txt'
writing manifest file 'robot_localization.egg-info/SOURCES.txt'
make: *** [Makefile:146: all] Error 2
[ 68%] Built target ament_cmake_python_build_robot_localization_egg
