[ 22%] Built target gtest_main
[ 22%] Built target gtest
[ 44%] Built target cv_bridge
failed to create symbolic link '/workspaces/isaac_ros-dev/build/cv_bridge/ament_cmake_python/cv_bridge/cv_bridge' because existing path cannot be removed: Is a directory
make[2]: *** [CMakeFiles/ament_cmake_python_symlink_cv_bridge.dir/build.make:70: CMakeFiles/ament_cmake_python_symlink_cv_bridge] Error 1
make[1]: *** [CMakeFiles/Makefile2:193: CMakeFiles/ament_cmake_python_symlink_cv_bridge.dir/all] Error 2
make[1]: *** Waiting for unfinished jobs....
make: *** [Makefile:146: all] Error 2
