[0.233s] Invoking command in '/workspaces/isaac_ros-dev/build/image_geometry': /usr/bin/cmake /workspaces/isaac_ros-dev/src/ros-perception/vision_opencv/image_geometry -DAMENT_CMAKE_SYMLINK_INSTALL=1 -DCMAKE_INSTALL_PREFIX=/workspaces/isaac_ros-dev/install/image_geometry
[0.323s] -- Found ament_cmake_python: 1.3.3 (/opt/ros/humble/install/share/ament_cmake_python/cmake)
[0.324s] -- Found ament_cmake_ros: 0.10.0 (/opt/ros/humble/install/share/ament_cmake_ros/cmake)
[0.549s] -- Override CMake install command with custom implementation using symlinks instead of copying resources
[0.721s] -- Found sensor_msgs: 4.2.3 (/opt/ros/humble/install/share/sensor_msgs/cmake)
[0.782s] -- Found rosidl_generator_c: 3.1.4 (/opt/ros/humble/install/share/rosidl_generator_c/cmake)
[0.787s] -- Found rosidl_adapter: 3.1.4 (/opt/ros/humble/install/share/rosidl_adapter/cmake)
[0.800s] -- Found rosidl_generator_cpp: 3.1.4 (/opt/ros/humble/install/share/rosidl_generator_cpp/cmake)
[0.825s] -- Using all available rosidl_typesupport_c: rosidl_typesupport_fastrtps_c;rosidl_typesupport_introspection_c
[0.859s] -- Using all available rosidl_typesupport_cpp: rosidl_typesupport_fastrtps_cpp;rosidl_typesupport_introspection_cpp
[1.253s] -- Found gtest sources under '/opt/ros/humble/install/src/gtest_vendor': C++ tests using 'Google Test' will be built
[1.402s] -- Configuring done
[1.442s] -- Generating done
[1.462s] -- Build files have been written to: /workspaces/isaac_ros-dev/build/image_geometry
[1.772s] Invoked command in '/workspaces/isaac_ros-dev/build/image_geometry' returned '0': /usr/bin/cmake /workspaces/isaac_ros-dev/src/ros-perception/vision_opencv/image_geometry -DAMENT_CMAKE_SYMLINK_INSTALL=1 -DCMAKE_INSTALL_PREFIX=/workspaces/isaac_ros-dev/install/image_geometry
[1.779s] Invoking command in '/workspaces/isaac_ros-dev/build/image_geometry': /usr/bin/cmake --build /workspaces/isaac_ros-dev/build/image_geometry -- -j12 -l12
[1.856s] [35m[1mConsolidate compiler generated dependencies of target gtest[0m
[1.856s] [35m[1mConsolidate compiler generated dependencies of target gtest_main[0m
[1.856s] [35m[1mConsolidate compiler generated dependencies of target image_geometry[0m
[1.856s] failed to create symbolic link '/workspaces/isaac_ros-dev/build/image_geometry/ament_cmake_python/image_geometry/image_geometry' because existing path cannot be removed: Is a directory
[1.857s] make[2]: *** [CMakeFiles/ament_cmake_python_symlink_image_geometry.dir/build.make:70: CMakeFiles/ament_cmake_python_symlink_image_geometry] Error 1
[1.857s] make[1]: *** [CMakeFiles/Makefile2:160: CMakeFiles/ament_cmake_python_symlink_image_geometry.dir/all] Error 2
[1.857s] make[1]: *** Waiting for unfinished jobs....
[1.870s] [ 22%] Built target gtest_main
[1.873s] [ 44%] Built target gtest
[1.874s] [ 77%] Built target image_geometry
[1.874s] make: *** [Makefile:146: all] Error 2
[1.982s] Invoked command in '/workspaces/isaac_ros-dev/build/image_geometry' returned '2': /usr/bin/cmake --build /workspaces/isaac_ros-dev/build/image_geometry -- -j12 -l12
