[01m[K/avlcode/workspaces/isaac_ros-dev/src/data_logger/src/data_logger_node2.cpp:206:2:[m[K [01;31m[Kerror: [m[Kexpected â€˜[01m[K;[m[Kâ€™ after class definition
  206 | }
      |  [01;31m[K^[m[K
      |  [32m[K;[m[K
[01m[K/avlcode/workspaces/isaac_ros-dev/src/data_logger/src/data_logger_node2.cpp:[m[K In constructor â€˜[01m[KDataLogger::DataLogger()[m[Kâ€™:
[01m[K/avlcode/workspaces/isaac_ros-dev/src/data_logger/src/data_logger_node2.cpp:28:47:[m[K [01;31m[Kerror: [m[Kexpected identifier before â€˜[01m[K{[m[Kâ€™ token
   28 |             m_log_count(0), m_image_count(0), [01;31m[K{[m[K
      |                                               [01;31m[K^[m[K
[01m[K/avlcode/workspaces/isaac_ros-dev/src/data_logger/src/data_logger_node2.cpp:47:22:[m[K [01;35m[Kwarning: [m[Kunused variable â€˜[01m[Kentry[m[Kâ€™ [[01;35m[K-Wunused-variable[m[K]
   47 |     for (const auto &[01;35m[Kentry[m[K : fs::directory_iterator(m_drive)) {
      |                      [01;35m[K^~~~~[m[K
[01m[K/avlcode/workspaces/isaac_ros-dev/src/data_logger/src/data_logger_node2.cpp:63:22:[m[K [01;35m[Kwarning: [m[Kunused variable â€˜[01m[Kentry[m[Kâ€™ [[01;35m[K-Wunused-variable[m[K]
   63 |     for (const auto &[01;35m[Kentry[m[K : fs::directory_iterator(m_image_drive)) {
      |                      [01;35m[K^~~~~[m[K
[01m[K/avlcode/workspaces/isaac_ros-dev/src/data_logger/src/data_logger_node2.cpp:98:53:[m[K [01;31m[Kerror: [m[Kâ€˜[01m[KApproximateTime[m[Kâ€™ in namespace â€˜[01m[Kmessage_filters::sync_policies[m[Kâ€™ does not name a template type
   98 |             typedef message_filters::sync_policies::[01;31m[KApproximateTime[m[K<sensor_msgs::msg::Image, sensor_msgs::msgs::Image,
      |                                                     [01;31m[K^~~~~~~~~~~~~~~[m[K
[01m[K/avlcode/workspaces/isaac_ros-dev/src/data_logger/src/data_logger_node2.cpp:101:47:[m[K [01;31m[Kerror: [m[Kâ€˜[01m[Kapproximate_policy[m[Kâ€™ was not declared in this scope
  101 |             message_filters::TimeSynchronizer<[01;31m[Kapproximate_policy[m[K>syncApproximate(
      |                                               [01;31m[K^~~~~~~~~~~~~~~~~~[m[K
[01m[K/avlcode/workspaces/isaac_ros-dev/src/data_logger/src/data_logger_node2.cpp:101:65:[m[K [01;31m[Kerror: [m[Kwrong number of template arguments (1, should be at least 2)
  101 |             message_filters::TimeSynchronizer<approximate_policy[01;31m[K>[m[KsyncApproximate(
      |                                                                 [01;31m[K^[m[K
In file included from [01m[K/avlcode/workspaces/isaac_ros-dev/src/data_logger/src/data_logger_node2.cpp:13[m[K:
[01m[K/opt/ros/humble/install/include/message_filters/message_filters/time_synchronizer.h:83:7:[m[K [01;36m[Knote: [m[Kprovided for â€˜[01m[Ktemplate<class M0, class M1, class M2, class M3, class M4, class M5, class M6, class M7, class M8> class message_filters::TimeSynchronizer[m[Kâ€™
   83 | class [01;36m[KTimeSynchronizer[m[K : public Synchronizer<sync_policies::ExactTime<M0, M1, M2, M3, M4, M5, M6, M7, M8> >
      |       [01;36m[K^~~~~~~~~~~~~~~~[m[K
[01m[K/avlcode/workspaces/isaac_ros-dev/src/data_logger/src/data_logger_node2.cpp:102:104:[m[K [01;31m[Kerror: [m[Kexpression list treated as compound expression in initializer [[01;31m[K-fpermissive[m[K]
  102 |                 approximate_policy(1, 0), m_front_camera, m_left_camera, m_right_camera, m_steering_msg[01;31m[K)[m[K;
      |                                                                                                        [01;31m[K^[m[K
[01m[K/avlcode/workspaces/isaac_ros-dev/src/data_logger/src/data_logger_node2.cpp:104:29:[m[K [01;31m[Kerror: [m[Krequest for member â€˜[01m[KsetMaxIntervalDuration[m[Kâ€™ in â€˜[01m[KsyncApproximate[m[Kâ€™, which is of non-class type â€˜[01m[Kint[m[Kâ€™
  104 |             syncApproximate.[01;31m[KsetMaxIntervalDuration[m[K(rclcpp::Duration(3, 0));
      |                             [01;31m[K^~~~~~~~~~~~~~~~~~~~~~[m[K
[01m[K/avlcode/workspaces/isaac_ros-dev/src/data_logger/src/data_logger_node2.cpp:105:29:[m[K [01;31m[Kerror: [m[Krequest for member â€˜[01m[KregisterCallback[m[Kâ€™ in â€˜[01m[KsyncApproximate[m[Kâ€™, which is of non-class type â€˜[01m[Kint[m[Kâ€™
  105 |             syncApproximate.[01;31m[KregisterCallback[m[K(&DataLogger::camera_sync_callback, this);
      |                             [01;31m[K^~~~~~~~~~~~~~~~[m[K
make[2]: *** [CMakeFiles/data_logger_node2.dir/build.make:76: CMakeFiles/data_logger_node2.dir/src/data_logger_node2.cpp.o] Error 1
make[1]: *** [CMakeFiles/Makefile2:137: CMakeFiles/data_logger_node2.dir/all] Error 2
make: *** [Makefile:146: all] Error 2
