[0.041s] Invoking command in '/avlcode/workspaces/isaac_ros-dev/build/data_logger': AMENT_PREFIX_PATH=/avlcode/workspaces/isaac_ros-dev/install/image_transport CMAKE_PREFIX_PATH=/avlcode/workspaces/isaac_ros-dev/install/image_transport:/avlcode/workspaces/isaac_ros-dev/install/cv_bridge LD_LIBRARY_PATH=/avlcode/workspaces/isaac_ros-dev/install/image_transport/lib:/avlcode/workspaces/isaac_ros-dev/install/cv_bridge/lib PYTHONPATH=/avlcode/workspaces/isaac_ros-dev/install/cv_bridge/lib/python3.8/site-packages /usr/bin/cmake --build /avlcode/workspaces/isaac_ros-dev/build/data_logger -- -j12 -l12
[0.092s] [35m[1mConsolidate compiler generated dependencies of target data_logger_node2[0m
[0.125s] [ 50%] [32mBuilding CXX object CMakeFiles/data_logger_node2.dir/src/data_logger_node2.cpp.o[0m
[10.367s] [01m[K/avlcode/workspaces/isaac_ros-dev/src/data_logger/src/data_logger_node2.cpp:25:30:[m[K [01;35m[Kwarning: [m[Kextra â€˜[01m[K;[m[Kâ€™ [[01;35m[K-Wpedantic[m[K]
[10.368s]    25 | using std::placeholders::_1; [01;35m[K;[m[K
[10.368s]       |                              [01;35m[K^[m[K
[10.909s] [01m[K/avlcode/workspaces/isaac_ros-dev/src/data_logger/src/data_logger_node2.cpp:[m[K In constructor â€˜[01m[KDataLogger::DataLogger()[m[Kâ€™:
[10.910s] [01m[K/avlcode/workspaces/isaac_ros-dev/src/data_logger/src/data_logger_node2.cpp:50:22:[m[K [01;35m[Kwarning: [m[Kunused variable â€˜[01m[Kentry[m[Kâ€™ [[01;35m[K-Wunused-variable[m[K]
[10.910s]    50 |     for (const auto &[01;35m[Kentry[m[K : fs::directory_iterator(m_drive)) {
[10.910s]       |                      [01;35m[K^~~~~[m[K
[10.911s] [01m[K/avlcode/workspaces/isaac_ros-dev/src/data_logger/src/data_logger_node2.cpp:66:22:[m[K [01;35m[Kwarning: [m[Kunused variable â€˜[01m[Kentry[m[Kâ€™ [[01;35m[K-Wunused-variable[m[K]
[10.911s]    66 |     for (const auto &[01;35m[Kentry[m[K : fs::directory_iterator(m_image_drive)) {
[10.911s]       |                      [01;35m[K^~~~~[m[K
[10.928s] [01m[K/avlcode/workspaces/isaac_ros-dev/src/data_logger/src/data_logger_node2.cpp:108:114:[m[K [01;31m[Kerror: [m[Kno matching function for call to â€˜[01m[Kmessage_filters::Synchronizer<message_filters::sync_policies::ApproximateTime<sensor_msgs::msg::Image_<std::allocator<void> >, sensor_msgs::msg::Image_<std::allocator<void> >, sensor_msgs::msg::Image_<std::allocator<void> >, geometry_msgs::msg::Twist_<std::allocator<void> > > >::add(DataLogger::m_approximate_policy, message_filters::Subscriber<sensor_msgs::msg::Image_<std::allocator<void> > >&, message_filters::Subscriber<sensor_msgs::msg::Image_<std::allocator<void> > >&, message_filters::Subscriber<sensor_msgs::msg::Image_<std::allocator<void> > >&, message_filters::Subscriber<geometry_msgs::msg::Twist_<std::allocator<void> > >&)[m[Kâ€™
[10.928s]   108 |    m_sync_approximate.add(m_approximate_policy(10), m_front_camera, m_left_camera, m_right_camera, m_steering_msg[01;31m[K)[m[K;
[10.928s]       |                                                                                                                  [01;31m[K^[m[K
[10.929s] In file included from [01m[K/opt/ros/humble/install/include/message_filters/message_filters/time_synchronizer.h:41[m[K,
[10.929s]                  from [01m[K/avlcode/workspaces/isaac_ros-dev/src/data_logger/src/data_logger_node2.cpp:14[m[K:
[10.929s] [01m[K/opt/ros/humble/install/include/message_filters/message_filters/synchronizer.h:328:8:[m[K [01;36m[Knote: [m[Kcandidate: â€˜[01m[Ktemplate<int i> void message_filters::Synchronizer<Policy>::add(const std::shared_ptr<const typename std::tuple_element<i, typename Policy::Messages>::type>&) [with int i = i; Policy = message_filters::sync_policies::ApproximateTime<sensor_msgs::msg::Image_<std::allocator<void> >, sensor_msgs::msg::Image_<std::allocator<void> >, sensor_msgs::msg::Image_<std::allocator<void> >, geometry_msgs::msg::Twist_<std::allocator<void> > >][m[Kâ€™
[10.929s]   328 |   void [01;36m[Kadd[m[K(const std::shared_ptr<typename std::tuple_element<i, Messages>::type const>& msg)
[10.930s]       |        [01;36m[K^~~[m[K
[10.930s] [01m[K/opt/ros/humble/install/include/message_filters/message_filters/synchronizer.h:328:8:[m[K [01;36m[Knote: [m[K  template argument deduction/substitution failed:
[10.930s] [01m[K/avlcode/workspaces/isaac_ros-dev/src/data_logger/src/data_logger_node2.cpp:108:114:[m[K [01;36m[Knote: [m[K  candidate expects 1 argument, 5 provided
[10.930s]   108 |    m_sync_approximate.add(m_approximate_policy(10), m_front_camera, m_left_camera, m_right_camera, m_steering_msg[01;36m[K)[m[K;
[10.930s]       |                                                                                                                  [01;36m[K^[m[K
[10.930s] In file included from [01m[K/avlcode/workspaces/isaac_ros-dev/src/data_logger/src/data_logger_node2.cpp:15[m[K:
[10.931s] [01m[K/opt/ros/humble/install/include/message_filters/message_filters/sync_policies/approximate_time.h:210:8:[m[K [01;36m[Knote: [m[Kcandidate: â€˜[01m[Ktemplate<int i> void message_filters::sync_policies::ApproximateTime<M0, M1, M2, M3, M4, M5, M6, M7, M8>::add(const typename std::tuple_element<i, typename message_filters::PolicyBase<M0, M1, M2, M3, M4, M5, M6, M7, M8>::Events>::type&) [with int i = i; M0 = sensor_msgs::msg::Image_<std::allocator<void> >; M1 = sensor_msgs::msg::Image_<std::allocator<void> >; M2 = sensor_msgs::msg::Image_<std::allocator<void> >; M3 = geometry_msgs::msg::Twist_<std::allocator<void> >; M4 = message_filters::NullType; M5 = message_filters::NullType; M6 = message_filters::NullType; M7 = message_filters::NullType; M8 = message_filters::NullType][m[Kâ€™
[10.931s]   210 |   void [01;36m[Kadd[m[K(const typename std::tuple_element<i, Events>::type& evt)
[10.931s]       |        [01;36m[K^~~[m[K
[10.931s] [01m[K/opt/ros/humble/install/include/message_filters/message_filters/sync_policies/approximate_time.h:210:8:[m[K [01;36m[Knote: [m[K  template argument deduction/substitution failed:
[10.931s] [01m[K/avlcode/workspaces/isaac_ros-dev/src/data_logger/src/data_logger_node2.cpp:108:114:[m[K [01;36m[Knote: [m[K  candidate expects 1 argument, 5 provided
[10.931s]   108 |    m_sync_approximate.add(m_approximate_policy(10), m_front_camera, m_left_camera, m_right_camera, m_steering_msg[01;36m[K)[m[K;
[10.931s]       |                                                                                                                  [01;36m[K^[m[K
[11.613s] In file included from [01m[K/opt/ros/humble/install/include/message_filters/message_filters/time_synchronizer.h:41[m[K,
[11.613s]                  from [01m[K/avlcode/workspaces/isaac_ros-dev/src/data_logger/src/data_logger_node2.cpp:14[m[K:
[11.613s] /opt/ros/humble/install/include/message_filters/message_filters/synchronizer.h: In instantiation of â€˜[01m[Kmessage_filters::Synchronizer<Policy>::Synchronizer() [with Policy = message_filters::sync_policies::ApproximateTime<sensor_msgs::msg::Image_<std::allocator<void> >, sensor_msgs::msg::Image_<std::allocator<void> >, sensor_msgs::msg::Image_<std::allocator<void> >, geometry_msgs::msg::Twist_<std::allocator<void> > >][m[Kâ€™:
[11.613s] [01m[K/avlcode/workspaces/isaac_ros-dev/src/data_logger/src/data_logger_node2.cpp:31:44:[m[K   required from here
[11.614s] [01m[K/opt/ros/humble/install/include/message_filters/message_filters/synchronizer.h:140:3:[m[K [01;31m[Kerror: [m[Kno matching function for call to â€˜[01m[Kmessage_filters::sync_policies::ApproximateTime<sensor_msgs::msg::Image_<std::allocator<void> >, sensor_msgs::msg::Image_<std::allocator<void> >, sensor_msgs::msg::Image_<std::allocator<void> >, geometry_msgs::msg::Twist_<std::allocator<void> > >::ApproximateTime()[m[Kâ€™
[11.614s]   140 |   [01;31m[K{[m[K
[11.614s]       |   [01;31m[K^[m[K
[11.614s] In file included from [01m[K/avlcode/workspaces/isaac_ros-dev/src/data_logger/src/data_logger_node2.cpp:15[m[K:
[11.614s] [01m[K/opt/ros/humble/install/include/message_filters/message_filters/sync_policies/approximate_time.h:130:3:[m[K [01;36m[Knote: [m[Kcandidate: â€˜[01m[Kmessage_filters::sync_policies::ApproximateTime<M0, M1, M2, M3, M4, M5, M6, M7, M8>::ApproximateTime(const message_filters::sync_policies::ApproximateTime<M0, M1, M2, M3, M4, M5, M6, M7, M8>&) [with M0 = sensor_msgs::msg::Image_<std::allocator<void> >; M1 = sensor_msgs::msg::Image_<std::allocator<void> >; M2 = sensor_msgs::msg::Image_<std::allocator<void> >; M3 = geometry_msgs::msg::Twist_<std::allocator<void> >; M4 = message_filters::NullType; M5 = message_filters::NullType; M6 = message_filters::NullType; M7 = message_filters::NullType; M8 = message_filters::NullType][m[Kâ€™
[11.614s]   130 |   [01;36m[KApproximateTime[m[K(const ApproximateTime& e)
[11.614s]       |   [01;36m[K^~~~~~~~~~~~~~~[m[K
[11.615s] [01m[K/opt/ros/humble/install/include/message_filters/message_filters/sync_policies/approximate_time.h:130:3:[m[K [01;36m[Knote: [m[K  candidate expects 1 argument, 0 provided
[11.615s] In file included from [01m[K/avlcode/workspaces/isaac_ros-dev/src/data_logger/src/data_logger_node2.cpp:15[m[K:
[11.615s] [01m[K/opt/ros/humble/install/include/message_filters/message_filters/sync_policies/approximate_time.h:116:3:[m[K [01;36m[Knote: [m[Kcandidate: â€˜[01m[Kmessage_filters::sync_policies::ApproximateTime<M0, M1, M2, M3, M4, M5, M6, M7, M8>::ApproximateTime(uint32_t) [with M0 = sensor_msgs::msg::Image_<std::allocator<void> >; M1 = sensor_msgs::msg::Image_<std::allocator<void> >; M2 = sensor_msgs::msg::Image_<std::allocator<void> >; M3 = geometry_msgs::msg::Twist_<std::allocator<void> >; M4 = message_filters::NullType; M5 = message_filters::NullType; M6 = message_filters::NullType; M7 = message_filters::NullType; M8 = message_filters::NullType; uint32_t = unsigned int][m[Kâ€™
[11.615s]   116 |   [01;36m[KApproximateTime[m[K(uint32_t queue_size)
[11.615s]       |   [01;36m[K^~~~~~~~~~~~~~~[m[K
[11.615s] [01m[K/opt/ros/humble/install/include/message_filters/message_filters/sync_policies/approximate_time.h:116:3:[m[K [01;36m[Knote: [m[K  candidate expects 1 argument, 0 provided
[21.999s] make[2]: *** [CMakeFiles/data_logger_node2.dir/build.make:76: CMakeFiles/data_logger_node2.dir/src/data_logger_node2.cpp.o] Error 1
[22.000s] make[1]: *** [CMakeFiles/Makefile2:137: CMakeFiles/data_logger_node2.dir/all] Error 2
[22.001s] make: *** [Makefile:146: all] Error 2
[22.004s] Invoked command in '/avlcode/workspaces/isaac_ros-dev/build/data_logger' returned '2': AMENT_PREFIX_PATH=/avlcode/workspaces/isaac_ros-dev/install/image_transport CMAKE_PREFIX_PATH=/avlcode/workspaces/isaac_ros-dev/install/image_transport:/avlcode/workspaces/isaac_ros-dev/install/cv_bridge LD_LIBRARY_PATH=/avlcode/workspaces/isaac_ros-dev/install/image_transport/lib:/avlcode/workspaces/isaac_ros-dev/install/cv_bridge/lib PYTHONPATH=/avlcode/workspaces/isaac_ros-dev/install/cv_bridge/lib/python3.8/site-packages /usr/bin/cmake --build /avlcode/workspaces/isaac_ros-dev/build/data_logger -- -j12 -l12
