make[2]: *** [tests/CMakeFiles/test_esdf_integrator.dir/build.make:120: tests/CMakeFiles/test_esdf_integrator.dir/depend] Interrupt
make[2]: *** [tests/CMakeFiles/test_unified_vector.dir/build.make:120: tests/CMakeFiles/test_unified_vector.dir/depend] Interrupt
make[1]: *** wait: No child processes.  Stop.
make[1]: *** Waiting for unfinished jobs....
make[1]: *** wait: No child processes.  Stop.
make[2]: *** [tests/CMakeFiles/test_tsdf_integrator_cuda_components.dir/build.make:120: tests/CMakeFiles/test_tsdf_integrator_cuda_components.dir/depend] Interrupt
make[1]: *** [CMakeFiles/Makefile2:1856: tests/CMakeFiles/test_color_image.dir/all] Interrupt
make[1]: *** [CMakeFiles/Makefile2:1887: tests/CMakeFiles/test_color_integrator.dir/all] Interrupt
make[1]: *** [CMakeFiles/Makefile2:1918: tests/CMakeFiles/test_mesh_coloring.dir/all] Interrupt
make[1]: *** [CMakeFiles/Makefile2:1949: tests/CMakeFiles/test_for_memory_leaks.dir/all] Interrupt
make[1]: *** [CMakeFiles/Makefile2:1980: tests/CMakeFiles/test_frustum.dir/all] Error 2
make[1]: *** [CMakeFiles/Makefile2:1825: tests/CMakeFiles/test_esdf_integrator.dir/all] Interrupt
make[1]: *** [CMakeFiles/Makefile2:1794: tests/CMakeFiles/test_unified_vector.dir/all] Interrupt
make[1]: *** [CMakeFiles/Makefile2:1763: tests/CMakeFiles/test_tsdf_integrator_cuda_components.dir/all] Interrupt
make: *** [Makefile:146: all] Interrupt
