make[2]: *** [tests/CMakeFiles/test_esdf_integrator.dir/build.make:120: tests/CMakeFiles/test_esdf_integrator.dir/depend] Interrupt
make[2]: *** [tests/CMakeFiles/test_unified_vector.dir/build.make:120: tests/CMakeFiles/test_unified_vector.dir/depend] Interrupt
make[1]: *** wait: No child processes.  Stop.
make[1]: *** Waiting for unfinished jobs....
make[1]: *** wait: No child processes.  Stop.
make[2]: *** [tests/CMakeFiles/test_tsdf_integrator_cuda_components.dir/build.make:120: tests/CMakeFiles/test_tsdf_integrator_cuda_components.dir/depend] Interrupt
make[1]: *** [CMakeFiles/Makefile2:1856: tests/CMakeFiles/test_color_image.dir/all] Interrupt
make[1]: *** [CMakeFiles/Makefile2:1887: tests/CMakeFiles/test_color_integrator.dir/all] Interrupt
make[1]: *** [CMakeFiles/Makefile2:1918: tests/CMakeFiles/test_mesh_coloring.dir/all] Interrupt
make[1]: *** [CMakeFiles/Makefile2:1949: tests/CMakeFiles/test_for_memory_leaks.dir/all] Interrupt
make[1]: *** [CMakeFiles/Makefile2:1980: tests/CMakeFiles/test_frustum.dir/all] Error 2
make[1]: *** [CMakeFiles/Makefile2:1825: tests/CMakeFiles/test_esdf_integrator.dir/all] Interrupt
make[1]: *** [CMakeFiles/Makefile2:1794: tests/CMakeFiles/test_unified_vector.dir/all] Interrupt
make[1]: *** [CMakeFiles/Makefile2:1763: tests/CMakeFiles/test_tsdf_integrator_cuda_components.dir/all] Interrupt
make: *** [Makefile:146: all] Interrupt
[  5%] Built target ext_eigen
[  7%] Built target stdgpu
[ 11%] Built target nvblox_gpu_hash
[ 34%] Built target nvblox_lib
[ 37%] Built target sphere_benchmark
[ 40%] Built target nvblox_datasets
[ 41%] Built target load_map_and_mesh
[ 42%] Built target esdf_query
[ 43%] Built target fuse_3dmatch
[ 45%] Built target fuse_replica
[ 47%] Built target fuse_redwood
[ 48%] Built target test_bench
[ 58%] Built target nvblox_test_utils
[ 59%] Built target test_camera
[ 60%] Built target test_indexing
[ 61%] Built target test_tsdf_integrator
[ 65%] Built target test_3dmatch
[ 65%] Built target test_3d_interpolation
[ 65%] Built target test_layer
[ 66%] Built target test_mesh
[ 69%] Built target test_unified_ptr
[ 69%] Built target test_scene
[ 70%] Built target test_depth_image
