[0.290s] Invoking command in '/workspaces/isaac_ros-dev/build/nvblox': /usr/bin/cmake --build /workspaces/isaac_ros-dev/build/nvblox -- -j12 -l12
[1.206s] make[2]: *** [tests/CMakeFiles/test_esdf_integrator.dir/build.make:120: tests/CMakeFiles/test_esdf_integrator.dir/depend] Interrupt
[1.207s] make[2]: *** [tests/CMakeFiles/test_unified_vector.dir/build.make:120: tests/CMakeFiles/test_unified_vector.dir/depend] Interrupt
[1.207s] make[1]: *** wait: No child processes.  Stop.
[1.207s] make[1]: *** Waiting for unfinished jobs....
[1.207s] make[1]: *** wait: No child processes.  Stop.
[1.207s] make[2]: *** [tests/CMakeFiles/test_tsdf_integrator_cuda_components.dir/build.make:120: tests/CMakeFiles/test_tsdf_integrator_cuda_components.dir/depend] Interrupt
[1.207s] make[1]: *** [CMakeFiles/Makefile2:1856: tests/CMakeFiles/test_color_image.dir/all] Interrupt
[1.207s] make[1]: *** [CMakeFiles/Makefile2:1887: tests/CMakeFiles/test_color_integrator.dir/all] Interrupt
[1.207s] make[1]: *** [CMakeFiles/Makefile2:1918: tests/CMakeFiles/test_mesh_coloring.dir/all] Interrupt
[1.207s] make[1]: *** [CMakeFiles/Makefile2:1949: tests/CMakeFiles/test_for_memory_leaks.dir/all] Interrupt
[1.208s] make[1]: *** [CMakeFiles/Makefile2:1980: tests/CMakeFiles/test_frustum.dir/all] Error 2
[1.208s] make[1]: *** [CMakeFiles/Makefile2:1825: tests/CMakeFiles/test_esdf_integrator.dir/all] Interrupt
[1.208s] make[1]: *** [CMakeFiles/Makefile2:1794: tests/CMakeFiles/test_unified_vector.dir/all] Interrupt
[1.208s] make[1]: *** [CMakeFiles/Makefile2:1763: tests/CMakeFiles/test_tsdf_integrator_cuda_components.dir/all] Interrupt
[1.208s] make: *** [Makefile:146: all] Interrupt
[1.208s] [  5%] Built target ext_eigen
[1.208s] [  7%] Built target stdgpu
[1.209s] [ 11%] Built target nvblox_gpu_hash
[1.209s] [ 34%] Built target nvblox_lib
[1.209s] [ 37%] Built target sphere_benchmark
[1.209s] [ 40%] Built target nvblox_datasets
[1.209s] [ 41%] Built target load_map_and_mesh
[1.209s] [ 42%] Built target esdf_query
[1.209s] [ 43%] Built target fuse_3dmatch
[1.209s] [ 45%] Built target fuse_replica
[1.210s] [ 47%] Built target fuse_redwood
[1.210s] [ 48%] Built target test_bench
[1.210s] [ 58%] Built target nvblox_test_utils
[1.210s] [ 59%] Built target test_camera
[1.210s] [ 60%] Built target test_indexing
[1.210s] [ 61%] Built target test_tsdf_integrator
[1.210s] [ 65%] Built target test_3dmatch
[1.210s] [ 65%] Built target test_3d_interpolation
[1.211s] [ 65%] Built target test_layer
[1.211s] [ 66%] Built target test_mesh
[1.211s] [ 69%] Built target test_unified_ptr
[1.211s] [ 69%] Built target test_scene
[1.211s] [ 70%] Built target test_depth_image
