-- robot_localization: You did not request a specific build type: selecting 'RelWithDebInfo'.
-- Found ament_cmake: 1.3.3 (/opt/ros/humble/install/share/ament_cmake/cmake)
-- Found angles: 1.15.0 (/opt/ros/humble/install/share/angles/cmake)
-- Found rclcpp: 16.0.3 (/opt/ros/humble/install/share/rclcpp/cmake)
-- Found rosidl_generator_c: 3.1.4 (/opt/ros/humble/install/share/rosidl_generator_c/cmake)
-- Found rosidl_adapter: 3.1.4 (/opt/ros/humble/install/share/rosidl_adapter/cmake)
-- Found rosidl_generator_cpp: 3.1.4 (/opt/ros/humble/install/share/rosidl_generator_cpp/cmake)
-- Using all available rosidl_typesupport_c: rosidl_typesupport_fastrtps_c;rosidl_typesupport_introspection_c
-- Using all available rosidl_typesupport_cpp: rosidl_typesupport_fastrtps_cpp;rosidl_typesupport_introspection_cpp
-- Found rmw_implementation_cmake: 6.1.1 (/opt/ros/humble/install/share/rmw_implementation_cmake/cmake)
-- Found rmw_fastrtps_cpp: 6.2.2 (/opt/ros/humble/install/share/rmw_fastrtps_cpp/cmake)
-- Using RMW implementation 'rmw_fastrtps_cpp' as default
-- Found diagnostic_msgs: 4.2.3 (/opt/ros/humble/install/share/diagnostic_msgs/cmake)
-- Found diagnostic_updater: 3.1.2 (/opt/ros/humble/install/share/diagnostic_updater/cmake)
-- Found geographic_msgs: 1.0.5 (/workspaces/isaac_ros-dev/install/geographic_msgs/share/geographic_msgs/cmake)
-- Found message_filters: 4.3.2 (/opt/ros/humble/install/share/message_filters/cmake)
-- Found nav_msgs: 4.2.3 (/opt/ros/humble/install/share/nav_msgs/cmake)
-- Found rosidl_default_generators: 1.2.0 (/opt/ros/humble/install/share/rosidl_default_generators/cmake)
-- Found sensor_msgs: 4.2.3 (/opt/ros/humble/install/share/sensor_msgs/cmake)
-- Found std_srvs: 4.2.3 (/opt/ros/humble/install/share/std_srvs/cmake)
-- Found tf2: 0.25.2 (/opt/ros/humble/install/share/tf2/cmake)
-- Found tf2_eigen: 0.25.2 (/opt/ros/humble/install/share/tf2_eigen/cmake)
-- Found tf2_geometry_msgs: 0.25.2 (/opt/ros/humble/install/share/tf2_geometry_msgs/cmake)
-- Found eigen3_cmake_module: 0.1.1 (/opt/ros/humble/install/share/eigen3_cmake_module/cmake)
-- Ensuring Eigen3 include directory is part of orocos-kdl CMake target
-- Found yaml_cpp_vendor: 8.0.2 (/opt/ros/humble/install/share/yaml_cpp_vendor/cmake)
-- Found ament_cmake_cppcheck: 0.12.5 (/opt/ros/humble/install/share/ament_cmake_cppcheck/cmake)
-- Found ament_cmake_cpplint: 0.12.5 (/opt/ros/humble/install/share/ament_cmake_cpplint/cmake)
-- Found ament_cmake_uncrustify: 0.12.5 (/opt/ros/humble/install/share/ament_cmake_uncrustify/cmake)
-- Found ament_cmake_ros: 0.10.0 (/opt/ros/humble/install/share/ament_cmake_ros/cmake)
-- Using all available rosidl_typesupport_c: rosidl_typesupport_fastrtps_c;rosidl_typesupport_introspection_c
-- Using all available rosidl_typesupport_cpp: rosidl_typesupport_fastrtps_cpp;rosidl_typesupport_introspection_cpp
-- Found python_cmake_module: 0.10.0 (/opt/ros/humble/install/share/python_cmake_module/cmake)
-- Using PYTHON_EXECUTABLE: /usr/bin/python3
-- Using PYTHON_INCLUDE_DIRS: /usr/include/python3.8
-- Using PYTHON_LIBRARIES: /usr/lib/aarch64-linux-gnu/libpython3.8.so
-- Found ament_cmake_flake8: 0.12.5 (/opt/ros/humble/install/share/ament_cmake_flake8/cmake)
-- Found ament_cmake_pep257: 0.12.5 (/opt/ros/humble/install/share/ament_cmake_pep257/cmake)
-- Found ament_cmake_lint_cmake: 0.12.5 (/opt/ros/humble/install/share/ament_cmake_lint_cmake/cmake)
-- Found launch_testing_ament_cmake: 1.0.4 (/opt/ros/humble/install/share/launch_testing_ament_cmake/cmake)
-- Using PYTHON_EXECUTABLE: /usr/bin/python3
-- Using PYTHON_INCLUDE_DIRS: /usr/include/python3.8
-- Using PYTHON_LIBRARIES: /usr/lib/aarch64-linux-gnu/libpython3.8.so
-- Found gtest sources under '/opt/ros/humble/install/src/gtest_vendor': C++ tests using 'Google Test' will be built
-- Configuring done
-- Generating done
-- Build files have been written to: /workspaces/isaac_ros-dev/build/robot_localization
[35m[1mConsolidate compiler generated dependencies of target gtest_main[0m
[35m[1mConsolidate compiler generated dependencies of target gtest[0m
[35m[1mConsolidate compiler generated dependencies of target robot_localization__rosidl_generator_c[0m
[  0%] Built target robot_localization__cpp
[  3%] Built target gtest_main
[ 10%] Built target robot_localization__rosidl_generator_c
[ 12%] Built target gtest
[ 12%] Built target ament_cmake_python_copy_robot_localization
[35m[1mConsolidate compiler generated dependencies of target robot_localization__rosidl_typesupport_cpp[0m
[35m[1mConsolidate compiler generated dependencies of target robot_localization__rosidl_typesupport_introspection_cpp[0m
[35m[1mConsolidate compiler generated dependencies of target robot_localization__rosidl_typesupport_fastrtps_cpp[0m
[35m[1mConsolidate compiler generated dependencies of target robot_localization__rosidl_typesupport_c[0m
[35m[1mConsolidate compiler generated dependencies of target robot_localization__rosidl_typesupport_introspection_c[0m
[35m[1mConsolidate compiler generated dependencies of target robot_localization__rosidl_typesupport_fastrtps_c[0m
[ 19%] Built target robot_localization__rosidl_typesupport_cpp
[ 26%] Built target robot_localization__rosidl_typesupport_c
[ 33%] Built target robot_localization__rosidl_typesupport_introspection_cpp
[ 40%] Built target robot_localization__rosidl_typesupport_introspection_c
[ 47%] Built target robot_localization__rosidl_typesupport_fastrtps_cpp
[ 54%] Built target robot_localization__rosidl_typesupport_fastrtps_c
[35m[1mConsolidate compiler generated dependencies of target rl_lib[0m
[ 54%] Built target robot_localization
[ 55%] Built target robot_localization__py
[35m[1mConsolidate compiler generated dependencies of target robot_localization__rosidl_generator_py[0m
[ 56%] [32mBuilding CXX object CMakeFiles/rl_lib.dir/src/navsat_transform.cpp.o[0m
[ 62%] Built target robot_localization__rosidl_generator_py
[35m[1mConsolidate compiler generated dependencies of target robot_localization__rosidl_typesupport_fastrtps_c__pyext[0m
[35m[1mConsolidate compiler generated dependencies of target robot_localization__rosidl_typesupport_c__pyext[0m
[35m[1mConsolidate compiler generated dependencies of target robot_localization__rosidl_typesupport_introspection_c__pyext[0m
[ 68%] Built target robot_localization__rosidl_typesupport_introspection_c__pyext
[ 68%] Built target robot_localization__rosidl_typesupport_c__pyext
[ 68%] Built target robot_localization__rosidl_typesupport_fastrtps_c__pyext
In file included from [01m[K/workspaces/isaac_ros-dev/src/robot_localization/src/navsat_transform.cpp:32[m[K:
[01m[K/workspaces/isaac_ros-dev/src/robot_localization/include/robot_localization/navsat_transform.hpp:39:10:[m[K [01;31m[Kfatal error: [m[KGeographicLib/LocalCartesian.hpp: No such file or directory
   39 | #include [01;31m[K"GeographicLib/LocalCartesian.hpp"[m[K
      |          [01;31m[K^~~~~~~~~~~~~~~~~~~~~~~~~~~~~~~~~~[m[K
compilation terminated.
make[2]: *** [CMakeFiles/rl_lib.dir/build.make:132: CMakeFiles/rl_lib.dir/src/navsat_transform.cpp.o] Error 1
make[1]: *** [CMakeFiles/Makefile2:638: CMakeFiles/rl_lib.dir/all] Error 2
make[1]: *** Waiting for unfinished jobs....
running egg_info
writing robot_localization.egg-info/PKG-INFO
writing dependency_links to robot_localization.egg-info/dependency_links.txt
writing top-level names to robot_localization.egg-info/top_level.txt
reading manifest file 'robot_localization.egg-info/SOURCES.txt'
writing manifest file 'robot_localization.egg-info/SOURCES.txt'
[ 68%] Built target ament_cmake_python_build_robot_localization_egg
make: *** [Makefile:146: all] Error 2
