[0.775s] Invoking command in '/workspaces/isaac_ros-dev/build/robot_localization': AMENT_PREFIX_PATH=/workspaces/isaac_ros-dev/install/geographic_msgs:${AMENT_PREFIX_PATH} CMAKE_PREFIX_PATH=/workspaces/isaac_ros-dev/install/geographic_msgs:${CMAKE_PREFIX_PATH} LD_LIBRARY_PATH=/workspaces/isaac_ros-dev/install/geographic_msgs/lib:/opt/ros/humble/install/opt/rviz_ogre_vendor/lib:/opt/ros/humble/install/lib:/usr/lib/aarch64-linux-gnu/tegra/weston:/usr/lib/aarch64-linux-gnu/tegra-egl:/usr/local/cuda-11.4/targets/aarch64-linux/lib:/usr/lib/aarch64-linux-gnu/tegra:/opt/nvidia/vpi2/lib64:/usr/lib/aarch64-linux-gnu-host:/opt/tritonserver/lib PYTHONPATH=/workspaces/isaac_ros-dev/install/geographic_msgs/lib/python3.8/site-packages:${PYTHONPATH} /usr/bin/cmake --build /workspaces/isaac_ros-dev/build/robot_localization -- -j12 -l12
[0.878s] -- robot_localization: You did not request a specific build type: selecting 'RelWithDebInfo'.
[0.878s] -- Found ament_cmake: 1.3.3 (/opt/ros/humble/install/share/ament_cmake/cmake)
[1.098s] -- Found angles: 1.15.0 (/opt/ros/humble/install/share/angles/cmake)
[1.100s] -- Found rclcpp: 16.0.3 (/opt/ros/humble/install/share/rclcpp/cmake)
[1.173s] -- Found rosidl_generator_c: 3.1.4 (/opt/ros/humble/install/share/rosidl_generator_c/cmake)
[1.180s] -- Found rosidl_adapter: 3.1.4 (/opt/ros/humble/install/share/rosidl_adapter/cmake)
[1.194s] -- Found rosidl_generator_cpp: 3.1.4 (/opt/ros/humble/install/share/rosidl_generator_cpp/cmake)
[1.225s] -- Using all available rosidl_typesupport_c: rosidl_typesupport_fastrtps_c;rosidl_typesupport_introspection_c
[1.257s] -- Using all available rosidl_typesupport_cpp: rosidl_typesupport_fastrtps_cpp;rosidl_typesupport_introspection_cpp
[1.394s] -- Found rmw_implementation_cmake: 6.1.1 (/opt/ros/humble/install/share/rmw_implementation_cmake/cmake)
[1.394s] -- Found rmw_fastrtps_cpp: 6.2.2 (/opt/ros/humble/install/share/rmw_fastrtps_cpp/cmake)
[1.754s] -- Using RMW implementation 'rmw_fastrtps_cpp' as default
[2.055s] -- Found diagnostic_msgs: 4.2.3 (/opt/ros/humble/install/share/diagnostic_msgs/cmake)
[2.162s] -- Found diagnostic_updater: 3.1.2 (/opt/ros/humble/install/share/diagnostic_updater/cmake)
[2.172s] -- Found geographic_msgs: 1.0.5 (/workspaces/isaac_ros-dev/install/geographic_msgs/share/geographic_msgs/cmake)
[2.474s] -- Found message_filters: 4.3.2 (/opt/ros/humble/install/share/message_filters/cmake)
[2.483s] -- Found nav_msgs: 4.2.3 (/opt/ros/humble/install/share/nav_msgs/cmake)
[2.634s] -- Found rosidl_default_generators: 1.2.0 (/opt/ros/humble/install/share/rosidl_default_generators/cmake)
[2.649s] -- Found sensor_msgs: 4.2.3 (/opt/ros/humble/install/share/sensor_msgs/cmake)
[2.804s] -- Found std_srvs: 4.2.3 (/opt/ros/humble/install/share/std_srvs/cmake)
[2.839s] -- Found tf2: 0.25.2 (/opt/ros/humble/install/share/tf2/cmake)
[2.855s] -- Found tf2_eigen: 0.25.2 (/opt/ros/humble/install/share/tf2_eigen/cmake)
[3.470s] -- Found tf2_geometry_msgs: 0.25.2 (/opt/ros/humble/install/share/tf2_geometry_msgs/cmake)
[3.478s] -- Found eigen3_cmake_module: 0.1.1 (/opt/ros/humble/install/share/eigen3_cmake_module/cmake)
[3.481s] -- Ensuring Eigen3 include directory is part of orocos-kdl CMake target
[3.509s] -- Found yaml_cpp_vendor: 8.0.2 (/opt/ros/humble/install/share/yaml_cpp_vendor/cmake)
[4.073s] -- Found ament_cmake_cppcheck: 0.12.5 (/opt/ros/humble/install/share/ament_cmake_cppcheck/cmake)
[4.075s] -- Found ament_cmake_cpplint: 0.12.5 (/opt/ros/humble/install/share/ament_cmake_cpplint/cmake)
[4.076s] -- Found ament_cmake_uncrustify: 0.12.5 (/opt/ros/humble/install/share/ament_cmake_uncrustify/cmake)
[4.079s] -- Found ament_cmake_ros: 0.10.0 (/opt/ros/humble/install/share/ament_cmake_ros/cmake)
[4.788s] -- Using all available rosidl_typesupport_c: rosidl_typesupport_fastrtps_c;rosidl_typesupport_introspection_c
[5.066s] -- Using all available rosidl_typesupport_cpp: rosidl_typesupport_fastrtps_cpp;rosidl_typesupport_introspection_cpp
[5.126s] -- Found python_cmake_module: 0.10.0 (/opt/ros/humble/install/share/python_cmake_module/cmake)
[5.181s] -- Using PYTHON_EXECUTABLE: /usr/bin/python3
[5.181s] -- Using PYTHON_INCLUDE_DIRS: /usr/include/python3.8
[5.181s] -- Using PYTHON_LIBRARIES: /usr/lib/aarch64-linux-gnu/libpython3.8.so
[5.297s] -- Found ament_cmake_flake8: 0.12.5 (/opt/ros/humble/install/share/ament_cmake_flake8/cmake)
[5.299s] -- Found ament_cmake_pep257: 0.12.5 (/opt/ros/humble/install/share/ament_cmake_pep257/cmake)
[5.315s] -- Found ament_cmake_lint_cmake: 0.12.5 (/opt/ros/humble/install/share/ament_cmake_lint_cmake/cmake)
[5.317s] -- Found launch_testing_ament_cmake: 1.0.4 (/opt/ros/humble/install/share/launch_testing_ament_cmake/cmake)
[5.377s] -- Using PYTHON_EXECUTABLE: /usr/bin/python3
[5.377s] -- Using PYTHON_INCLUDE_DIRS: /usr/include/python3.8
[5.377s] -- Using PYTHON_LIBRARIES: /usr/lib/aarch64-linux-gnu/libpython3.8.so
[5.379s] -- Found gtest sources under '/opt/ros/humble/install/src/gtest_vendor': C++ tests using 'Google Test' will be built
[5.431s] -- Configuring done
[5.724s] -- Generating done
[5.737s] -- Build files have been written to: /workspaces/isaac_ros-dev/build/robot_localization
[5.812s] [35m[1mConsolidate compiler generated dependencies of target gtest_main[0m
[5.812s] [35m[1mConsolidate compiler generated dependencies of target gtest[0m
[5.813s] [35m[1mConsolidate compiler generated dependencies of target robot_localization__rosidl_generator_c[0m
[5.827s] [  0%] Built target robot_localization__cpp
[5.837s] [  3%] Built target gtest_main
[5.837s] [ 10%] Built target robot_localization__rosidl_generator_c
[5.839s] [ 12%] Built target gtest
[5.840s] [ 12%] Built target ament_cmake_python_copy_robot_localization
[5.847s] [35m[1mConsolidate compiler generated dependencies of target robot_localization__rosidl_typesupport_cpp[0m
[5.849s] [35m[1mConsolidate compiler generated dependencies of target robot_localization__rosidl_typesupport_introspection_cpp[0m
[5.849s] [35m[1mConsolidate compiler generated dependencies of target robot_localization__rosidl_typesupport_fastrtps_cpp[0m
[5.857s] [35m[1mConsolidate compiler generated dependencies of target robot_localization__rosidl_typesupport_c[0m
[5.858s] [35m[1mConsolidate compiler generated dependencies of target robot_localization__rosidl_typesupport_introspection_c[0m
[5.860s] [35m[1mConsolidate compiler generated dependencies of target robot_localization__rosidl_typesupport_fastrtps_c[0m
[5.878s] [ 19%] Built target robot_localization__rosidl_typesupport_cpp
[5.879s] [ 26%] Built target robot_localization__rosidl_typesupport_c
[5.881s] [ 33%] Built target robot_localization__rosidl_typesupport_introspection_cpp
[5.882s] [ 40%] Built target robot_localization__rosidl_typesupport_introspection_c
[5.884s] [ 47%] Built target robot_localization__rosidl_typesupport_fastrtps_cpp
[5.891s] [ 54%] Built target robot_localization__rosidl_typesupport_fastrtps_c
[5.901s] [35m[1mConsolidate compiler generated dependencies of target rl_lib[0m
[5.916s] [ 54%] Built target robot_localization
[5.943s] [ 55%] Built target robot_localization__py
[5.958s] [35m[1mConsolidate compiler generated dependencies of target robot_localization__rosidl_generator_py[0m
[5.960s] [ 56%] [32mBuilding CXX object CMakeFiles/rl_lib.dir/src/navsat_transform.cpp.o[0m
[5.984s] [ 62%] Built target robot_localization__rosidl_generator_py
[6.000s] [35m[1mConsolidate compiler generated dependencies of target robot_localization__rosidl_typesupport_fastrtps_c__pyext[0m
[6.000s] [35m[1mConsolidate compiler generated dependencies of target robot_localization__rosidl_typesupport_c__pyext[0m
[6.000s] [35m[1mConsolidate compiler generated dependencies of target robot_localization__rosidl_typesupport_introspection_c__pyext[0m
[6.026s] [ 68%] Built target robot_localization__rosidl_typesupport_introspection_c__pyext
[6.026s] [ 68%] Built target robot_localization__rosidl_typesupport_c__pyext
[6.026s] [ 68%] Built target robot_localization__rosidl_typesupport_fastrtps_c__pyext
[6.622s] In file included from [01m[K/workspaces/isaac_ros-dev/src/robot_localization/src/navsat_transform.cpp:32[m[K:
[6.622s] [01m[K/workspaces/isaac_ros-dev/src/robot_localization/include/robot_localization/navsat_transform.hpp:39:10:[m[K [01;31m[Kfatal error: [m[KGeographicLib/LocalCartesian.hpp: No such file or directory
[6.622s]    39 | #include [01;31m[K"GeographicLib/LocalCartesian.hpp"[m[K
[6.623s]       |          [01;31m[K^~~~~~~~~~~~~~~~~~~~~~~~~~~~~~~~~~[m[K
[6.623s] compilation terminated.
[6.626s] make[2]: *** [CMakeFiles/rl_lib.dir/build.make:132: CMakeFiles/rl_lib.dir/src/navsat_transform.cpp.o] Error 1
[6.626s] make[1]: *** [CMakeFiles/Makefile2:638: CMakeFiles/rl_lib.dir/all] Error 2
[6.627s] make[1]: *** Waiting for unfinished jobs....
[6.642s] running egg_info
[6.674s] writing robot_localization.egg-info/PKG-INFO
[6.675s] writing dependency_links to robot_localization.egg-info/dependency_links.txt
[6.676s] writing top-level names to robot_localization.egg-info/top_level.txt
[6.766s] reading manifest file 'robot_localization.egg-info/SOURCES.txt'
[6.767s] writing manifest file 'robot_localization.egg-info/SOURCES.txt'
[6.868s] [ 68%] Built target ament_cmake_python_build_robot_localization_egg
[6.870s] make: *** [Makefile:146: all] Error 2
[6.875s] Invoked command in '/workspaces/isaac_ros-dev/build/robot_localization' returned '2': AMENT_PREFIX_PATH=/workspaces/isaac_ros-dev/install/geographic_msgs:${AMENT_PREFIX_PATH} CMAKE_PREFIX_PATH=/workspaces/isaac_ros-dev/install/geographic_msgs:${CMAKE_PREFIX_PATH} LD_LIBRARY_PATH=/workspaces/isaac_ros-dev/install/geographic_msgs/lib:/opt/ros/humble/install/opt/rviz_ogre_vendor/lib:/opt/ros/humble/install/lib:/usr/lib/aarch64-linux-gnu/tegra/weston:/usr/lib/aarch64-linux-gnu/tegra-egl:/usr/local/cuda-11.4/targets/aarch64-linux/lib:/usr/lib/aarch64-linux-gnu/tegra:/opt/nvidia/vpi2/lib64:/usr/lib/aarch64-linux-gnu-host:/opt/tritonserver/lib PYTHONPATH=/workspaces/isaac_ros-dev/install/geographic_msgs/lib/python3.8/site-packages:${PYTHONPATH} /usr/bin/cmake --build /workspaces/isaac_ros-dev/build/robot_localization -- -j12 -l12
