In file included from [01m[K/workspaces/isaac_ros-dev/src/robot_localization/src/navsat_transform.cpp:32[m[K:
[01m[K/workspaces/isaac_ros-dev/src/robot_localization/include/robot_localization/navsat_transform.hpp:370:3:[m[K [01;31m[Kerror: [m[Kâ€˜[01m[KGeographicLib[m[Kâ€™ does not name a type
  370 |   [01;31m[KGeographicLib[m[K::LocalCartesian gps_local_cartesian_;
      |   [01;31m[K^~~~~~~~~~~~~[m[K
[01m[K/workspaces/isaac_ros-dev/src/robot_localization/src/navsat_transform.cpp:[m[K In member function â€˜[01m[Kbool robot_localization::NavSatTransform::fromLLCallback(std::shared_ptr<robot_localization::srv::FromLL_Request_<std::allocator<void> > >, std::shared_ptr<robot_localization::srv::FromLL_Response_<std::allocator<void> > >)[m[Kâ€™:
[01m[K/workspaces/isaac_ros-dev/src/robot_localization/src/navsat_transform.cpp:434:5:[m[K [01;31m[Kerror: [m[Kâ€˜[01m[Kgps_local_cartesian_[m[Kâ€™ was not declared in this scope; did you mean â€˜[01m[Kuse_local_cartesian_[m[Kâ€™?
  434 |     [01;31m[Kgps_local_cartesian_[m[K.Forward(
      |     [01;31m[K^~~~~~~~~~~~~~~~~~~~[m[K
      |     [32m[Kuse_local_cartesian_[m[K
[01m[K/workspaces/isaac_ros-dev/src/robot_localization/src/navsat_transform.cpp:[m[K In member function â€˜[01m[Kvoid robot_localization::NavSatTransform::setTransformGps(const SharedPtr&)[m[Kâ€™:
[01m[K/workspaces/isaac_ros-dev/src/robot_localization/src/navsat_transform.cpp:840:5:[m[K [01;31m[Kerror: [m[Kâ€˜[01m[Kgps_local_cartesian_[m[Kâ€™ was not declared in this scope; did you mean â€˜[01m[Kuse_local_cartesian_[m[Kâ€™?
  840 |     [01;31m[Kgps_local_cartesian_[m[K.Reset(msg->latitude, msg->longitude, hae_altitude);
      |     [01;31m[K^~~~~~~~~~~~~~~~~~~~[m[K
      |     [32m[Kuse_local_cartesian_[m[K
make[2]: *** [CMakeFiles/rl_lib.dir/build.make:132: CMakeFiles/rl_lib.dir/src/navsat_transform.cpp.o] Error 1
make[1]: *** [CMakeFiles/Makefile2:638: CMakeFiles/rl_lib.dir/all] Error 2
make: *** [Makefile:146: all] Error 2
