[0.278s] Invoking command in '/workspaces/isaac_ros-dev/build/velodyne_msgs': /usr/bin/cmake --build /workspaces/isaac_ros-dev/build/velodyne_msgs -- -j12 -l12
[1.355s] [  2%] Built target velodyne_msgs__cpp
[1.358s] [ 12%] Built target velodyne_msgs__rosidl_generator_c
[1.359s] [35m[1mConsolidate compiler generated dependencies of target velodyne_msgs__rosidl_typesupport_cpp[0m
[1.359s] [35m[1mConsolidate compiler generated dependencies of target velodyne_msgs__rosidl_typesupport_fastrtps_cpp[0m
[1.360s] [35m[1mConsolidate compiler generated dependencies of target velodyne_msgs__rosidl_typesupport_introspection_cpp[0m
[1.360s] [ 23%] Built target velodyne_msgs__rosidl_typesupport_cpp
[1.360s] [ 33%] Built target velodyne_msgs__rosidl_typesupport_fastrtps_cpp
[1.360s] [ 43%] Built target velodyne_msgs__rosidl_typesupport_introspection_cpp
[1.360s] failed to create symbolic link '/workspaces/isaac_ros-dev/build/velodyne_msgs/ament_cmake_python/velodyne_msgs/velodyne_msgs' because existing path cannot be removed: Is a directory
[1.360s] make[2]: *** [CMakeFiles/ament_cmake_python_symlink_velodyne_msgs.dir/build.make:70: CMakeFiles/ament_cmake_python_symlink_velodyne_msgs] Error 1
[1.360s] make[1]: *** [CMakeFiles/Makefile2:421: CMakeFiles/ament_cmake_python_symlink_velodyne_msgs.dir/all] Error 2
[1.361s] make[1]: *** Waiting for unfinished jobs....
[1.361s] make: *** [Makefile:146: all] Error 2
[1.385s] Invoked command in '/workspaces/isaac_ros-dev/build/velodyne_msgs' returned '2': /usr/bin/cmake --build /workspaces/isaac_ros-dev/build/velodyne_msgs -- -j12 -l12
