[0.320s] Invoking command in '/workspaces/isaac_ros-dev/build/nvblox_performance_measurement_msgs': /usr/bin/cmake /workspaces/isaac_ros-dev/src/isaac_ros_nvblox/nvblox_performance_measurement/nvblox_performance_measurement_msgs -DCMAKE_INSTALL_PREFIX=/workspaces/isaac_ros-dev/install/nvblox_performance_measurement_msgs
[0.395s] -- CMAKE_BUILD_TYPE: Release
[0.395s] -- Found ament_cmake: 1.3.3 (/opt/ros/humble/install/share/ament_cmake/cmake)
[0.618s] -- Override CMake install command with custom implementation using symlinks instead of copying resources
[0.647s] -- Found rosidl_default_generators: 1.2.0 (/opt/ros/humble/install/share/rosidl_default_generators/cmake)
[0.647s] -- Using all available rosidl_typesupport_c: rosidl_typesupport_fastrtps_c;rosidl_typesupport_introspection_c
[0.648s] -- Found rosidl_adapter: 3.1.4 (/opt/ros/humble/install/share/rosidl_adapter/cmake)
[0.725s] -- Using all available rosidl_typesupport_cpp: rosidl_typesupport_fastrtps_cpp;rosidl_typesupport_introspection_cpp
[0.782s] -- Found std_msgs: 4.2.3 (/opt/ros/humble/install/share/std_msgs/cmake)
[1.399s] -- Found ament_cmake_ros: 0.10.0 (/opt/ros/humble/install/share/ament_cmake_ros/cmake)
[1.701s] -- Using all available rosidl_typesupport_c: rosidl_typesupport_fastrtps_c;rosidl_typesupport_introspection_c
[2.088s] -- Using all available rosidl_typesupport_cpp: rosidl_typesupport_fastrtps_cpp;rosidl_typesupport_introspection_cpp
[2.143s] -- Found python_cmake_module: 0.10.0 (/opt/ros/humble/install/share/python_cmake_module/cmake)
[2.201s] -- Using PYTHON_EXECUTABLE: /usr/bin/python3
[2.202s] -- Using PYTHON_INCLUDE_DIRS: /usr/include/python3.8
[2.203s] -- Using PYTHON_LIBRARIES: /usr/lib/aarch64-linux-gnu/libpython3.8.so
[2.266s] -- Found ament_lint_auto: 0.12.5 (/opt/ros/humble/install/share/ament_lint_auto/cmake)
[2.286s] -- Configuring done
[2.382s] -- Generating done
[2.389s] -- Build files have been written to: /workspaces/isaac_ros-dev/build/nvblox_performance_measurement_msgs
[3.244s] Invoked command in '/workspaces/isaac_ros-dev/build/nvblox_performance_measurement_msgs' returned '0': /usr/bin/cmake /workspaces/isaac_ros-dev/src/isaac_ros_nvblox/nvblox_performance_measurement/nvblox_performance_measurement_msgs -DCMAKE_INSTALL_PREFIX=/workspaces/isaac_ros-dev/install/nvblox_performance_measurement_msgs
[3.250s] Invoking command in '/workspaces/isaac_ros-dev/build/nvblox_performance_measurement_msgs': /usr/bin/cmake --build /workspaces/isaac_ros-dev/build/nvblox_performance_measurement_msgs -- -j12 -l12
[3.414s] [35m[1mConsolidate compiler generated dependencies of target nvblox_performance_measurement_msgs__rosidl_generator_c[0m
[3.420s] [  1%] Built target nvblox_performance_measurement_msgs__cpp
[3.423s] [ 12%] Built target nvblox_performance_measurement_msgs__rosidl_generator_c
[3.425s] failed to create symbolic link '/workspaces/isaac_ros-dev/build/nvblox_performance_measurement_msgs/ament_cmake_python/nvblox_performance_measurement_msgs/nvblox_performance_measurement_msgs' because existing path cannot be removed: Is a directory
[3.425s] make[2]: *** [CMakeFiles/ament_cmake_python_symlink_nvblox_performance_measurement_msgs.dir/build.make:70: CMakeFiles/ament_cmake_python_symlink_nvblox_performance_measurement_msgs] Error 1
[3.425s] make[1]: *** [CMakeFiles/Makefile2:421: CMakeFiles/ament_cmake_python_symlink_nvblox_performance_measurement_msgs.dir/all] Error 2
[3.426s] make[1]: *** Waiting for unfinished jobs....
[3.427s] make: *** [Makefile:146: all] Error 2
[4.438s] Invoked command in '/workspaces/isaac_ros-dev/build/nvblox_performance_measurement_msgs' returned '2': /usr/bin/cmake --build /workspaces/isaac_ros-dev/build/nvblox_performance_measurement_msgs -- -j12 -l12
