[35m[1mConsolidate compiler generated dependencies of target data_logger_node2[0m
[ 50%] [32mBuilding CXX object CMakeFiles/data_logger_node2.dir/src/data_logger_node2.cpp.o[0m
[01m[K/avlcode/workspaces/isaac_ros-dev/src/data_logger/src/data_logger_node2.cpp:206:2:[m[K [01;31m[Kerror: [m[Kexpected â€˜[01m[K;[m[Kâ€™ after class definition
  206 | }
      |  [01;31m[K^[m[K
      |  [32m[K;[m[K
[01m[K/avlcode/workspaces/isaac_ros-dev/src/data_logger/src/data_logger_node2.cpp:[m[K In constructor â€˜[01m[KDataLogger::DataLogger()[m[Kâ€™:
[01m[K/avlcode/workspaces/isaac_ros-dev/src/data_logger/src/data_logger_node2.cpp:28:47:[m[K [01;31m[Kerror: [m[Kexpected identifier before â€˜[01m[K{[m[Kâ€™ token
   28 |             m_log_count(0), m_image_count(0), [01;31m[K{[m[K
      |                                               [01;31m[K^[m[K
In file included from [01m[K/usr/include/c++/9/cassert:44[m[K,
                 from [01m[K/opt/ros/humble/install/include/rclcpp/rclcpp/wait_result.hpp:18[m[K,
                 from [01m[K/opt/ros/humble/install/include/rclcpp/rclcpp/wait_set_policies/sequential_synchronization.hpp:32[m[K,
                 from [01m[K/opt/ros/humble/install/include/rclcpp/rclcpp/wait_set.hpp:26[m[K,
                 from [01m[K/opt/ros/humble/install/include/rclcpp/rclcpp/rclcpp.hpp:168[m[K,
                 from [01m[K/opt/ros/humble/install/include/message_filters/message_filters/subscriber.h:40[m[K,
                 from [01m[K/avlcode/workspaces/isaac_ros-dev/src/data_logger/src/data_logger_node2.cpp:12[m[K:
[01m[K/avlcode/workspaces/isaac_ros-dev/src/data_logger/src/data_logger_node2.cpp:35:30:[m[K [01;31m[Kerror: [m[Kâ€˜[01m[Kstd::fs[m[Kâ€™ has not been declared
   35 |                 assert(!std::[01;31m[Kfs[m[K::create_directory("/home/admin/logging"));
      |                              [01;31m[K^~[m[K
[01m[K/avlcode/workspaces/isaac_ros-dev/src/data_logger/src/data_logger_node2.cpp:43:30:[m[K [01;31m[Kerror: [m[Kâ€˜[01m[Kstd::fs[m[Kâ€™ has not been declared
   43 |                 assert(!std::[01;31m[Kfs[m[K::create_directory(m_drive));
      |                              [01;31m[K^~[m[K
[01m[K/avlcode/workspaces/isaac_ros-dev/src/data_logger/src/data_logger_node2.cpp:47:22:[m[K [01;35m[Kwarning: [m[Kunused variable â€˜[01m[Kentry[m[Kâ€™ [[01;35m[K-Wunused-variable[m[K]
   47 |     for (const auto &[01;35m[Kentry[m[K : fs::directory_iterator(m_drive)) {
      |                      [01;35m[K^~~~~[m[K
In file included from [01m[K/usr/include/c++/9/cassert:44[m[K,
                 from [01m[K/opt/ros/humble/install/include/rclcpp/rclcpp/wait_result.hpp:18[m[K,
                 from [01m[K/opt/ros/humble/install/include/rclcpp/rclcpp/wait_set_policies/sequential_synchronization.hpp:32[m[K,
                 from [01m[K/opt/ros/humble/install/include/rclcpp/rclcpp/wait_set.hpp:26[m[K,
                 from [01m[K/opt/ros/humble/install/include/rclcpp/rclcpp/rclcpp.hpp:168[m[K,
                 from [01m[K/opt/ros/humble/install/include/message_filters/message_filters/subscriber.h:40[m[K,
                 from [01m[K/avlcode/workspaces/isaac_ros-dev/src/data_logger/src/data_logger_node2.cpp:12[m[K:
[01m[K/avlcode/workspaces/isaac_ros-dev/src/data_logger/src/data_logger_node2.cpp:52:26:[m[K [01;31m[Kerror: [m[Kâ€˜[01m[Kstd::fs[m[Kâ€™ has not been declared
   52 |             assert(!std::[01;31m[Kfs[m[K::create_directory(m_drive));
      |                          [01;31m[K^~[m[K
[01m[K/avlcode/workspaces/isaac_ros-dev/src/data_logger/src/data_logger_node2.cpp:59:30:[m[K [01;31m[Kerror: [m[Kâ€˜[01m[Kstd::fs[m[Kâ€™ has not been declared
   59 |                 assert(!std::[01;31m[Kfs[m[K::create_directory(m_image_drive));
      |                              [01;31m[K^~[m[K
[01m[K/avlcode/workspaces/isaac_ros-dev/src/data_logger/src/data_logger_node2.cpp:63:22:[m[K [01;35m[Kwarning: [m[Kunused variable â€˜[01m[Kentry[m[Kâ€™ [[01;35m[K-Wunused-variable[m[K]
   63 |     for (const auto &[01;35m[Kentry[m[K : fs::directory_iterator(m_image_drive)) {
      |                      [01;35m[K^~~~~[m[K
[01m[K/avlcode/workspaces/isaac_ros-dev/src/data_logger/src/data_logger_node2.cpp:93:13:[m[K [01;31m[Kerror: [m[Kâ€˜[01m[Kfront_camera[m[Kâ€™ was not declared in this scope; did you mean â€˜[01m[Km_front_camera[m[Kâ€™?
   93 |             [01;31m[Kfront_camera[m[K.subscribe(this, "/video/font_fisheye_camera");
      |             [01;31m[K^~~~~~~~~~~~[m[K
      |             [32m[Km_front_camera[m[K
[01m[K/avlcode/workspaces/isaac_ros-dev/src/data_logger/src/data_logger_node2.cpp:94:13:[m[K [01;31m[Kerror: [m[Kâ€˜[01m[Kleft_camera[m[Kâ€™ was not declared in this scope; did you mean â€˜[01m[Km_left_camera[m[Kâ€™?
   94 |             [01;31m[Kleft_camera[m[K.subscribe(this, "/video/left_camera");
      |             [01;31m[K^~~~~~~~~~~[m[K
      |             [32m[Km_left_camera[m[K
[01m[K/avlcode/workspaces/isaac_ros-dev/src/data_logger/src/data_logger_node2.cpp:95:13:[m[K [01;31m[Kerror: [m[Kâ€˜[01m[Kright_camera[m[Kâ€™ was not declared in this scope; did you mean â€˜[01m[Km_right_camera[m[Kâ€™?
   95 |             [01;31m[Kright_camera[m[K.subscribe(this, "/video/right_camera");
      |             [01;31m[K^~~~~~~~~~~~[m[K
      |             [32m[Km_right_camera[m[K
[01m[K/avlcode/workspaces/isaac_ros-dev/src/data_logger/src/data_logger_node2.cpp:96:13:[m[K [01;31m[Kerror: [m[Kâ€˜[01m[Ksteering_msg[m[Kâ€™ was not declared in this scope; did you mean â€˜[01m[Km_steering_msg[m[Kâ€™?
   96 |             [01;31m[Ksteering_msg[m[K.subscribe(this, "/twist_mux/cmd_vel");
      |             [01;31m[K^~~~~~~~~~~~[m[K
      |             [32m[Km_steering_msg[m[K
[01m[K/avlcode/workspaces/isaac_ros-dev/src/data_logger/src/data_logger_node2.cpp:98:53:[m[K [01;31m[Kerror: [m[Kâ€˜[01m[KApproximateTimer[m[Kâ€™ in namespace â€˜[01m[Kmessage_filters::sync_policies[m[Kâ€™ does not name a template type
   98 |             typedef message_filters::sync_policies::[01;31m[KApproximateTimer[m[K<sensor_msgs::msg::Image, sensor_msgs::msgs::Image,
      |                                                     [01;31m[K^~~~~~~~~~~~~~~~[m[K
[01m[K/avlcode/workspaces/isaac_ros-dev/src/data_logger/src/data_logger_node2.cpp:101:43:[m[K [01;31m[Kerror: [m[Kâ€˜[01m[Kapproximate_policy[m[Kâ€™ was not declared in this scope
  101 |             message_filters::Synchronizer<[01;31m[Kapproximate_policy[m[K>syncApproximate(
      |                                           [01;31m[K^~~~~~~~~~~~~~~~~~[m[K
[01m[K/avlcode/workspaces/isaac_ros-dev/src/data_logger/src/data_logger_node2.cpp:101:61:[m[K [01;31m[Kerror: [m[Ktemplate argument 1 is invalid
  101 |             message_filters::Synchronizer<approximate_policy[01;31m[K>[m[KsyncApproximate(
      |                                                             [01;31m[K^[m[K
[01m[K/avlcode/workspaces/isaac_ros-dev/src/data_logger/src/data_logger_node2.cpp:102:96:[m[K [01;31m[Kerror: [m[Kexpression list treated as compound expression in initializer [[01;31m[K-fpermissive[m[K]
  102 |                 approximate_policy(1, 0), front_camera, left_camera, right_camera, steering_msg[01;31m[K)[m[K;
      |                                                                                                [01;31m[K^[m[K
[01m[K/avlcode/workspaces/isaac_ros-dev/src/data_logger/src/data_logger_node2.cpp:104:29:[m[K [01;31m[Kerror: [m[Krequest for member â€˜[01m[KsetMaxIntervalDuration[m[Kâ€™ in â€˜[01m[KsyncApproximate[m[Kâ€™, which is of non-class type â€˜[01m[Kint[m[Kâ€™
  104 |             syncApproximate.[01;31m[KsetMaxIntervalDuration[m[K(rclcpp::Duration(3, 0));
      |                             [01;31m[K^~~~~~~~~~~~~~~~~~~~~~[m[K
[01m[K/avlcode/workspaces/isaac_ros-dev/src/data_logger/src/data_logger_node2.cpp:105:29:[m[K [01;31m[Kerror: [m[Krequest for member â€˜[01m[KregisterCallback[m[Kâ€™ in â€˜[01m[KsyncApproximate[m[Kâ€™, which is of non-class type â€˜[01m[Kint[m[Kâ€™
  105 |             syncApproximate.[01;31m[KregisterCallback[m[K(&DataLogger::camera_sync_callback, this);
      |                             [01;31m[K^~~~~~~~~~~~~~~~[m[K
[01m[K/avlcode/workspaces/isaac_ros-dev/src/data_logger/src/data_logger_node2.cpp:[m[K In member function â€˜[01m[Kvoid DataLogger::camera_sync_callback(const Image&, const Image&, const Image&, const Twist&)[m[Kâ€™:
[01m[K/avlcode/workspaces/isaac_ros-dev/src/data_logger/src/data_logger_node2.cpp:162:28:[m[K [01;31m[Kerror: [m[Kâ€˜[01m[Kmsg[m[Kâ€™ is not a class, namespace, or enumeration
  162 |    double steering_angle = [01;31m[Kmsg[m[K::angular.z;
      |                            [01;31m[K^~~[m[K
[01m[K/avlcode/workspaces/isaac_ros-dev/src/data_logger/src/data_logger_node2.cpp:134:90:[m[K [01;35m[Kwarning: [m[Kunused parameter â€˜[01m[Kmsg[m[Kâ€™ [[01;35m[K-Wunused-parameter[m[K]
  134 |             const sensor_msgs::msg::Image &right_image, [01;35m[Kconst geometry_msgs::msg::Twist &msg[m[K){
      |                                                         [01;35m[K~~~~~~~~~~~~~~~~~~~~~~~~~~~~~~~~~^~~[m[K
[01m[K/avlcode/workspaces/isaac_ros-dev/src/data_logger/src/data_logger_node2.cpp:[m[K In function â€˜[01m[Kint main(int, char**)[m[Kâ€™:
[01m[K/avlcode/workspaces/isaac_ros-dev/src/data_logger/src/data_logger_node2.cpp:210:18:[m[K [01;31m[Kerror: [m[Kno matching function for call to â€˜[01m[Kspin()[m[Kâ€™
  210 |     rclcpp::spin([01;31m[K)[m[K;
      |                  [01;31m[K^[m[K
In file included from [01m[K/opt/ros/humble/install/include/rclcpp/rclcpp/rclcpp.hpp:155[m[K,
                 from [01m[K/opt/ros/humble/install/include/message_filters/message_filters/subscriber.h:40[m[K,
                 from [01m[K/avlcode/workspaces/isaac_ros-dev/src/data_logger/src/data_logger_node2.cpp:12[m[K:
[01m[K/opt/ros/humble/install/include/rclcpp/rclcpp/executors.hpp:45:1:[m[K [01;36m[Knote: [m[Kcandidate: â€˜[01m[Kvoid rclcpp::spin(rclcpp::node_interfaces::NodeBaseInterface::SharedPtr)[m[Kâ€™
   45 | [01;36m[Kspin[m[K(rclcpp::node_interfaces::NodeBaseInterface::SharedPtr node_ptr);
      | [01;36m[K^~~~[m[K
[01m[K/opt/ros/humble/install/include/rclcpp/rclcpp/executors.hpp:45:1:[m[K [01;36m[Knote: [m[K  candidate expects 1 argument, 0 provided
[01m[K/opt/ros/humble/install/include/rclcpp/rclcpp/executors.hpp:49:1:[m[K [01;36m[Knote: [m[Kcandidate: â€˜[01m[Kvoid rclcpp::spin(rclcpp::Node::SharedPtr)[m[Kâ€™
   49 | [01;36m[Kspin[m[K(rclcpp::Node::SharedPtr node_ptr);
      | [01;36m[K^~~~[m[K
[01m[K/opt/ros/humble/install/include/rclcpp/rclcpp/executors.hpp:49:1:[m[K [01;36m[Knote: [m[K  candidate expects 1 argument, 0 provided
make[2]: *** [CMakeFiles/data_logger_node2.dir/build.make:76: CMakeFiles/data_logger_node2.dir/src/data_logger_node2.cpp.o] Error 1
make[1]: *** [CMakeFiles/Makefile2:137: CMakeFiles/data_logger_node2.dir/all] Error 2
make: *** [Makefile:146: all] Error 2
Traceback (most recent call last):
  File "/usr/lib/python3/dist-packages/colcon_core/executor/__init__.py", line 91, in __call__
    rc = await self.task(*args, **kwargs)
  File "/usr/lib/python3/dist-packages/colcon_core/task/__init__.py", line 93, in __call__
    return await task_method(*args, **kwargs)
  File "/usr/lib/python3/dist-packages/colcon_ros/task/ament_cmake/build.py", line 85, in build
    create_environment_scripts(
  File "/usr/lib/python3/dist-packages/colcon_core/environment/__init__.py", line 89, in create_environment_scripts
    create_file_with_runtime_dependencies(prefix_path, pkg))
  File "/usr/lib/python3/dist-packages/colcon_core/environment/__init__.py", line 172, in create_file_with_runtime_dependencies
    path.write_text(
  File "/usr/lib/python3.8/pathlib.py", line 1255, in write_text
    with self.open(mode='w', encoding=encoding, errors=errors) as f:
  File "/usr/lib/python3.8/pathlib.py", line 1222, in open
    return io.open(self, mode, buffering, encoding, errors, newline,
  File "/usr/lib/python3.8/pathlib.py", line 1078, in _opener
    return self._accessor.open(self, flags, mode)
PermissionError: [Errno 13] Permission denied: '/avlcode/workspaces/isaac_ros-dev/install/data_logger/share/colcon-core/packages/data_logger'
