[0.000000] (-) TimerEvent: {}
[0.000581] (-) JobUnselected: {'identifier': 'agv_bot_description'}
[0.000998] (-) JobUnselected: {'identifier': 'async_web_server_cpp'}
[0.001660] (-) JobUnselected: {'identifier': 'camera_calibration_parsers'}
[0.002071] (-) JobUnselected: {'identifier': 'camera_info_manager'}
[0.004592] (-) JobUnselected: {'identifier': 'camera_publishers'}
[0.004727] (-) JobUnselected: {'identifier': 'cv_bridge'}
[0.004930] (-) JobUnselected: {'identifier': 'data_logger'}
[0.005025] (-) JobUnselected: {'identifier': 'geodesy'}
[0.005074] (-) JobUnselected: {'identifier': 'geographic_info'}
[0.005166] (-) JobUnselected: {'identifier': 'geographic_msgs'}
[0.005241] (-) JobUnselected: {'identifier': 'gps_package'}
[0.007019] (-) JobUnselected: {'identifier': 'image_common'}
[0.007107] (-) JobUnselected: {'identifier': 'image_geometry'}
[0.007238] (-) JobUnselected: {'identifier': 'image_stitcher'}
[0.007323] (-) JobUnselected: {'identifier': 'image_transport'}
[0.007399] (-) JobUnselected: {'identifier': 'isaac_ros_apriltag_interfaces'}
[0.007447] (-) JobUnselected: {'identifier': 'isaac_ros_bi3d_interfaces'}
[0.009023] (-) JobUnselected: {'identifier': 'isaac_ros_common'}
[0.009121] (-) JobUnselected: {'identifier': 'isaac_ros_nvblox'}
[0.009275] (-) JobUnselected: {'identifier': 'isaac_ros_pointcloud_interfaces'}
[0.009356] (-) JobUnselected: {'identifier': 'isaac_ros_tensor_list_interfaces'}
[0.009408] (-) JobUnselected: {'identifier': 'isaac_ros_test'}
[0.009460] (-) JobUnselected: {'identifier': 'joint_state_publisher'}
[0.009522] (-) JobUnselected: {'identifier': 'joint_state_publisher_gui'}
[0.009947] (-) JobUnselected: {'identifier': 'motor_control_pkg'}
[0.010053] (-) JobUnselected: {'identifier': 'nvblox'}
[0.010119] (-) JobUnselected: {'identifier': 'nvblox_cpu_gpu_tools'}
[0.010167] (-) JobUnselected: {'identifier': 'nvblox_examples_bringup'}
[0.010212] (-) JobUnselected: {'identifier': 'nvblox_image_padding'}
[0.010260] (-) JobUnselected: {'identifier': 'nvblox_isaac_sim'}
[0.011742] (-) JobUnselected: {'identifier': 'nvblox_msgs'}
[0.013492] (-) JobUnselected: {'identifier': 'nvblox_nav2'}
[0.013604] (-) JobUnselected: {'identifier': 'nvblox_performance_measurement'}
[0.013691] (-) JobUnselected: {'identifier': 'nvblox_performance_measurement_msgs'}
[0.013770] (-) JobUnselected: {'identifier': 'nvblox_ros'}
[0.013847] (-) JobUnselected: {'identifier': 'nvblox_ros_common'}
[0.013923] (-) JobUnselected: {'identifier': 'nvblox_rviz_plugin'}
[0.013998] (-) JobUnselected: {'identifier': 'object_derek'}
[0.014073] (-) JobUnselected: {'identifier': 'opencv_tests'}
[0.014147] (-) JobUnselected: {'identifier': 'realsense2_camera'}
[0.014221] (-) JobUnselected: {'identifier': 'realsense2_camera_msgs'}
[0.014295] (-) JobUnselected: {'identifier': 'realsense2_description'}
[0.014368] (-) JobUnselected: {'identifier': 'realsense_obj_det'}
[0.014442] (-) JobUnselected: {'identifier': 'road_segmentation'}
[0.014517] (-) JobUnselected: {'identifier': 'semantic_label_conversion'}
[0.014593] (-) JobUnselected: {'identifier': 'simple_http_server'}
[0.014666] (-) JobUnselected: {'identifier': 'slam_toolbox'}
[0.014739] (-) JobUnselected: {'identifier': 'stdgpu'}
[0.014813] (-) JobUnselected: {'identifier': 'teleop_twist_joy'}
[0.014886] (-) JobUnselected: {'identifier': 'teleop_twist_keyboard'}
[0.014959] (-) JobUnselected: {'identifier': 'twist_converter'}
[0.015034] (-) JobUnselected: {'identifier': 'twist_mux'}
[0.015108] (-) JobUnselected: {'identifier': 'velodyne'}
[0.015181] (-) JobUnselected: {'identifier': 'velodyne_driver'}
[0.015254] (-) JobUnselected: {'identifier': 'velodyne_laserscan'}
[0.015327] (-) JobUnselected: {'identifier': 'velodyne_msgs'}
[0.015401] (-) JobUnselected: {'identifier': 'velodyne_pointcloud'}
[0.015475] (-) JobUnselected: {'identifier': 'vision_opencv'}
[0.015548] (-) JobUnselected: {'identifier': 'web_video_server'}
[0.015635] (-) JobUnselected: {'identifier': 'xacro'}
[0.015727] (end_to_end_CNN) JobQueued: {'identifier': 'end_to_end_CNN', 'dependencies': OrderedDict([('cv_bridge', '/avlcode/workspaces/isaac_ros-dev/install/cv_bridge')])}
[0.015859] (end_to_end_CNN) JobStarted: {'identifier': 'end_to_end_CNN'}
[0.099097] (-) TimerEvent: {}
[0.200277] (-) TimerEvent: {}
[0.301287] (-) TimerEvent: {}
[0.401919] (-) TimerEvent: {}
[0.502547] (-) TimerEvent: {}
[0.603178] (-) TimerEvent: {}
[0.703819] (-) TimerEvent: {}
[0.804446] (-) TimerEvent: {}
[0.905086] (-) TimerEvent: {}
[1.005754] (-) TimerEvent: {}
[1.106469] (-) TimerEvent: {}
[1.209568] (-) TimerEvent: {}
[1.310466] (-) TimerEvent: {}
[1.411360] (-) TimerEvent: {}
[1.512141] (-) TimerEvent: {}
[1.612932] (-) TimerEvent: {}
[1.713791] (-) TimerEvent: {}
[1.814604] (-) TimerEvent: {}
[1.915419] (-) TimerEvent: {}
[2.016293] (-) TimerEvent: {}
[2.117135] (-) TimerEvent: {}
[2.217942] (-) TimerEvent: {}
[2.318744] (-) TimerEvent: {}
[2.419564] (-) TimerEvent: {}
[2.520411] (-) TimerEvent: {}
[2.621230] (-) TimerEvent: {}
[2.722036] (-) TimerEvent: {}
[2.822839] (-) TimerEvent: {}
[2.923693] (-) TimerEvent: {}
[3.024605] (-) TimerEvent: {}
[3.040181] (end_to_end_CNN) StderrLine: {'line': b'Traceback (most recent call last):\n  File "/usr/lib/python3/dist-packages/colcon_parallel_executor/executor/parallel.py", line 67, in execute\n    loop.run_until_complete(future)\n  File "/usr/lib/python3.8/asyncio/base_events.py", line 603, in run_until_complete\n    self.run_forever()\n  File "/usr/lib/python3.8/asyncio/base_events.py", line 570, in run_forever\n    self._run_once()\n  File "/usr/lib/python3.8/asyncio/base_events.py", line 1823, in _run_once\n    event_list = self._selector.select(timeout)\n  File "/usr/lib/python3.8/selectors.py", line 468, in select\n    fd_event_list = self._selector.poll(timeout, max_ev)\nKeyboardInterrupt\n\nDuring handling of the above exception, another exception occurred:\n\nTraceback (most recent call last):\n  File "/usr/lib/python3/dist-packages/colcon_core/executor/__init__.py", line 91, in __call__\n    rc = await self.task(*args, **kwargs)\n  File "/usr/lib/python3/dist-packages/colcon_core/task/__init__.py", line 93, in __call__\n    return await task_method(*args, **kwargs)\n  File "/usr/lib/python3/dist-packages/colcon_ros/task/ament_python/build.py", line 105, in build\n    return await extension.build(additional_hooks=additional_hooks)\n  File "/usr/lib/python3/dist-packages/colcon_core/task/python/build.py", line 81, in build\n    available_commands = await self._get_available_commands(\n  File "/usr/lib/python3/dist-packages/colcon_core/task/python/build.py", line 171, in _get_available_commands\n    output = await check_output(\n  File "/usr/lib/python3/dist-packages/colcon_core/subprocess.py", line 128, in check_output\n    assert not rc, f\'Expected {args} to pass: {stderr_data}\'\nAssertionError: Expected [\'/usr/bin/python3\', \'setup.py\', \'--help-commands\'] to pass: Traceback (most recent call last):\n  File "setup.py", line 5, in <module>\n    setup(\n  File "/usr/local/lib/python3.8/dist-packages/setuptools/__init__.py", line 87, in setup\n    return distutils.core.setup(**attrs)\n  File "/usr/local/lib/python3.8/dist-packages/setuptools/_distutils/core.py", line 172, in setup\n    ok = dist.parse_command_line()\n  File "/usr/local/lib/python3.8/dist-packages/setuptools/_distutils/dist.py", line 472, in parse_command_line\n    if self.handle_display_options(option_order):\n  File "/usr/local/lib/python3.8/dist-packages/setuptools/dist.py", line 1184, in handle_display_options\n    return _Distribution.handle_display_options(self, option_order)\n  File "/usr/local/lib/python3.8/dist-packages/setuptools/_distutils/dist.py", line 686, in handle_display_options\n    self.print_commands()\n  File "/usr/local/lib/python3.8/dist-packages/setuptools/dist.py", line 963, in print_commands\n    return _Distribution.print_commands(self)\n  File "/usr/local/lib/python3.8/dist-packages/setuptools/_distutils/dist.py", line 755, in print_commands\n    self.print_command_list(std_commands, "Standard commands", max_length)\n  File "/usr/local/lib/python3.8/dist-packages/setuptools/_distutils/dist.py", line 722, in print_command_list\n    klass = self.get_command_class(cmd)\n  File "/usr/local/lib/python3.8/dist-packages/setuptools/dist.py", line 951, in get_command_class\n    eps = metadata.entry_points(group=\'distutils.commands\', name=command)\n  File "/usr/local/lib/python3.8/dist-packages/setuptools/_vendor/importlib_metadata/__init__.py", line 999, in entry_points\n    return SelectableGroups.load(eps).select(**params)\n  File "/usr/local/lib/python3.8/dist-packages/setuptools/_vendor/importlib_metadata/__init__.py", line 449, in load\n    ordered = sorted(eps, key=by_group)\n  File "/usr/local/lib/python3.8/dist-packages/setuptools/_vendor/importlib_metadata/__init__.py", line 997, in <genexpr>\n    dist.entry_points for dist in unique(distributions())\n  File "/usr/local/lib/python3.8/dist-packages/setuptools/_vendor/importlib_metadata/__init__.py", line 609, in entry_points\n    return EntryPoints._from_text_for(self.read_text(\'entry_points.txt\'), self)\n  File "/usr/local/lib/python3.8/dist-packages/setuptools/_vendor/importlib_metadata/__init__.py", line 917, in read_text\n    return self._path.joinpath(filename).read_text(encoding=\'utf-8\')\n  File "/usr/lib/python3.8/pathlib.py", line 1236, in read_text\n    with self.open(mode=\'r\', encoding=encoding, errors=errors) as f:\n  File "/usr/lib/python3.8/pathlib.py", line 1222, in open\n    return io.open(self, mode, buffering, encoding, errors, newline,\n  File "/usr/lib/python3.8/pathlib.py", line 1076, in _opener\n    def _opener(self, name, flags, mode=0o666):\nKeyboardInterrupt\n\n'}
[3.042504] (end_to_end_CNN) JobEnded: {'identifier': 'end_to_end_CNN', 'rc': 'SIGINT'}
[3.051155] (-) EventReactorShutdown: {}
