[0.254s] Invoking command in '/workspaces/isaac_ros-dev/build/velodyne_msgs': /usr/bin/cmake --build /workspaces/isaac_ros-dev/build/velodyne_msgs -- -j12 -l12
[1.313s] [  2%] Built target velodyne_msgs__cpp
[1.315s] [ 12%] Built target velodyne_msgs__rosidl_generator_c
[1.315s] [ 23%] Built target velodyne_msgs__rosidl_typesupport_cpp
[1.320s] failed to create symbolic link '/workspaces/isaac_ros-dev/build/velodyne_msgs/ament_cmake_python/velodyne_msgs/velodyne_msgs' because existing path cannot be removed: Is a directory
[1.320s] make[2]: *** [CMakeFiles/ament_cmake_python_symlink_velodyne_msgs.dir/build.make:70: CMakeFiles/ament_cmake_python_symlink_velodyne_msgs] Error 1
[1.320s] make[1]: *** [CMakeFiles/Makefile2:421: CMakeFiles/ament_cmake_python_symlink_velodyne_msgs.dir/all] Error 2
[1.320s] make[1]: *** Waiting for unfinished jobs....
[1.320s] make: *** [Makefile:146: all] Error 2
[1.354s] Invoked command in '/workspaces/isaac_ros-dev/build/velodyne_msgs' returned '2': /usr/bin/cmake --build /workspaces/isaac_ros-dev/build/velodyne_msgs -- -j12 -l12
