[0.273s] Invoking command in '/workspaces/isaac_ros-dev/build/realsense2_camera_msgs': /usr/bin/cmake /workspaces/isaac_ros-dev/src/realsense-ros/realsense2_camera_msgs -DAMENT_CMAKE_SYMLINK_INSTALL=1 -DCMAKE_INSTALL_PREFIX=/workspaces/isaac_ros-dev/install/realsense2_camera_msgs
[1.489s] -- Found ament_cmake: 1.3.3 (/opt/ros/humble/install/share/ament_cmake/cmake)
[1.489s] -- Override CMake install command with custom implementation using symlinks instead of copying resources
[1.489s] -- Found rosidl_default_generators: 1.2.0 (/opt/ros/humble/install/share/rosidl_default_generators/cmake)
[1.489s] -- Using all available rosidl_typesupport_c: rosidl_typesupport_fastrtps_c;rosidl_typesupport_introspection_c
[1.489s] -- Found rosidl_adapter: 3.1.4 (/opt/ros/humble/install/share/rosidl_adapter/cmake)
[1.490s] -- Using all available rosidl_typesupport_cpp: rosidl_typesupport_fastrtps_cpp;rosidl_typesupport_introspection_cpp
[1.490s] -- Found builtin_interfaces: 1.2.1 (/opt/ros/humble/install/share/builtin_interfaces/cmake)
[1.490s] -- Found std_msgs: 4.2.3 (/opt/ros/humble/install/share/std_msgs/cmake)
[1.490s] -- Found ament_cmake_cppcheck: 0.12.5 (/opt/ros/humble/install/share/ament_cmake_cppcheck/cmake)
[1.490s] -- Found ament_cmake_cpplint: 0.12.5 (/opt/ros/humble/install/share/ament_cmake_cpplint/cmake)
[1.490s] -- Found ament_cmake_uncrustify: 0.12.5 (/opt/ros/humble/install/share/ament_cmake_uncrustify/cmake)
[1.491s] -- Found ament_cmake_ros: 0.10.0 (/opt/ros/humble/install/share/ament_cmake_ros/cmake)
[1.805s] -- Using all available rosidl_typesupport_c: rosidl_typesupport_fastrtps_c;rosidl_typesupport_introspection_c
[2.240s] -- Using all available rosidl_typesupport_cpp: rosidl_typesupport_fastrtps_cpp;rosidl_typesupport_introspection_cpp
[2.306s] -- Found python_cmake_module: 0.10.0 (/opt/ros/humble/install/share/python_cmake_module/cmake)
[2.512s] -- Using PYTHON_EXECUTABLE: /usr/bin/python3
[2.512s] -- Using PYTHON_INCLUDE_DIRS: /usr/include/python3.8
[2.512s] -- Using PYTHON_LIBRARIES: /usr/lib/aarch64-linux-gnu/libpython3.8.so
[2.587s] -- Found ament_cmake_flake8: 0.12.5 (/opt/ros/humble/install/share/ament_cmake_flake8/cmake)
[2.587s] -- Found ament_cmake_pep257: 0.12.5 (/opt/ros/humble/install/share/ament_cmake_pep257/cmake)
[2.588s] -- Configuring done
[2.608s] -- Generating done
[2.608s] -- Build files have been written to: /workspaces/isaac_ros-dev/build/realsense2_camera_msgs
[2.798s] Invoked command in '/workspaces/isaac_ros-dev/build/realsense2_camera_msgs' returned '0': /usr/bin/cmake /workspaces/isaac_ros-dev/src/realsense-ros/realsense2_camera_msgs -DAMENT_CMAKE_SYMLINK_INSTALL=1 -DCMAKE_INSTALL_PREFIX=/workspaces/isaac_ros-dev/install/realsense2_camera_msgs
[2.805s] Invoking command in '/workspaces/isaac_ros-dev/build/realsense2_camera_msgs': /usr/bin/cmake --build /workspaces/isaac_ros-dev/build/realsense2_camera_msgs -- -j12 -l12
[2.894s] [35m[1mConsolidate compiler generated dependencies of target realsense2_camera_msgs__rosidl_generator_c[0m
[2.911s] failed to create symbolic link '/workspaces/isaac_ros-dev/build/realsense2_camera_msgs/ament_cmake_python/realsense2_camera_msgs/realsense2_camera_msgs' because existing path cannot be removed: Is a directory
[2.911s] make[2]: *** [CMakeFiles/ament_cmake_python_symlink_realsense2_camera_msgs.dir/build.make:70: CMakeFiles/ament_cmake_python_symlink_realsense2_camera_msgs] Error 1
[2.912s] make[1]: *** [CMakeFiles/Makefile2:421: CMakeFiles/ament_cmake_python_symlink_realsense2_camera_msgs.dir/all] Error 2
[2.912s] make[1]: *** Waiting for unfinished jobs....
[2.931s] [  1%] Built target realsense2_camera_msgs__cpp
[2.939s] [ 12%] Built target realsense2_camera_msgs__rosidl_generator_c
[2.941s] make: *** [Makefile:146: all] Error 2
[3.063s] Invoked command in '/workspaces/isaac_ros-dev/build/realsense2_camera_msgs' returned '2': /usr/bin/cmake --build /workspaces/isaac_ros-dev/build/realsense2_camera_msgs -- -j12 -l12
