[0.254s] Invoking command in '/workspaces/isaac_ros-dev/build/velodyne_msgs': /usr/bin/cmake /workspaces/isaac_ros-dev/src/velodyne/velodyne_msgs -DCMAKE_INSTALL_PREFIX=/workspaces/isaac_ros-dev/install/velodyne_msgs
[1.486s] -- Found ament_cmake: 1.3.3 (/opt/ros/humble/install/share/ament_cmake/cmake)
[1.486s] -- Override CMake install command with custom implementation using symlinks instead of copying resources
[1.487s] -- Found builtin_interfaces: 1.2.1 (/opt/ros/humble/install/share/builtin_interfaces/cmake)
[1.487s] -- Found rosidl_generator_c: 3.1.4 (/opt/ros/humble/install/share/rosidl_generator_c/cmake)
[1.487s] -- Found rosidl_adapter: 3.1.4 (/opt/ros/humble/install/share/rosidl_adapter/cmake)
[1.487s] -- Found rosidl_generator_cpp: 3.1.4 (/opt/ros/humble/install/share/rosidl_generator_cpp/cmake)
[1.487s] -- Using all available rosidl_typesupport_c: rosidl_typesupport_fastrtps_c;rosidl_typesupport_introspection_c
[1.487s] -- Using all available rosidl_typesupport_cpp: rosidl_typesupport_fastrtps_cpp;rosidl_typesupport_introspection_cpp
[1.488s] -- Found rosidl_default_generators: 1.2.0 (/opt/ros/humble/install/share/rosidl_default_generators/cmake)
[1.488s] -- Found std_msgs: 4.2.3 (/opt/ros/humble/install/share/std_msgs/cmake)
[1.516s] -- Found ament_cmake_cppcheck: 0.12.5 (/opt/ros/humble/install/share/ament_cmake_cppcheck/cmake)
[1.518s] -- Found ament_cmake_cpplint: 0.12.5 (/opt/ros/humble/install/share/ament_cmake_cpplint/cmake)
[1.520s] -- Found ament_cmake_uncrustify: 0.12.5 (/opt/ros/humble/install/share/ament_cmake_uncrustify/cmake)
[1.522s] -- Found ament_cmake_ros: 0.10.0 (/opt/ros/humble/install/share/ament_cmake_ros/cmake)
[2.112s] -- Using all available rosidl_typesupport_c: rosidl_typesupport_fastrtps_c;rosidl_typesupport_introspection_c
[2.325s] -- Using all available rosidl_typesupport_cpp: rosidl_typesupport_fastrtps_cpp;rosidl_typesupport_introspection_cpp
[2.397s] -- Found python_cmake_module: 0.10.0 (/opt/ros/humble/install/share/python_cmake_module/cmake)
[2.468s] -- Using PYTHON_EXECUTABLE: /usr/bin/python3
[2.469s] -- Using PYTHON_INCLUDE_DIRS: /usr/include/python3.8
[2.469s] -- Using PYTHON_LIBRARIES: /usr/lib/aarch64-linux-gnu/libpython3.8.so
[2.546s] -- Found ament_cmake_flake8: 0.12.5 (/opt/ros/humble/install/share/ament_cmake_flake8/cmake)
[2.547s] -- Found ament_cmake_pep257: 0.12.5 (/opt/ros/humble/install/share/ament_cmake_pep257/cmake)
[2.554s] -- Found ament_lint_auto: 0.12.5 (/opt/ros/humble/install/share/ament_lint_auto/cmake)
[2.584s] -- Added test 'copyright' to check source files copyright and LICENSE
[2.585s] -- Added test 'lint_cmake' to check CMake code style
[2.586s] -- Added test 'xmllint' to check XML markup files
[2.599s] -- Configuring done
[2.707s] -- Generating done
[2.722s] -- Build files have been written to: /workspaces/isaac_ros-dev/build/velodyne_msgs
[2.875s] Invoked command in '/workspaces/isaac_ros-dev/build/velodyne_msgs' returned '0': /usr/bin/cmake /workspaces/isaac_ros-dev/src/velodyne/velodyne_msgs -DCMAKE_INSTALL_PREFIX=/workspaces/isaac_ros-dev/install/velodyne_msgs
[2.876s] Invoking command in '/workspaces/isaac_ros-dev/build/velodyne_msgs': /usr/bin/cmake --build /workspaces/isaac_ros-dev/build/velodyne_msgs -- -j12 -l12
[3.008s] [35m[1mConsolidate compiler generated dependencies of target velodyne_msgs__rosidl_generator_c[0m
[3.008s] [ 10%] Built target velodyne_msgs__rosidl_generator_c
[3.008s] [ 12%] Built target velodyne_msgs__cpp
[3.008s] failed to create symbolic link '/workspaces/isaac_ros-dev/build/velodyne_msgs/ament_cmake_python/velodyne_msgs/velodyne_msgs' because existing path cannot be removed: Is a directory
[3.009s] make[2]: *** [CMakeFiles/ament_cmake_python_symlink_velodyne_msgs.dir/build.make:70: CMakeFiles/ament_cmake_python_symlink_velodyne_msgs] Error 1
[3.009s] make[1]: *** [CMakeFiles/Makefile2:421: CMakeFiles/ament_cmake_python_symlink_velodyne_msgs.dir/all] Error 2
[3.009s] make[1]: *** Waiting for unfinished jobs....
[3.009s] make: *** [Makefile:146: all] Error 2
[3.096s] Invoked command in '/workspaces/isaac_ros-dev/build/velodyne_msgs' returned '2': /usr/bin/cmake --build /workspaces/isaac_ros-dev/build/velodyne_msgs -- -j12 -l12
