[0.034s] Invoking command in '/avlcode/workspaces/isaac_ros-dev/build/data_logger': AMENT_PREFIX_PATH=/avlcode/workspaces/isaac_ros-dev/install/image_transport CMAKE_PREFIX_PATH=/avlcode/workspaces/isaac_ros-dev/install/image_transport:/avlcode/workspaces/isaac_ros-dev/install/cv_bridge LD_LIBRARY_PATH=/avlcode/workspaces/isaac_ros-dev/install/image_transport/lib:/avlcode/workspaces/isaac_ros-dev/install/cv_bridge/lib PYTHONPATH=/avlcode/workspaces/isaac_ros-dev/install/cv_bridge/lib/python3.8/site-packages /usr/bin/cmake --build /avlcode/workspaces/isaac_ros-dev/build/data_logger -- -j12 -l12
[0.089s] [35m[1mConsolidate compiler generated dependencies of target data_logger_node2[0m
[0.121s] [ 50%] [32mBuilding CXX object CMakeFiles/data_logger_node2.dir/src/data_logger_node2.cpp.o[0m
[9.941s] [01m[K/avlcode/workspaces/isaac_ros-dev/src/data_logger/src/data_logger_node2.cpp:[m[K In constructor â€˜[01m[KDataLogger::DataLogger()[m[Kâ€™:
[9.942s] [01m[K/avlcode/workspaces/isaac_ros-dev/src/data_logger/src/data_logger_node2.cpp:30:47:[m[K [01;31m[Kerror: [m[Kexpected identifier before â€˜[01m[K{[m[Kâ€™ token
[9.942s]    30 |             m_log_count(0), m_image_count(0), [01;31m[K{[m[K
[9.942s]       |                                               [01;31m[K^[m[K
[9.953s] [01m[K/avlcode/workspaces/isaac_ros-dev/src/data_logger/src/data_logger_node2.cpp:49:22:[m[K [01;35m[Kwarning: [m[Kunused variable â€˜[01m[Kentry[m[Kâ€™ [[01;35m[K-Wunused-variable[m[K]
[9.953s]    49 |     for (const auto &[01;35m[Kentry[m[K : fs::directory_iterator(m_drive)) {
[9.953s]       |                      [01;35m[K^~~~~[m[K
[9.955s] [01m[K/avlcode/workspaces/isaac_ros-dev/src/data_logger/src/data_logger_node2.cpp:65:22:[m[K [01;35m[Kwarning: [m[Kunused variable â€˜[01m[Kentry[m[Kâ€™ [[01;35m[K-Wunused-variable[m[K]
[9.955s]    65 |     for (const auto &[01;35m[Kentry[m[K : fs::directory_iterator(m_image_drive)) {
[9.955s]       |                      [01;35m[K^~~~~[m[K
[9.961s] [01m[K/avlcode/workspaces/isaac_ros-dev/src/data_logger/src/data_logger_node2.cpp:100:107:[m[K [01;31m[Kerror: [m[Kâ€˜[01m[Kmsgs[m[Kâ€™ is not a member of â€˜[01m[Ksensor_msgs[m[Kâ€™; did you mean â€˜[01m[Kmsg[m[Kâ€™?
[9.961s]   100 |             typedef message_filters::sync_policies::ApproximateTime<sensor_msgs::msg::Image, sensor_msgs::[01;31m[Kmsgs[m[K::Image,
[9.961s]       |                                                                                                           [01;31m[K^~~~[m[K
[9.961s]       |                                                                                                           [32m[Kmsg[m[K
[9.962s] [01m[K/avlcode/workspaces/isaac_ros-dev/src/data_logger/src/data_logger_node2.cpp:101:69:[m[K [01;31m[Kerror: [m[Ktemplate argument 2 is invalid
[9.962s]   101 |                 sensor_msgs::msgs::Image, geometry_msgs::msgs::Twist[01;31m[K>[m[K approximate_policy;
[9.962s]       |                                                                     [01;31m[K^[m[K
[9.962s] In file included from [01m[K/opt/ros/humble/install/include/message_filters/message_filters/time_synchronizer.h:41[m[K,
[9.963s]                  from [01m[K/avlcode/workspaces/isaac_ros-dev/src/data_logger/src/data_logger_node2.cpp:13[m[K:
[9.963s] /opt/ros/humble/install/include/message_filters/message_filters/synchronizer.h: In instantiation of â€˜[01m[Kclass message_filters::Synchronizer<int>[m[Kâ€™:
[9.963s] [01m[K/avlcode/workspaces/isaac_ros-dev/src/data_logger/src/data_logger_node2.cpp:104:35:[m[K   required from here
[9.963s] [01m[K/opt/ros/humble/install/include/message_filters/message_filters/synchronizer.h:53:7:[m[K [01;31m[Kerror: [m[Kbase type â€˜[01m[Kint[m[Kâ€™ fails to be a struct or class type
[9.963s]    53 | class [01;31m[KSynchronizer[m[K : public noncopyable, public Policy
[9.963s]       |       [01;31m[K^~~~~~~~~~~~[m[K
[9.963s] [01m[K/opt/ros/humble/install/include/message_filters/message_filters/synchronizer.h:56:37:[m[K [01;31m[Kerror: [m[Kâ€˜[01m[Kint[m[Kâ€™ is not a class, struct, or union type
[9.964s]    56 |   typedef typename Policy::Messages [01;31m[KMessages[m[K;
[9.964s]       |                                     [01;31m[K^~~~~~~~[m[K
[9.964s] [01m[K/opt/ros/humble/install/include/message_filters/message_filters/synchronizer.h:57:35:[m[K [01;31m[Kerror: [m[Kâ€˜[01m[Kint[m[Kâ€™ is not a class, struct, or union type
[9.964s]    57 |   typedef typename Policy::Events [01;31m[KEvents[m[K;
[9.964s]       |                                   [01;31m[K^~~~~~[m[K
[9.964s] [01m[K/opt/ros/humble/install/include/message_filters/message_filters/synchronizer.h:58:35:[m[K [01;31m[Kerror: [m[Kâ€˜[01m[Kint[m[Kâ€™ is not a class, struct, or union type
[9.964s]    58 |   typedef typename Policy::Signal [01;31m[KSignal[m[K;
[9.965s]       |                                   [01;31m[K^~~~~~[m[K
[9.965s] [01m[K/opt/ros/humble/install/include/message_filters/message_filters/synchronizer.h:60:58:[m[K [01;31m[Kerror: [m[Kâ€˜[01m[Kint[m[Kâ€™ is not a class, struct, or union type
[9.965s]    60 |   typedef typename std::tuple_element<0, Messages>::type [01;31m[KM0[m[K;
[9.965s]       |                                                          [01;31m[K^~[m[K
[9.965s] [01m[K/opt/ros/humble/install/include/message_filters/message_filters/synchronizer.h:61:58:[m[K [01;31m[Kerror: [m[Kâ€˜[01m[Kint[m[Kâ€™ is not a class, struct, or union type
[9.965s]    61 |   typedef typename std::tuple_element<1, Messages>::type [01;31m[KM1[m[K;
[9.965s]       |                                                          [01;31m[K^~[m[K
[9.966s] [01m[K/opt/ros/humble/install/include/message_filters/message_filters/synchronizer.h:62:58:[m[K [01;31m[Kerror: [m[Kâ€˜[01m[Kint[m[Kâ€™ is not a class, struct, or union type
[9.966s]    62 |   typedef typename std::tuple_element<2, Messages>::type [01;31m[KM2[m[K;
[9.966s]       |                                                          [01;31m[K^~[m[K
[9.966s] [01m[K/opt/ros/humble/install/include/message_filters/message_filters/synchronizer.h:63:58:[m[K [01;31m[Kerror: [m[Kâ€˜[01m[Kint[m[Kâ€™ is not a class, struct, or union type
[9.966s]    63 |   typedef typename std::tuple_element<3, Messages>::type [01;31m[KM3[m[K;
[9.966s]       |                                                          [01;31m[K^~[m[K
[9.966s] [01m[K/opt/ros/humble/install/include/message_filters/message_filters/synchronizer.h:64:58:[m[K [01;31m[Kerror: [m[Kâ€˜[01m[Kint[m[Kâ€™ is not a class, struct, or union type
[9.966s]    64 |   typedef typename std::tuple_element<4, Messages>::type [01;31m[KM4[m[K;
[9.967s]       |                                                          [01;31m[K^~[m[K
[9.967s] [01m[K/opt/ros/humble/install/include/message_filters/message_filters/synchronizer.h:65:58:[m[K [01;31m[Kerror: [m[Kâ€˜[01m[Kint[m[Kâ€™ is not a class, struct, or union type
[9.967s]    65 |   typedef typename std::tuple_element<5, Messages>::type [01;31m[KM5[m[K;
[9.967s]       |                                                          [01;31m[K^~[m[K
[9.967s] [01m[K/opt/ros/humble/install/include/message_filters/message_filters/synchronizer.h:66:58:[m[K [01;31m[Kerror: [m[Kâ€˜[01m[Kint[m[Kâ€™ is not a class, struct, or union type
[9.967s]    66 |   typedef typename std::tuple_element<6, Messages>::type [01;31m[KM6[m[K;
[9.967s]       |                                                          [01;31m[K^~[m[K
[9.967s] [01m[K/opt/ros/humble/install/include/message_filters/message_filters/synchronizer.h:67:58:[m[K [01;31m[Kerror: [m[Kâ€˜[01m[Kint[m[Kâ€™ is not a class, struct, or union type
[9.968s]    67 |   typedef typename std::tuple_element<7, Messages>::type [01;31m[KM7[m[K;
[9.968s]       |                                                          [01;31m[K^~[m[K
[9.968s] [01m[K/opt/ros/humble/install/include/message_filters/message_filters/synchronizer.h:68:58:[m[K [01;31m[Kerror: [m[Kâ€˜[01m[Kint[m[Kâ€™ is not a class, struct, or union type
[9.968s]    68 |   typedef typename std::tuple_element<8, Messages>::type [01;31m[KM8[m[K;
[9.968s]       |                                                          [01;31m[K^~[m[K
[9.968s] [01m[K/opt/ros/humble/install/include/message_filters/message_filters/synchronizer.h:71:56:[m[K [01;31m[Kerror: [m[Kâ€˜[01m[Kint[m[Kâ€™ is not a class, struct, or union type
[9.968s]    71 |   typedef typename std::tuple_element<0, Events>::type [01;31m[KM0Event[m[K;
[9.969s]       |                                                        [01;31m[K^~~~~~~[m[K
[9.969s] [01m[K/opt/ros/humble/install/include/message_filters/message_filters/synchronizer.h:72:56:[m[K [01;31m[Kerror: [m[Kâ€˜[01m[Kint[m[Kâ€™ is not a class, struct, or union type
[9.969s]    72 |   typedef typename std::tuple_element<1, Events>::type [01;31m[KM1Event[m[K;
[9.969s]       |                                                        [01;31m[K^~~~~~~[m[K
[9.969s] [01m[K/opt/ros/humble/install/include/message_filters/message_filters/synchronizer.h:73:56:[m[K [01;31m[Kerror: [m[Kâ€˜[01m[Kint[m[Kâ€™ is not a class, struct, or union type
[9.969s]    73 |   typedef typename std::tuple_element<2, Events>::type [01;31m[KM2Event[m[K;
[9.969s]       |                                                        [01;31m[K^~~~~~~[m[K
[9.969s] [01m[K/opt/ros/humble/install/include/message_filters/message_filters/synchronizer.h:74:56:[m[K [01;31m[Kerror: [m[Kâ€˜[01m[Kint[m[Kâ€™ is not a class, struct, or union type
[9.970s]    74 |   typedef typename std::tuple_element<3, Events>::type [01;31m[KM3Event[m[K;
[9.970s]       |                                                        [01;31m[K^~~~~~~[m[K
[9.970s] [01m[K/opt/ros/humble/install/include/message_filters/message_filters/synchronizer.h:75:56:[m[K [01;31m[Kerror: [m[Kâ€˜[01m[Kint[m[Kâ€™ is not a class, struct, or union type
[9.970s]    75 |   typedef typename std::tuple_element<4, Events>::type [01;31m[KM4Event[m[K;
[9.970s]       |                                                        [01;31m[K^~~~~~~[m[K
[9.970s] [01m[K/opt/ros/humble/install/include/message_filters/message_filters/synchronizer.h:76:56:[m[K [01;31m[Kerror: [m[Kâ€˜[01m[Kint[m[Kâ€™ is not a class, struct, or union type
[9.970s]    76 |   typedef typename std::tuple_element<5, Events>::type [01;31m[KM5Event[m[K;
[9.971s]       |                                                        [01;31m[K^~~~~~~[m[K
[9.971s] [01m[K/opt/ros/humble/install/include/message_filters/message_filters/synchronizer.h:77:56:[m[K [01;31m[Kerror: [m[Kâ€˜[01m[Kint[m[Kâ€™ is not a class, struct, or union type
[9.971s]    77 |   typedef typename std::tuple_element<6, Events>::type [01;31m[KM6Event[m[K;
[9.971s]       |                                                        [01;31m[K^~~~~~~[m[K
[9.971s] [01m[K/opt/ros/humble/install/include/message_filters/message_filters/synchronizer.h:78:56:[m[K [01;31m[Kerror: [m[Kâ€˜[01m[Kint[m[Kâ€™ is not a class, struct, or union type
[9.971s]    78 |   typedef typename std::tuple_element<7, Events>::type [01;31m[KM7Event[m[K;
[9.971s]       |                                                        [01;31m[K^~~~~~~[m[K
[9.971s] [01m[K/opt/ros/humble/install/include/message_filters/message_filters/synchronizer.h:79:56:[m[K [01;31m[Kerror: [m[Kâ€˜[01m[Kint[m[Kâ€™ is not a class, struct, or union type
[9.972s]    79 |   typedef typename std::tuple_element<8, Events>::type [01;31m[KM8Event[m[K;
[9.972s]       |                                                        [01;31m[K^~~~~~~[m[K
[9.972s] In file included from [01m[K/opt/ros/humble/install/include/message_filters/message_filters/time_synchronizer.h:41[m[K,
[9.972s]                  from [01m[K/avlcode/workspaces/isaac_ros-dev/src/data_logger/src/data_logger_node2.cpp:13[m[K:
[9.972s] [01m[K/opt/ros/humble/install/include/message_filters/message_filters/synchronizer.h:325:17:[m[K [01;31m[Kerror: [m[Ktype â€˜[01m[Kint[m[Kâ€™ is not a base type for type â€˜[01m[Kmessage_filters::Synchronizer<int>[m[Kâ€™
[9.972s]   325 |   using Policy::[01;31m[Kadd[m[K;
[9.972s]       |                 [01;31m[K^~~[m[K
[9.972s] [01m[K/opt/ros/humble/install/include/message_filters/message_filters/synchronizer.h:328:8:[m[K [01;31m[Kerror: [m[Kâ€˜[01m[Kint[m[Kâ€™ is not a class, struct, or union type
[9.973s]   328 |   void [01;31m[Kadd[m[K(const std::shared_ptr<typename std::tuple_element<i, Messages>::type const>& msg)
[9.973s]       |        [01;31m[K^~~[m[K
[9.973s] [01m[K/opt/ros/humble/install/include/message_filters/message_filters/synchronizer.h:344:8:[m[K [01;31m[Kerror: [m[Kâ€˜[01m[Kint[m[Kâ€™ is not a class, struct, or union type
[9.973s]   344 |   void [01;31m[Kcb[m[K(const typename std::tuple_element<i, Events>::type& evt)
[9.973s]       |        [01;31m[K^~[m[K
[9.973s] [01m[K/avlcode/workspaces/isaac_ros-dev/src/data_logger/src/data_logger_node2.cpp:104:40:[m[K [01;31m[Kerror: [m[Kexpression list treated as compound expression in functional cast [[01;31m[K-fpermissive[m[K]
[9.973s]   104 |                 approximate_policy(1, 0[01;31m[K)[m[K, m_front_camera, m_left_camera, m_right_camera, m_steering_msg);
[9.974s]       |                                        [01;31m[K^[m[K
[9.974s] [01m[K/avlcode/workspaces/isaac_ros-dev/src/data_logger/src/data_logger_node2.cpp:104:36:[m[K [01;35m[Kwarning: [m[Kleft operand of comma operator has no effect [[01;35m[K-Wunused-value[m[K]
[9.974s]   104 |                 approximate_policy([01;35m[K1[m[K, 0), m_front_camera, m_left_camera, m_right_camera, m_steering_msg);
[9.974s]       |                                    [01;35m[K^[m[K
[9.974s] [01m[K/avlcode/workspaces/isaac_ros-dev/src/data_logger/src/data_logger_node2.cpp:106:29:[m[K [01;31m[Kerror: [m[Kâ€˜[01m[Kclass message_filters::Synchronizer<int>[m[Kâ€™ has no member named â€˜[01m[KsetMaxIntervalDuration[m[Kâ€™
[9.974s]   106 |             syncApproximate.[01;31m[KsetMaxIntervalDuration[m[K(rclcpp::Duration(3, 0));
[9.974s]       |                             [01;31m[K^~~~~~~~~~~~~~~~~~~~~~[m[K
[10.550s] In file included from [01m[K/opt/ros/humble/install/include/message_filters/message_filters/time_synchronizer.h:41[m[K,
[10.550s]                  from [01m[K/avlcode/workspaces/isaac_ros-dev/src/data_logger/src/data_logger_node2.cpp:13[m[K:
[10.550s] /opt/ros/humble/install/include/message_filters/message_filters/synchronizer.h: In instantiation of â€˜[01m[Kmessage_filters::Synchronizer<Policy>::Synchronizer(const Policy&, F0&, F1&, F2&, F3&) [with F0 = message_filters::Subscriber<sensor_msgs::msg::Image_<std::allocator<void> > >; F1 = message_filters::Subscriber<sensor_msgs::msg::Image_<std::allocator<void> > >; F2 = message_filters::Subscriber<sensor_msgs::msg::Image_<std::allocator<void> > >; F3 = message_filters::Subscriber<geometry_msgs::msg::Twist_<std::allocator<void> > >; Policy = int][m[Kâ€™:
[10.551s] [01m[K/avlcode/workspaces/isaac_ros-dev/src/data_logger/src/data_logger_node2.cpp:104:104:[m[K   required from here
[10.551s] [01m[K/opt/ros/humble/install/include/message_filters/message_filters/synchronizer.h:162:18:[m[K [01;31m[Kerror: [m[Ktype â€˜[01m[Kint[m[Kâ€™ is not a direct base of â€˜[01m[Kmessage_filters::Synchronizer<int>[m[Kâ€™
[10.551s]   162 |   : Policy(policy[01;31m[K)[m[K
[10.551s]       |                  [01;31m[K^[m[K
[10.551s] In file included from [01m[K/opt/ros/humble/install/include/message_filters/message_filters/time_synchronizer.h:41[m[K,
[10.551s]                  from [01m[K/avlcode/workspaces/isaac_ros-dev/src/data_logger/src/data_logger_node2.cpp:13[m[K:
[10.551s] /opt/ros/humble/install/include/message_filters/message_filters/synchronizer.h: In instantiation of â€˜[01m[Kmessage_filters::Connection message_filters::Synchronizer<Policy>::registerCallback(const C&, T*) [with C = void (DataLogger::*)(const sensor_msgs::msg::Image_<std::allocator<void> >&, const sensor_msgs::msg::Image_<std::allocator<void> >&, const sensor_msgs::msg::Image_<std::allocator<void> >&, std::shared_ptr<geometry_msgs::msg::Twist_<std::allocator<void> > >); T = DataLogger; Policy = int][m[Kâ€™:
[10.552s] [01m[K/avlcode/workspaces/isaac_ros-dev/src/data_logger/src/data_logger_node2.cpp:107:85:[m[K   required from here
[10.552s] [01m[K/opt/ros/humble/install/include/message_filters/message_filters/synchronizer.h:304:12:[m[K [01;31m[Kerror: [m[Kusing invalid field â€˜[01m[Kmessage_filters::Synchronizer<Policy>::signal_[m[Kâ€™
[10.552s]   304 |     return [01;31m[Ksignal_[m[K.addCallback(callback, t);
[10.552s]       |            [01;31m[K^~~~~~~[m[K
[20.117s] make[2]: *** [CMakeFiles/data_logger_node2.dir/build.make:76: CMakeFiles/data_logger_node2.dir/src/data_logger_node2.cpp.o] Error 1
[20.117s] make[1]: *** [CMakeFiles/Makefile2:137: CMakeFiles/data_logger_node2.dir/all] Error 2
[20.117s] make: *** [Makefile:146: all] Error 2
[20.121s] Invoked command in '/avlcode/workspaces/isaac_ros-dev/build/data_logger' returned '2': AMENT_PREFIX_PATH=/avlcode/workspaces/isaac_ros-dev/install/image_transport CMAKE_PREFIX_PATH=/avlcode/workspaces/isaac_ros-dev/install/image_transport:/avlcode/workspaces/isaac_ros-dev/install/cv_bridge LD_LIBRARY_PATH=/avlcode/workspaces/isaac_ros-dev/install/image_transport/lib:/avlcode/workspaces/isaac_ros-dev/install/cv_bridge/lib PYTHONPATH=/avlcode/workspaces/isaac_ros-dev/install/cv_bridge/lib/python3.8/site-packages /usr/bin/cmake --build /avlcode/workspaces/isaac_ros-dev/build/data_logger -- -j12 -l12
