[0.275s] Invoking command in '/workspaces/isaac_ros-dev/build/image_geometry': /usr/bin/cmake /workspaces/isaac_ros-dev/src/ros-perception/vision_opencv/image_geometry -DCMAKE_INSTALL_PREFIX=/workspaces/isaac_ros-dev/install/image_geometry
[1.224s] -- Found ament_cmake_python: 1.3.3 (/opt/ros/humble/install/share/ament_cmake_python/cmake)
[1.225s] -- Found ament_cmake_ros: 0.10.0 (/opt/ros/humble/install/share/ament_cmake_ros/cmake)
[1.226s] -- Override CMake install command with custom implementation using symlinks instead of copying resources
[1.227s] -- Found sensor_msgs: 4.2.3 (/opt/ros/humble/install/share/sensor_msgs/cmake)
[1.227s] -- Found rosidl_generator_c: 3.1.4 (/opt/ros/humble/install/share/rosidl_generator_c/cmake)
[1.228s] -- Found rosidl_adapter: 3.1.4 (/opt/ros/humble/install/share/rosidl_adapter/cmake)
[1.228s] -- Found rosidl_generator_cpp: 3.1.4 (/opt/ros/humble/install/share/rosidl_generator_cpp/cmake)
[1.229s] -- Using all available rosidl_typesupport_c: rosidl_typesupport_fastrtps_c;rosidl_typesupport_introspection_c
[1.234s] -- Using all available rosidl_typesupport_cpp: rosidl_typesupport_fastrtps_cpp;rosidl_typesupport_introspection_cpp
[1.249s] -- Found gtest sources under '/opt/ros/humble/install/src/gtest_vendor': C++ tests using 'Google Test' will be built
[1.412s] -- Configuring done
[1.468s] -- Generating done
[1.472s] -- Build files have been written to: /workspaces/isaac_ros-dev/build/image_geometry
[1.625s] Invoked command in '/workspaces/isaac_ros-dev/build/image_geometry' returned '0': /usr/bin/cmake /workspaces/isaac_ros-dev/src/ros-perception/vision_opencv/image_geometry -DCMAKE_INSTALL_PREFIX=/workspaces/isaac_ros-dev/install/image_geometry
[1.627s] Invoking command in '/workspaces/isaac_ros-dev/build/image_geometry': /usr/bin/cmake --build /workspaces/isaac_ros-dev/build/image_geometry -- -j12 -l12
[1.749s] [35m[1mConsolidate compiler generated dependencies of target gtest_main[0m
[1.750s] [35m[1mConsolidate compiler generated dependencies of target gtest[0m
[1.750s] [35m[1mConsolidate compiler generated dependencies of target image_geometry[0m
[1.750s] [ 44%] Built target gtest_main
[1.751s] [ 44%] Built target gtest
[1.752s] failed to create symbolic link '/workspaces/isaac_ros-dev/build/image_geometry/ament_cmake_python/image_geometry/image_geometry' because existing path cannot be removed: Is a directory
[1.752s] make[2]: *** [CMakeFiles/ament_cmake_python_symlink_image_geometry.dir/build.make:70: CMakeFiles/ament_cmake_python_symlink_image_geometry] Error 1
[1.752s] make[1]: *** [CMakeFiles/Makefile2:160: CMakeFiles/ament_cmake_python_symlink_image_geometry.dir/all] Error 2
[1.752s] make[1]: *** Waiting for unfinished jobs....
[1.752s] [ 77%] Built target image_geometry
[1.753s] make: *** [Makefile:146: all] Error 2
[1.888s] Invoked command in '/workspaces/isaac_ros-dev/build/image_geometry' returned '2': /usr/bin/cmake --build /workspaces/isaac_ros-dev/build/image_geometry -- -j12 -l12
