[0.439s] Invoking command in '/workspaces/isaac_ros-dev/build/cv_bridge': /usr/bin/cmake --build /workspaces/isaac_ros-dev/build/cv_bridge -- -j12 -l12
[1.408s] [ 11%] Built target gtest_main
[1.408s] [ 11%] Built target ament_cmake_python_copy_cv_bridge
[1.408s] [ 22%] Built target gtest
[1.408s] [ 44%] Built target cv_bridge
[1.408s] [ 83%] Built target cv_bridge-utest
[1.408s] [100%] Built target cv_bridge_boost
[1.410s] Traceback (most recent call last):
[1.410s]   File "setup.py", line 1, in <module>
[1.410s]     from setuptools import find_packages
[1.410s]   File "/usr/local/lib/python3.8/dist-packages/setuptools/__init__.py", line 18, in <module>
[1.411s]     from setuptools.dist import Distribution
[1.411s]   File "/usr/local/lib/python3.8/dist-packages/setuptools/dist.py", line 41, in <module>
[1.411s]     from setuptools.config import setupcfg, pyprojecttoml
[1.411s]   File "/usr/local/lib/python3.8/dist-packages/setuptools/config/__init__.py", line 10, in <module>
[1.411s]     from . import setupcfg
[1.411s]   File "/usr/local/lib/python3.8/dist-packages/setuptools/config/setupcfg.py", line 23, in <module>
[1.412s]     from . import expand
[1.412s]   File "/usr/local/lib/python3.8/dist-packages/setuptools/config/expand.py", line 63, in <module>
[1.412s]     class StaticModule:
[1.412s]   File "/usr/local/lib/python3.8/dist-packages/setuptools/config/expand.py", line 71, in StaticModule
[1.412s]     def _find_assignments(self) -> Iterator[Tuple[ast.AST, ast.AST]]:
[1.412s] KeyboardInterrupt
[1.472s] make[2]: *** [CMakeFiles/ament_cmake_python_build_cv_bridge_egg.dir/build.make:70: CMakeFiles/ament_cmake_python_build_cv_bridge_egg] Interrupt
[1.473s] make[1]: *** [CMakeFiles/Makefile2:219: CMakeFiles/ament_cmake_python_build_cv_bridge_egg.dir/all] Interrupt
[1.473s] make: *** [Makefile:146: all] Interrupt
