[35m[1mConsolidate compiler generated dependencies of target data_logger_node2[0m
[ 50%] [32mBuilding CXX object CMakeFiles/data_logger_node2.dir/src/data_logger_node2.cpp.o[0m
[01m[K/avlcode/workspaces/isaac_ros-dev/src/data_logger/src/data_logger_node2.cpp:25:30:[m[K [01;35m[Kwarning: [m[Kextra â€˜[01m[K;[m[Kâ€™ [[01;35m[K-Wpedantic[m[K]
   25 | using std::placeholders::_1; [01;35m[K;[m[K
      |                              [01;35m[K^[m[K
[01m[K/avlcode/workspaces/isaac_ros-dev/src/data_logger/src/data_logger_node2.cpp:124:25:[m[K [01;31m[Kerror: [m[Kexpected â€˜[01m[K)[m[Kâ€™ before numeric constant
  124 |    m_approximate_policy[34m[K([m[K[01;31m[K1[m[K[32m[K0[m[K), m_front_camera, m_left_camera, m_right_camera, m_steering_msg
      |                        [34m[K~[m[K[01;31m[K^[m[K[32m[K~[m[K
      |                         [32m[K)[m[K
[01m[K/avlcode/workspaces/isaac_ros-dev/src/data_logger/src/data_logger_node2.cpp:124:25:[m[K [01;31m[Kerror: [m[Kexpected â€˜[01m[K)[m[Kâ€™ before numeric constant
  124 |    m_approximate_policy([01;31m[K1[m[K[32m[K0[m[K), m_front_camera, m_left_camera, m_right_camera, m_steering_msg
      |                         [01;31m[K^[m[K[32m[K~[m[K
      |                         [32m[K)[m[K
[01m[K/avlcode/workspaces/isaac_ros-dev/src/data_logger/src/data_logger_node2.cpp:123:79:[m[K [01;36m[Knote: [m[Kto match this â€˜[01m[K([m[Kâ€™
  123 |         message_filters::Synchronizer<m_approximate_policy> m_sync_approximate[01;36m[K([m[K
      |                                                                               [01;36m[K^[m[K
[01m[K/avlcode/workspaces/isaac_ros-dev/src/data_logger/src/data_logger_node2.cpp:124:24:[m[K [01;31m[Kerror: [m[Kexpected â€˜[01m[K;[m[Kâ€™ at end of member declaration
  124 |    m_approximate_policy[01;31m[K([m[K10), m_front_camera, m_left_camera, m_right_camera, m_steering_msg
      |                        [01;31m[K^[m[K
      |                         [32m[K;[m[K
[01m[K/avlcode/workspaces/isaac_ros-dev/src/data_logger/src/data_logger_node2.cpp:124:25:[m[K [01;31m[Kerror: [m[Kexpected unqualified-id before numeric constant
  124 |    m_approximate_policy([01;31m[K10[m[K), m_front_camera, m_left_camera, m_right_camera, m_steering_msg
      |                         [01;31m[K^~[m[K
[01m[K/avlcode/workspaces/isaac_ros-dev/src/data_logger/src/data_logger_node2.cpp:[m[K In constructor â€˜[01m[KDataLogger::DataLogger()[m[Kâ€™:
[01m[K/avlcode/workspaces/isaac_ros-dev/src/data_logger/src/data_logger_node2.cpp:50:22:[m[K [01;35m[Kwarning: [m[Kunused variable â€˜[01m[Kentry[m[Kâ€™ [[01;35m[K-Wunused-variable[m[K]
   50 |     for (const auto &[01;35m[Kentry[m[K : fs::directory_iterator(m_drive)) {
      |                      [01;35m[K^~~~~[m[K
[01m[K/avlcode/workspaces/isaac_ros-dev/src/data_logger/src/data_logger_node2.cpp:66:22:[m[K [01;35m[Kwarning: [m[Kunused variable â€˜[01m[Kentry[m[Kâ€™ [[01;35m[K-Wunused-variable[m[K]
   66 |     for (const auto &[01;35m[Kentry[m[K : fs::directory_iterator(m_image_drive)) {
      |                      [01;35m[K^~~~~[m[K
[01m[K/avlcode/workspaces/isaac_ros-dev/src/data_logger/src/data_logger_node2.cpp:108:13:[m[K [01;31m[Kerror: [m[Kinvalid use of member function â€˜[01m[Kmessage_filters::Synchronizer<message_filters::sync_policies::ApproximateTime<sensor_msgs::msg::Image_<std::allocator<void> >, sensor_msgs::msg::Image_<std::allocator<void> >, sensor_msgs::msg::Image_<std::allocator<void> >, geometry_msgs::msg::Twist_<std::allocator<void> > > > DataLogger::m_sync_approximate(...)[m[Kâ€™ (did you forget the â€˜[01m[K()[m[Kâ€™ ?)
  108 |             [01;31m[Km_sync_approximate[m[K.registerCallback(&DataLogger::camera_sync_callback, this);
      |             [01;31m[K^~~~~~~~~~~~~~~~~~[m[K
      |                               [32m[K()[m[K
make[2]: *** [CMakeFiles/data_logger_node2.dir/build.make:76: CMakeFiles/data_logger_node2.dir/src/data_logger_node2.cpp.o] Error 1
make[1]: *** [CMakeFiles/Makefile2:137: CMakeFiles/data_logger_node2.dir/all] Error 2
make: *** [Makefile:146: all] Error 2
Traceback (most recent call last):
  File "/usr/lib/python3/dist-packages/colcon_core/executor/__init__.py", line 91, in __call__
    rc = await self.task(*args, **kwargs)
  File "/usr/lib/python3/dist-packages/colcon_core/task/__init__.py", line 93, in __call__
    return await task_method(*args, **kwargs)
  File "/usr/lib/python3/dist-packages/colcon_ros/task/ament_cmake/build.py", line 85, in build
    create_environment_scripts(
  File "/usr/lib/python3/dist-packages/colcon_core/environment/__init__.py", line 89, in create_environment_scripts
    create_file_with_runtime_dependencies(prefix_path, pkg))
  File "/usr/lib/python3/dist-packages/colcon_core/environment/__init__.py", line 172, in create_file_with_runtime_dependencies
    path.write_text(
  File "/usr/lib/python3.8/pathlib.py", line 1255, in write_text
    with self.open(mode='w', encoding=encoding, errors=errors) as f:
  File "/usr/lib/python3.8/pathlib.py", line 1222, in open
    return io.open(self, mode, buffering, encoding, errors, newline,
  File "/usr/lib/python3.8/pathlib.py", line 1078, in _opener
    return self._accessor.open(self, flags, mode)
PermissionError: [Errno 13] Permission denied: '/avlcode/workspaces/isaac_ros-dev/install/data_logger/share/colcon-core/packages/data_logger'
