[ 50%] [32mBuilding CXX object CMakeFiles/data_logger_node2.dir/src/data_logger_node2.cpp.o[0m
[01m[K/avlcode/workspaces/isaac_ros-dev/src/data_logger/src/data_logger_node2.cpp:[m[K In constructor â€˜[01m[KDataLogger::DataLogger()[m[Kâ€™:
[01m[K/avlcode/workspaces/isaac_ros-dev/src/data_logger/src/data_logger_node2.cpp:30:47:[m[K [01;31m[Kerror: [m[Kexpected identifier before â€˜[01m[K{[m[Kâ€™ token
   30 |             m_log_count(0), m_image_count(0), [01;31m[K{[m[K
      |                                               [01;31m[K^[m[K
[01m[K/avlcode/workspaces/isaac_ros-dev/src/data_logger/src/data_logger_node2.cpp:49:22:[m[K [01;35m[Kwarning: [m[Kunused variable â€˜[01m[Kentry[m[Kâ€™ [[01;35m[K-Wunused-variable[m[K]
   49 |     for (const auto &[01;35m[Kentry[m[K : fs::directory_iterator(m_drive)) {
      |                      [01;35m[K^~~~~[m[K
[01m[K/avlcode/workspaces/isaac_ros-dev/src/data_logger/src/data_logger_node2.cpp:65:22:[m[K [01;35m[Kwarning: [m[Kunused variable â€˜[01m[Kentry[m[Kâ€™ [[01;35m[K-Wunused-variable[m[K]
   65 |     for (const auto &[01;35m[Kentry[m[K : fs::directory_iterator(m_image_drive)) {
      |                      [01;35m[K^~~~~[m[K
[01m[K/avlcode/workspaces/isaac_ros-dev/src/data_logger/src/data_logger_node2.cpp:100:53:[m[K [01;31m[Kerror: [m[Kâ€˜[01m[KApproximateTimer[m[Kâ€™ in namespace â€˜[01m[Kmessage_filters::sync_policies[m[Kâ€™ does not name a template type; did you mean â€˜[01m[KApproximateTime[m[Kâ€™?
  100 |             typedef message_filters::sync_policies::[01;31m[KApproximateTimer[m[K<sensor_msgs::msg::Image, sensor_msgs::msgs::Image,
      |                                                     [01;31m[K^~~~~~~~~~~~~~~~[m[K
      |                                                     [32m[KApproximateTime[m[K
[01m[K/avlcode/workspaces/isaac_ros-dev/src/data_logger/src/data_logger_node2.cpp:103:43:[m[K [01;31m[Kerror: [m[Kâ€˜[01m[Kapproximate_policy[m[Kâ€™ was not declared in this scope
  103 |             message_filters::Synchronizer<[01;31m[Kapproximate_policy[m[K>syncApproximate(
      |                                           [01;31m[K^~~~~~~~~~~~~~~~~~[m[K
[01m[K/avlcode/workspaces/isaac_ros-dev/src/data_logger/src/data_logger_node2.cpp:103:61:[m[K [01;31m[Kerror: [m[Ktemplate argument 1 is invalid
  103 |             message_filters::Synchronizer<approximate_policy[01;31m[K>[m[KsyncApproximate(
      |                                                             [01;31m[K^[m[K
[01m[K/avlcode/workspaces/isaac_ros-dev/src/data_logger/src/data_logger_node2.cpp:104:104:[m[K [01;31m[Kerror: [m[Kexpression list treated as compound expression in initializer [[01;31m[K-fpermissive[m[K]
  104 |                 approximate_policy(1, 0), m_front_camera, m_left_camera, m_right_camera, m_steering_msg[01;31m[K)[m[K;
      |                                                                                                        [01;31m[K^[m[K
[01m[K/avlcode/workspaces/isaac_ros-dev/src/data_logger/src/data_logger_node2.cpp:106:29:[m[K [01;31m[Kerror: [m[Krequest for member â€˜[01m[KsetMaxIntervalDuration[m[Kâ€™ in â€˜[01m[KsyncApproximate[m[Kâ€™, which is of non-class type â€˜[01m[Kint[m[Kâ€™
  106 |             syncApproximate.[01;31m[KsetMaxIntervalDuration[m[K(rclcpp::Duration(3, 0));
      |                             [01;31m[K^~~~~~~~~~~~~~~~~~~~~~[m[K
[01m[K/avlcode/workspaces/isaac_ros-dev/src/data_logger/src/data_logger_node2.cpp:107:29:[m[K [01;31m[Kerror: [m[Krequest for member â€˜[01m[KregisterCallback[m[Kâ€™ in â€˜[01m[KsyncApproximate[m[Kâ€™, which is of non-class type â€˜[01m[Kint[m[Kâ€™
  107 |             syncApproximate.[01;31m[KregisterCallback[m[K(&DataLogger::camera_sync_callback, this);
      |                             [01;31m[K^~~~~~~~~~~~~~~~[m[K
make[2]: *** [CMakeFiles/data_logger_node2.dir/build.make:76: CMakeFiles/data_logger_node2.dir/src/data_logger_node2.cpp.o] Error 1
make[1]: *** [CMakeFiles/Makefile2:137: CMakeFiles/data_logger_node2.dir/all] Error 2
make: *** [Makefile:146: all] Error 2
Traceback (most recent call last):
  File "/usr/lib/python3/dist-packages/colcon_core/executor/__init__.py", line 91, in __call__
    rc = await self.task(*args, **kwargs)
  File "/usr/lib/python3/dist-packages/colcon_core/task/__init__.py", line 93, in __call__
    return await task_method(*args, **kwargs)
  File "/usr/lib/python3/dist-packages/colcon_ros/task/ament_cmake/build.py", line 85, in build
    create_environment_scripts(
  File "/usr/lib/python3/dist-packages/colcon_core/environment/__init__.py", line 89, in create_environment_scripts
    create_file_with_runtime_dependencies(prefix_path, pkg))
  File "/usr/lib/python3/dist-packages/colcon_core/environment/__init__.py", line 172, in create_file_with_runtime_dependencies
    path.write_text(
  File "/usr/lib/python3.8/pathlib.py", line 1255, in write_text
    with self.open(mode='w', encoding=encoding, errors=errors) as f:
  File "/usr/lib/python3.8/pathlib.py", line 1222, in open
    return io.open(self, mode, buffering, encoding, errors, newline,
  File "/usr/lib/python3.8/pathlib.py", line 1078, in _opener
    return self._accessor.open(self, flags, mode)
PermissionError: [Errno 13] Permission denied: '/avlcode/workspaces/isaac_ros-dev/install/data_logger/share/colcon-core/packages/data_logger'
