[0.458s] Invoking command in '/workspaces/isaac_ros-dev/build/nvblox_msgs': /usr/bin/cmake /workspaces/isaac_ros-dev/src/isaac_ros_nvblox/nvblox_msgs -DCMAKE_INSTALL_PREFIX=/workspaces/isaac_ros-dev/install/nvblox_msgs
[1.733s] -- CMAKE_BUILD_TYPE: Release
[1.734s] -- Found ament_cmake: 1.3.3 (/opt/ros/humble/install/share/ament_cmake/cmake)
[1.734s] -- Override CMake install command with custom implementation using symlinks instead of copying resources
[1.734s] -- Found rosidl_default_generators: 1.2.0 (/opt/ros/humble/install/share/rosidl_default_generators/cmake)
[1.734s] -- Using all available rosidl_typesupport_c: rosidl_typesupport_fastrtps_c;rosidl_typesupport_introspection_c
[1.734s] -- Found rosidl_adapter: 3.1.4 (/opt/ros/humble/install/share/rosidl_adapter/cmake)
[1.734s] -- Using all available rosidl_typesupport_cpp: rosidl_typesupport_fastrtps_cpp;rosidl_typesupport_introspection_cpp
[1.735s] -- Found std_msgs: 4.2.3 (/opt/ros/humble/install/share/std_msgs/cmake)
[1.735s] -- Found geometry_msgs: 4.2.3 (/opt/ros/humble/install/share/geometry_msgs/cmake)
[1.798s] -- Found ament_cmake_ros: 0.10.0 (/opt/ros/humble/install/share/ament_cmake_ros/cmake)
[2.193s] -- Using all available rosidl_typesupport_c: rosidl_typesupport_fastrtps_c;rosidl_typesupport_introspection_c
[2.727s] -- Using all available rosidl_typesupport_cpp: rosidl_typesupport_fastrtps_cpp;rosidl_typesupport_introspection_cpp
[2.934s] -- Found python_cmake_module: 0.10.0 (/opt/ros/humble/install/share/python_cmake_module/cmake)
[3.074s] -- Using PYTHON_EXECUTABLE: /usr/bin/python3
[3.075s] -- Using PYTHON_INCLUDE_DIRS: /usr/include/python3.8
[3.075s] -- Using PYTHON_LIBRARIES: /usr/lib/aarch64-linux-gnu/libpython3.8.so
[3.087s] -- Found ament_lint_auto: 0.12.5 (/opt/ros/humble/install/share/ament_lint_auto/cmake)
[3.087s] -- Configuring done
[3.092s] -- Generating done
[3.092s] -- Build files have been written to: /workspaces/isaac_ros-dev/build/nvblox_msgs
[3.333s] Invoked command in '/workspaces/isaac_ros-dev/build/nvblox_msgs' returned '0': /usr/bin/cmake /workspaces/isaac_ros-dev/src/isaac_ros_nvblox/nvblox_msgs -DCMAKE_INSTALL_PREFIX=/workspaces/isaac_ros-dev/install/nvblox_msgs
[3.334s] Invoking command in '/workspaces/isaac_ros-dev/build/nvblox_msgs': /usr/bin/cmake --build /workspaces/isaac_ros-dev/build/nvblox_msgs -- -j12 -l12
[3.438s] failed to create symbolic link '/workspaces/isaac_ros-dev/build/nvblox_msgs/ament_cmake_python/nvblox_msgs/nvblox_msgs' because existing path cannot be removed: Is a directory
[3.439s] make[2]: *** [CMakeFiles/ament_cmake_python_symlink_nvblox_msgs.dir/build.make:70: CMakeFiles/ament_cmake_python_symlink_nvblox_msgs] Error 1
[3.440s] make[1]: *** [CMakeFiles/Makefile2:421: CMakeFiles/ament_cmake_python_symlink_nvblox_msgs.dir/all] Error 2
[3.440s] make[1]: *** Waiting for unfinished jobs....
[3.441s] [35m[1mConsolidate compiler generated dependencies of target nvblox_msgs__rosidl_generator_c[0m
[3.441s] [  1%] Built target nvblox_msgs__cpp
[3.441s] [ 12%] Built target nvblox_msgs__rosidl_generator_c
[3.442s] make: *** [Makefile:146: all] Error 2
[4.423s] Invoked command in '/workspaces/isaac_ros-dev/build/nvblox_msgs' returned '2': /usr/bin/cmake --build /workspaces/isaac_ros-dev/build/nvblox_msgs -- -j12 -l12
