[0.284s] Invoking command in '/workspaces/isaac_ros-dev/build/nvblox_performance_measurement_msgs': /usr/bin/cmake /workspaces/isaac_ros-dev/src/isaac_ros_nvblox/nvblox_performance_measurement/nvblox_performance_measurement_msgs -DAMENT_CMAKE_SYMLINK_INSTALL=1 -DCMAKE_INSTALL_PREFIX=/workspaces/isaac_ros-dev/install/nvblox_performance_measurement_msgs
[0.380s] -- CMAKE_BUILD_TYPE: Release
[0.381s] -- Found ament_cmake: 1.3.3 (/opt/ros/humble/install/share/ament_cmake/cmake)
[0.597s] -- Override CMake install command with custom implementation using symlinks instead of copying resources
[0.598s] -- Found rosidl_default_generators: 1.2.0 (/opt/ros/humble/install/share/rosidl_default_generators/cmake)
[0.598s] -- Using all available rosidl_typesupport_c: rosidl_typesupport_fastrtps_c;rosidl_typesupport_introspection_c
[0.606s] -- Found rosidl_adapter: 3.1.4 (/opt/ros/humble/install/share/rosidl_adapter/cmake)
[0.685s] -- Using all available rosidl_typesupport_cpp: rosidl_typesupport_fastrtps_cpp;rosidl_typesupport_introspection_cpp
[0.754s] -- Found std_msgs: 4.2.3 (/opt/ros/humble/install/share/std_msgs/cmake)
[1.384s] -- Found ament_cmake_ros: 0.10.0 (/opt/ros/humble/install/share/ament_cmake_ros/cmake)
[1.693s] -- Using all available rosidl_typesupport_c: rosidl_typesupport_fastrtps_c;rosidl_typesupport_introspection_c
[2.088s] -- Using all available rosidl_typesupport_cpp: rosidl_typesupport_fastrtps_cpp;rosidl_typesupport_introspection_cpp
[2.140s] -- Found python_cmake_module: 0.10.0 (/opt/ros/humble/install/share/python_cmake_module/cmake)
[2.199s] -- Using PYTHON_EXECUTABLE: /usr/bin/python3
[2.199s] -- Using PYTHON_INCLUDE_DIRS: /usr/include/python3.8
[2.199s] -- Using PYTHON_LIBRARIES: /usr/lib/aarch64-linux-gnu/libpython3.8.so
[2.265s] -- Found ament_lint_auto: 0.12.5 (/opt/ros/humble/install/share/ament_lint_auto/cmake)
[2.290s] -- Configuring done
[2.395s] -- Generating done
[2.403s] -- Build files have been written to: /workspaces/isaac_ros-dev/build/nvblox_performance_measurement_msgs
[4.116s] Invoked command in '/workspaces/isaac_ros-dev/build/nvblox_performance_measurement_msgs' returned '0': /usr/bin/cmake /workspaces/isaac_ros-dev/src/isaac_ros_nvblox/nvblox_performance_measurement/nvblox_performance_measurement_msgs -DAMENT_CMAKE_SYMLINK_INSTALL=1 -DCMAKE_INSTALL_PREFIX=/workspaces/isaac_ros-dev/install/nvblox_performance_measurement_msgs
[4.122s] Invoking command in '/workspaces/isaac_ros-dev/build/nvblox_performance_measurement_msgs': /usr/bin/cmake --build /workspaces/isaac_ros-dev/build/nvblox_performance_measurement_msgs -- -j12 -l12
[4.268s] [35m[1mConsolidate compiler generated dependencies of target nvblox_performance_measurement_msgs__rosidl_generator_c[0m
[4.268s] [  1%] Built target nvblox_performance_measurement_msgs__cpp
[4.268s] [ 12%] Built target nvblox_performance_measurement_msgs__rosidl_generator_c
[4.269s] failed to create symbolic link '/workspaces/isaac_ros-dev/build/nvblox_performance_measurement_msgs/ament_cmake_python/nvblox_performance_measurement_msgs/nvblox_performance_measurement_msgs' because existing path cannot be removed: Is a directory
[4.270s] make[2]: *** [CMakeFiles/ament_cmake_python_symlink_nvblox_performance_measurement_msgs.dir/build.make:70: CMakeFiles/ament_cmake_python_symlink_nvblox_performance_measurement_msgs] Error 1
[4.271s] make[1]: *** [CMakeFiles/Makefile2:421: CMakeFiles/ament_cmake_python_symlink_nvblox_performance_measurement_msgs.dir/all] Error 2
[4.273s] make[1]: *** Waiting for unfinished jobs....
[4.273s] make: *** [Makefile:146: all] Error 2
[5.382s] Invoked command in '/workspaces/isaac_ros-dev/build/nvblox_performance_measurement_msgs' returned '2': /usr/bin/cmake --build /workspaces/isaac_ros-dev/build/nvblox_performance_measurement_msgs -- -j12 -l12
