[  2%] Built target velodyne_msgs__cpp
[ 12%] Built target velodyne_msgs__rosidl_generator_c
[35m[1mConsolidate compiler generated dependencies of target velodyne_msgs__rosidl_typesupport_cpp[0m
[ 23%] Built target velodyne_msgs__rosidl_typesupport_cpp
failed to create symbolic link '/workspaces/isaac_ros-dev/build/velodyne_msgs/ament_cmake_python/velodyne_msgs/velodyne_msgs' because existing path cannot be removed: Is a directory
make[2]: *** [CMakeFiles/ament_cmake_python_symlink_velodyne_msgs.dir/build.make:70: CMakeFiles/ament_cmake_python_symlink_velodyne_msgs] Error 1
make[1]: *** [CMakeFiles/Makefile2:421: CMakeFiles/ament_cmake_python_symlink_velodyne_msgs.dir/all] Error 2
make[1]: *** Waiting for unfinished jobs....
make: *** [Makefile:146: all] Error 2
