[35m[1mConsolidate compiler generated dependencies of target data_logger_node[0m
[ 50%] [32mBuilding CXX object CMakeFiles/data_logger_node.dir/src/data_logger_node.cpp.o[0m
[01m[K/avlcode/workspaces/isaac_ros-dev/src/data_logger/src/data_logger_node.cpp:[m[K In constructor â€˜[01m[KDataLogger::DataLogger()[m[Kâ€™:
[01m[K/avlcode/workspaces/isaac_ros-dev/src/data_logger/src/data_logger_node.cpp:89:22:[m[K [01;35m[Kwarning: [m[Kunused variable â€˜[01m[Kentry[m[Kâ€™ [[01;35m[K-Wunused-variable[m[K]
   89 |     for (const auto &[01;35m[Kentry[m[K : fs::directory_iterator(m_drive)) {
      |                      [01;35m[K^~~~~[m[K
[01m[K/avlcode/workspaces/isaac_ros-dev/src/data_logger/src/data_logger_node.cpp:100:22:[m[K [01;35m[Kwarning: [m[Kunused variable â€˜[01m[Kentry[m[Kâ€™ [[01;35m[K-Wunused-variable[m[K]
  100 |     for (const auto &[01;35m[Kentry[m[K : fs::directory_iterator(m_image_drive)) {
      |                      [01;35m[K^~~~~[m[K
[01m[K/avlcode/workspaces/isaac_ros-dev/src/data_logger/src/data_logger_node.cpp:109:4:[m[K [01;31m[Kerror: [m[Kâ€˜[01m[Kcout[m[Kâ€™ was not declared in this scope; did you mean â€˜[01m[Kstd::cout[m[Kâ€™?
  109 |    [01;31m[Kcout[m[K << m_drive + "/" + m_logging_files + m_type_file << endl;
      |    [01;31m[K^~~~[m[K
      |    [32m[Kstd::cout[m[K
In file included from [01m[K/usr/include/opencv4/opencv2/flann/params.h:37[m[K,
                 from [01m[K/usr/include/opencv4/opencv2/flann/flann_base.hpp:42[m[K,
                 from [01m[K/usr/include/opencv4/opencv2/flann.hpp:48[m[K,
                 from [01m[K/usr/include/opencv4/opencv2/opencv.hpp:65[m[K,
                 from [01m[K/avlcode/workspaces/isaac_ros-dev/src/data_logger/src/data_logger_node.cpp:7[m[K:
[01m[K/usr/include/c++/9/iostream:61:18:[m[K [01;36m[Knote: [m[Kâ€˜[01m[Kstd::cout[m[Kâ€™ declared here
   61 |   extern ostream [01;36m[Kcout[m[K;  /// Linked to standard output
      |                  [01;36m[K^~~~[m[K
[01m[K/avlcode/workspaces/isaac_ros-dev/src/data_logger/src/data_logger_node.cpp:109:61:[m[K [01;31m[Kerror: [m[Kâ€˜[01m[Kendl[m[Kâ€™ was not declared in this scope; did you mean â€˜[01m[Kstd::endl[m[Kâ€™?
  109 |    cout << m_drive + "/" + m_logging_files + m_type_file << [01;31m[Kendl[m[K;
      |                                                             [01;31m[K^~~~[m[K
      |                                                             [32m[Kstd::endl[m[K
In file included from [01m[K/usr/include/c++/9/istream:39[m[K,
                 from [01m[K/usr/include/c++/9/fstream:38[m[K,
                 from [01m[K/avlcode/workspaces/isaac_ros-dev/src/data_logger/src/data_logger_node.cpp:3[m[K:
[01m[K/usr/include/c++/9/ostream:599:5:[m[K [01;36m[Knote: [m[Kâ€˜[01m[Kstd::endl[m[Kâ€™ declared here
  599 |     [01;36m[Kendl[m[K(basic_ostream<_CharT, _Traits>& __os)
      |     [01;36m[K^~~~[m[K
make[2]: *** [CMakeFiles/data_logger_node.dir/build.make:76: CMakeFiles/data_logger_node.dir/src/data_logger_node.cpp.o] Error 1
make[1]: *** [CMakeFiles/Makefile2:137: CMakeFiles/data_logger_node.dir/all] Error 2
make: *** [Makefile:146: all] Error 2
