Traceback (most recent call last):
make[2]: *** Deleting file 'rosidl_typesupport_introspection_cpp/slam_toolbox/srv/detail/pause__rosidl_typesupport_introspection_cpp.hpp'
make[2]: *** Deleting file 'rosidl_typesupport_cpp/slam_toolbox/srv/pause__type_support.cpp'
  File "/opt/ros/humble/install/lib/rosidl_typesupport_fastrtps_cpp/rosidl_typesupport_fastrtps_cpp", line 23, in <module>
Traceback (most recent call last):
  File "/opt/ros/humble/install/lib/rosidl_typesupport_cpp/rosidl_typesupport_cpp", line 28, in <module>
    sys.exit(main())
  File "/opt/ros/humble/install/lib/rosidl_typesupport_fastrtps_cpp/rosidl_typesupport_fastrtps_cpp", line 19, in main
    sys.exit(main())
  File "/opt/ros/humble/install/lib/rosidl_typesupport_cpp/rosidl_typesupport_cpp", line 24, in main
make[2]: *** [CMakeFiles/slam_toolbox__rosidl_generator_c.dir/build.make:374: CMakeFiles/slam_toolbox__rosidl_generator_c.dir/rosidl_generator_c/slam_toolbox/srv/detail/clear_queue__functions.c.o] Interrupt
    generate_cpp(args.generator_arguments_file)
make[2]: *** [CMakeFiles/slam_toolbox__rosidl_generator_c.dir/build.make:402: CMakeFiles/slam_toolbox__rosidl_generator_c.dir/rosidl_generator_c/slam_toolbox/srv/detail/clear__functions.c.o] Interrupt
  File "/opt/ros/humble/install/lib/python3.8/site-packages/rosidl_typesupport_fastrtps_cpp/__init__.py", line 24, in generate_cpp
make[2]: *** [CMakeFiles/slam_toolbox__rosidl_generator_c.dir/build.make:416: CMakeFiles/slam_toolbox__rosidl_generator_c.dir/rosidl_generator_c/slam_toolbox/srv/detail/save_map__functions.c.o] Interrupt
make[2]: *** [CMakeFiles/slam_toolbox__rosidl_generator_c.dir/build.make:430: CMakeFiles/slam_toolbox__rosidl_generator_c.dir/rosidl_generator_c/slam_toolbox/srv/detail/loop_closure__functions.c.o] Interrupt
    generate_cpp(args.generator_arguments_file, args.typesupports)
  File "/opt/ros/humble/install/lib/python3.8/site-packages/rosidl_typesupport_cpp/__init__.py", line 28, in generate_cpp
make[2]: *** [CMakeFiles/slam_toolbox__rosidl_generator_c.dir/build.make:444: CMakeFiles/slam_toolbox__rosidl_generator_c.dir/rosidl_generator_c/slam_toolbox/srv/detail/merge_maps__functions.c.o] Interrupt
    return generate_files(generator_arguments_file, mapping)
  File "/opt/ros/humble/install/lib/python3.8/site-packages/rosidl_cmake/__init__.py", line 87, in generate_files
    return generate_files(
  File "/opt/ros/humble/install/lib/python3.8/site-packages/rosidl_cmake/__init__.py", line 87, in generate_files
    expand_template(
  File "/opt/ros/humble/install/lib/python3.8/site-packages/rosidl_cmake/__init__.py", line 149, in expand_template
    interpreter.string(template_content, template_path, locals=data)
  File "/usr/lib/python3/dist-packages/em.py", line 2391, in string
make[2]: *** [CMakeFiles/slam_toolbox__rosidl_generator_c.dir/build.make:360: CMakeFiles/slam_toolbox__rosidl_generator_c.dir/rosidl_generator_c/slam_toolbox/srv/detail/pause__functions.c.o] Interrupt
    expand_template(
make[2]: *** [lib/karto_sdk/CMakeFiles/kartoSlamToolbox.dir/build.make:76: lib/karto_sdk/CMakeFiles/kartoSlamToolbox.dir/src/Karto.cpp.o] Interrupt
  File "/opt/ros/humble/install/lib/python3.8/site-packages/rosidl_cmake/__init__.py", line 149, in expand_template
make[2]: *** [CMakeFiles/slam_toolbox__rosidl_generator_c.dir/build.make:388: CMakeFiles/slam_toolbox__rosidl_generator_c.dir/rosidl_generator_c/slam_toolbox/srv/detail/toggle_interactive__functions.c.o] Interrupt
    interpreter.string(template_content, template_path, locals=data)
  File "/usr/lib/python3/dist-packages/em.py", line 2391, in string
    self.safe(scanner, True, locals)
  File "/usr/lib/python3/dist-packages/em.py", line 2401, in safe
make[2]: *** [lib/karto_sdk/CMakeFiles/kartoSlamToolbox.dir/build.make:90: lib/karto_sdk/CMakeFiles/kartoSlamToolbox.dir/src/Mapper.cpp.o] Interrupt
make[1]: *** [CMakeFiles/Makefile2:259: CMakeFiles/slam_toolbox__rosidl_generator_c.dir/all] Interrupt
    self.safe(scanner, True, locals)
  File "/usr/lib/python3/dist-packages/em.py", line 2401, in safe
make[1]: *** [CMakeFiles/Makefile2:1045: lib/karto_sdk/CMakeFiles/kartoSlamToolbox.dir/all] Interrupt
    self.parse(scanner, locals)
  File "/usr/lib/python3/dist-packages/em.py", line 2421, in parse
    self.parse(scanner, locals)
  File "/usr/lib/python3/dist-packages/em.py", line 2421, in parse
    token.run(self, locals)
  File "/usr/lib/python3/dist-packages/em.py", line 1425, in run
    interpreter.execute(self.code, locals)
  File "/usr/lib/python3/dist-packages/em.py", line 2595, in execute
    token.run(self, locals)
  File "/usr/lib/python3/dist-packages/em.py", line 1547, in run
    _exec(statements, self.globals, locals)
  File "<string>", line 19, in <module>
Traceback (most recent call last):
  File "/usr/lib/python3.8/pathlib.py", line 920, in parts
    self.subrun(info[0][1], interpreter, locals)
  File "/usr/lib/python3/dist-packages/em.py", line 1631, in subrun
    return self._pparts
AttributeError: _pparts
    token.run(interpreter, locals)

During handling of the above exception, another exception occurred:

  File "/usr/lib/python3/dist-packages/em.py", line 1425, in run
  File "/opt/ros/humble/install/lib/python3.8/site-packages/rosidl_cmake/__init__.py", line 198, in _expand_template
Traceback (most recent call last):
  File "/opt/ros/humble/install/lib/rosidl_typesupport_introspection_cpp/rosidl_typesupport_introspection_cpp", line 31, in <module>
    sys.exit(main())
    interpreter.string(content, str(template_path), kwargs)
  File "/opt/ros/humble/install/lib/rosidl_typesupport_introspection_cpp/rosidl_typesupport_introspection_cpp", line 27, in main
  File "/usr/lib/python3/dist-packages/em.py", line 2391, in string
    generate_cpp(args.generator_arguments_file)
  File "/opt/ros/humble/install/lib/python3.8/site-packages/rosidl_typesupport_introspection_cpp/__init__.py", line 31, in generate_cpp
    interpreter.execute(self.code, locals)
  File "/usr/lib/python3/dist-packages/em.py", line 2595, in execute
    return generate_files(generator_arguments_file, mapping)
  File "/opt/ros/humble/install/lib/python3.8/site-packages/rosidl_cmake/__init__.py", line 87, in generate_files
    self.safe(scanner, True, locals)
  File "/usr/lib/python3/dist-packages/em.py", line 2401, in safe
    expand_template(
  File "/opt/ros/humble/install/lib/python3.8/site-packages/rosidl_cmake/__init__.py", line 149, in expand_template
    _exec(statements, self.globals, locals)
  File "<string>", line 2, in <module>
    interpreter.string(template_content, template_path, locals=data)
  File "/usr/lib/python3/dist-packages/em.py", line 2391, in string
    self.parse(scanner, locals)
  File "/usr/lib/python3/dist-packages/em.py", line 2421, in parse
  File "/opt/ros/humble/install/lib/python3.8/site-packages/rosidl_cmake/__init__.py", line 198, in _expand_template
    self.safe(scanner, True, locals)
  File "/usr/lib/python3/dist-packages/em.py", line 2401, in safe
    interpreter.string(content, str(template_path), kwargs)
  File "/usr/lib/python3/dist-packages/em.py", line 2391, in string
    token.run(self, locals)
  File "/usr/lib/python3/dist-packages/em.py", line 1425, in run
    interpreter.execute(self.code, locals)
  File "/usr/lib/python3/dist-packages/em.py", line 2595, in execute
    self.parse(scanner, locals)
  File "/usr/lib/python3/dist-packages/em.py", line 2421, in parse
    self.safe(scanner, True, locals)
  File "/usr/lib/python3/dist-packages/em.py", line 2401, in safe
    _exec(statements, self.globals, locals)
    token.run(self, locals)
  File "<string>", line 2, in <module>
  File "/usr/lib/python3/dist-packages/em.py", line 1547, in run
    self.parse(scanner, locals)
  File "/usr/lib/python3/dist-packages/em.py", line 2421, in parse
    self.subrun(info[0][1], interpreter, locals)
  File "/usr/lib/python3/dist-packages/em.py", line 1631, in subrun
  File "/opt/ros/humble/install/lib/python3.8/site-packages/rosidl_cmake/__init__.py", line 198, in _expand_template
    interpreter.string(content, str(template_path), kwargs)
    token.run(self, locals)
  File "/usr/lib/python3/dist-packages/em.py", line 2391, in string
  File "/usr/lib/python3/dist-packages/em.py", line 1425, in run
    token.run(interpreter, locals)
  File "/usr/lib/python3/dist-packages/em.py", line 1425, in run
    interpreter.execute(self.code, locals)
  File "/usr/lib/python3/dist-packages/em.py", line 2595, in execute
    interpreter.execute(self.code, locals)
  File "/usr/lib/python3/dist-packages/em.py", line 2595, in execute
    self.safe(scanner, True, locals)
  File "/usr/lib/python3/dist-packages/em.py", line 2401, in safe
    _exec(statements, self.globals, locals)
  File "<string>", line 2, in <module>
    self.parse(scanner, locals)
  File "/usr/lib/python3/dist-packages/em.py", line 2417, in parse
    _exec(statements, self.globals, locals)
  File "<string>", line 2, in <module>
  File "/opt/ros/humble/install/lib/python3.8/site-packages/rosidl_cmake/__init__.py", line 198, in _expand_template
    token = scanner.one()
  File "/usr/lib/python3/dist-packages/em.py", line 1984, in one
    interpreter.string(content, str(template_path), kwargs)
  File "/usr/lib/python3/dist-packages/em.py", line 2391, in string
  File "/opt/ros/humble/install/lib/python3.8/site-packages/rosidl_cmake/__init__.py", line 198, in _expand_template
    interpreter.string(content, str(template_path), kwargs)
  File "/usr/lib/python3/dist-packages/em.py", line 2391, in string
    token.scan(self)
  File "/usr/lib/python3/dist-packages/em.py", line 1468, in scan
    self.safe(scanner, True, locals)
  File "/usr/lib/python3/dist-packages/em.py", line 2401, in safe
    self.subscan(scanner, self.type)
    self.safe(scanner, True, locals)
  File "/usr/lib/python3/dist-packages/em.py", line 1483, in subscan
  File "/usr/lib/python3/dist-packages/em.py", line 2401, in safe
    self.parse(scanner, locals)
  File "/usr/lib/python3/dist-packages/em.py", line 2421, in parse
    token = scanner.one()
  File "/usr/lib/python3/dist-packages/em.py", line 1984, in one
    self.parse(scanner, locals)
  File "/usr/lib/python3/dist-packages/em.py", line 2421, in parse
    token.scan(self)
  File "/usr/lib/python3/dist-packages/em.py", line 1468, in scan
    token.run(self, locals)
  File "/usr/lib/python3/dist-packages/em.py", line 1425, in run
    token.run(self, locals)
    self.subscan(scanner, self.type)
  File "/usr/lib/python3/dist-packages/em.py", line 1425, in run
  File "/usr/lib/python3/dist-packages/em.py", line 1483, in subscan
    interpreter.execute(self.code, locals)
  File "/usr/lib/python3/dist-packages/em.py", line 2595, in execute
    interpreter.execute(self.code, locals)
    token = scanner.one()
  File "/usr/lib/python3/dist-packages/em.py", line 2595, in execute
  File "/usr/lib/python3/dist-packages/em.py", line 1984, in one
    _exec(statements, self.globals, locals)
  File "<string>", line 2, in <module>
    token.scan(self)
  File "/usr/lib/python3/dist-packages/em.py", line 1456, in scan
    _exec(statements, self.globals, locals)
  File "<string>", line 2, in <module>
    i = scanner.complex('[', ']', 0)
  File "/usr/lib/python3/dist-packages/em.py", line 1893, in complex
KeyboardInterrupt
  File "/opt/ros/humble/install/lib/python3.8/site-packages/rosidl_cmake/__init__.py", line 198, in _expand_template
    interpreter.string(content, str(template_path), kwargs)
    newQuote = self.check(i, quote)
  File "/usr/lib/python3/dist-packages/em.py", line 2391, in string
  File "/usr/lib/python3/dist-packages/em.py", line 1762, in check
    def check(self, i, archetype=None):
KeyboardInterrupt
    self.safe(scanner, True, locals)
  File "/usr/lib/python3/dist-packages/em.py", line 2401, in safe
    self.parse(scanner, locals)
  File "/usr/lib/python3/dist-packages/em.py", line 2421, in parse
    token.run(self, locals)
  File "/usr/lib/python3/dist-packages/em.py", line 1333, in run
    result = interpreter.evaluate(self.testCode, locals)
  File "/usr/lib/python3/dist-packages/em.py", line 2572, in evaluate
    result = eval(expression, self.globals, locals)
  File "<string>", line 1, in <module>
  File "/usr/lib/python3.8/pathlib.py", line 921, in parts
    except AttributeError:
KeyboardInterrupt
Exception ignored in: <function Interpreter.__del__ at 0xffff99e98b80>
Traceback (most recent call last):
  File "/usr/lib/python3/dist-packages/em.py", line 2094, in __del__
  File "/usr/lib/python3/dist-packages/em.py", line 2157, in shutdown
  File "/usr/lib/python3/dist-packages/em.py", line 2646, in finalize
  File "/usr/lib/python3/dist-packages/em.py", line 2200, in push
AttributeError: '_io.TextIOWrapper' object has no attribute 'push'
Exception ignored in: <function Interpreter.__del__ at 0xffff8afe5dc0>
Traceback (most recent call last):
  File "/usr/lib/python3/dist-packages/em.py", line 2094, in __del__
  File "/usr/lib/python3/dist-packages/em.py", line 2157, in shutdown
  File "/usr/lib/python3/dist-packages/em.py", line 2646, in finalize
  File "/usr/lib/python3/dist-packages/em.py", line 2200, in push
AttributeError: '_io.TextIOWrapper' object has no attribute 'push'
Exception ignored in: <function Interpreter.__del__ at 0xffff8a5e2b80>
Traceback (most recent call last):
  File "/usr/lib/python3/dist-packages/em.py", line 2094, in __del__
  File "/usr/lib/python3/dist-packages/em.py", line 2157, in shutdown
  File "/usr/lib/python3/dist-packages/em.py", line 2646, in finalize
  File "/usr/lib/python3/dist-packages/em.py", line 2200, in push
AttributeError: '_io.TextIOWrapper' object has no attribute 'push'
make[2]: *** [CMakeFiles/slam_toolbox__rosidl_typesupport_cpp.dir/build.make:200: rosidl_typesupport_cpp/slam_toolbox/srv/pause__type_support.cpp] Interrupt
make[1]: *** [CMakeFiles/Makefile2:440: CMakeFiles/slam_toolbox__rosidl_typesupport_cpp.dir/all] Interrupt
make[2]: *** [CMakeFiles/slam_toolbox__rosidl_typesupport_fastrtps_cpp.dir/build.make:202: rosidl_typesupport_fastrtps_cpp/slam_toolbox/srv/detail/dds_fastrtps/pause__type_support.cpp] Interrupt
make[1]: *** [CMakeFiles/Makefile2:336: CMakeFiles/slam_toolbox__rosidl_typesupport_fastrtps_cpp.dir/all] Interrupt
make[2]: *** [CMakeFiles/slam_toolbox__rosidl_typesupport_introspection_cpp.dir/build.make:202: rosidl_typesupport_introspection_cpp/slam_toolbox/srv/detail/pause__rosidl_typesupport_introspection_cpp.hpp] Interrupt
make[1]: *** [CMakeFiles/Makefile2:414: CMakeFiles/slam_toolbox__rosidl_typesupport_introspection_cpp.dir/all] Interrupt
make: *** [Makefile:146: all] Interrupt
