-- The C compiler identification is GNU 9.4.0
-- The CXX compiler identification is GNU 9.4.0
-- Detecting C compiler ABI info
-- Detecting C compiler ABI info - done
-- Check for working C compiler: /usr/bin/cc - skipped
-- Detecting C compile features
-- Detecting C compile features - done
-- Detecting CXX compiler ABI info
-- Detecting CXX compiler ABI info - done
-- Check for working CXX compiler: /usr/bin/c++ - skipped
-- Detecting CXX compile features
-- Detecting CXX compile features - done
-- Found ament_cmake: 1.3.3 (/opt/ros/humble/install/share/ament_cmake/cmake)
-- Found Python3: /usr/bin/python3.8 (found version "3.8.10") found components: Interpreter 
-- Found message_filters: 4.3.2 (/opt/ros/humble/install/share/message_filters/cmake)
-- Found rosidl_generator_c: 3.1.4 (/opt/ros/humble/install/share/rosidl_generator_c/cmake)
-- Found rosidl_adapter: 3.1.4 (/opt/ros/humble/install/share/rosidl_adapter/cmake)
-- Found rosidl_generator_cpp: 3.1.4 (/opt/ros/humble/install/share/rosidl_generator_cpp/cmake)
-- Using all available rosidl_typesupport_c: rosidl_typesupport_fastrtps_c;rosidl_typesupport_introspection_c
-- Using all available rosidl_typesupport_cpp: rosidl_typesupport_fastrtps_cpp;rosidl_typesupport_introspection_cpp
-- Found rmw_implementation_cmake: 6.1.1 (/opt/ros/humble/install/share/rmw_implementation_cmake/cmake)
-- Found rmw_fastrtps_cpp: 6.2.2 (/opt/ros/humble/install/share/rmw_fastrtps_cpp/cmake)
-- Found OpenSSL: /usr/lib/aarch64-linux-gnu/libcrypto.so (found version "1.1.1f")  
-- Found FastRTPS: /opt/ros/humble/install/include  
-- Using RMW implementation 'rmw_fastrtps_cpp' as default
-- Looking for pthread.h
-- Looking for pthread.h - found
-- Performing Test CMAKE_HAVE_LIBC_PTHREAD
-- Performing Test CMAKE_HAVE_LIBC_PTHREAD - Failed
-- Looking for pthread_create in pthreads
-- Looking for pthread_create in pthreads - not found
-- Looking for pthread_create in pthread
-- Looking for pthread_create in pthread - found
-- Found Threads: TRUE  
-- Found nav_msgs: 4.2.3 (/opt/ros/humble/install/share/nav_msgs/cmake)
-- Found sensor_msgs: 4.2.3 (/opt/ros/humble/install/share/sensor_msgs/cmake)
-- Found tf2: 0.25.2 (/opt/ros/humble/install/share/tf2/cmake)
-- Found tf2_ros: 0.25.2 (/opt/ros/humble/install/share/tf2_ros/cmake)
-- Found visualization_msgs: 4.2.3 (/opt/ros/humble/install/share/visualization_msgs/cmake)
-- Found pluginlib: 5.1.0 (/opt/ros/humble/install/share/pluginlib/cmake)
-- Found tf2_geometry_msgs: 0.25.2 (/opt/ros/humble/install/share/tf2_geometry_msgs/cmake)
-- Found eigen3_cmake_module: 0.1.1 (/opt/ros/humble/install/share/eigen3_cmake_module/cmake)
-- Found Eigen3: TRUE (found version "3.3.7") 
-- Ensuring Eigen3 include directory is part of orocos-kdl CMake target
-- Found tf2_sensor_msgs: 0.25.2 (/opt/ros/humble/install/share/tf2_sensor_msgs/cmake)
-- Found std_srvs: 4.2.3 (/opt/ros/humble/install/share/std_srvs/cmake)
-- Found rosidl_default_generators: 1.2.0 (/opt/ros/humble/install/share/rosidl_default_generators/cmake)
-- Found rviz_common: 11.2.5 (/opt/ros/humble/install/share/rviz_common/cmake)
-- library: libassimp.so.5
-- Setting OGRE_DIR to: '/opt/ros/humble/install/share/rviz_ogre_vendor/cmake/../../../opt/rviz_ogre_vendor/lib/OGRE/cmake'
-- Found OGRE
--   static     : OFF
--   components : HLMS;MeshLodGenerator;Overlay;Paging;Property;RTShaderSystem;Terrain;Volume
--   plugins    : Plugin_BSPSceneManager;Plugin_OctreeSceneManager;Plugin_PCZSceneManager;Plugin_ParticleFX;RenderSystem_GL;RenderSystem_GL3Plus;Codec_STBI;Codec_EXR
--   media      : /opt/ros/humble/install/opt/rviz_ogre_vendor/share/OGRE/Media
-- OGRE_LIBRARIES: OgreHLMS;OgreMeshLodGenerator;OgreOverlay;OgrePaging;OgreProperty;OgreRTShaderSystem;OgreTerrain;OgreVolume;OgreMain
-- OGRE_LIBRARY_DIRS: /opt/ros/humble/install/opt/rviz_ogre_vendor/lib
-- OGRE_PLUGINS: Plugin_BSPSceneManager;Plugin_OctreeSceneManager;Plugin_PCZSceneManager;Plugin_ParticleFX;RenderSystem_GL;RenderSystem_GL3Plus;Codec_STBI;Codec_EXR
-- OGRE_PLUGIN_DIR: /opt/ros/humble/install/opt/rviz_ogre_vendor/lib/OGRE
-- rviz_ogre_vendor::OgreOverlay for IMPORTED_LOCATION_RELEASE: /opt/ros/humble/install/opt/rviz_ogre_vendor/lib/libOgreOverlay.so
-- rviz_ogre_vendor::OgreOverlay for IMPORTED_LOCATION_DEBUG: /opt/ros/humble/install/opt/rviz_ogre_vendor/lib/libOgreOverlay.so
-- rviz_ogre_vendor::OgreMain for IMPORTED_LOCATION_RELEASE: /opt/ros/humble/install/opt/rviz_ogre_vendor/lib/libOgreMain.so
-- rviz_ogre_vendor::OgreMain for IMPORTED_LOCATION_DEBUG: /opt/ros/humble/install/opt/rviz_ogre_vendor/lib/libOgreMain.so
-- Could not find freeimage library
-- Found ZLIB: /usr/lib/aarch64-linux-gnu/libz.so (found version "1.2.11") 
-- Found OpenGL: /usr/lib/aarch64-linux-gnu/libOpenGL.so   
-- Found X11: /usr/include   
-- Looking for XOpenDisplay in /usr/lib/aarch64-linux-gnu/libX11.so;/usr/lib/aarch64-linux-gnu/libXext.so
-- Looking for XOpenDisplay in /usr/lib/aarch64-linux-gnu/libX11.so;/usr/lib/aarch64-linux-gnu/libXext.so - found
-- Looking for gethostbyname
-- Looking for gethostbyname - found
-- Looking for connect
-- Looking for connect - found
-- Looking for remove
-- Looking for remove - found
-- Looking for shmat
-- Looking for shmat - found
-- Looking for IceConnectionNumber in ICE
-- Looking for IceConnectionNumber in ICE - found
-- rviz_ogre_vendor::RenderSystem_GL for IMPORTED_LOCATION_RELEASE: _render_system_gl_static_library_abs-NOTFOUND
-- rviz_ogre_vendor::RenderSystem_GL for IMPORTED_LOCATION_DEBUG: _render_system_gl_static_library_abs-NOTFOUND
-- library: /usr/lib/aarch64-linux-gnu/libcurl.so
-- Found rviz_default_plugins: 11.2.5 (/opt/ros/humble/install/share/rviz_default_plugins/cmake)
-- Found Boost: /usr/lib/aarch64-linux-gnu/cmake/Boost-1.71.0/BoostConfig.cmake (found version "1.71.0") found components: system serialization filesystem thread 
-- Found PkgConfig: /usr/bin/pkg-config (found version "0.29.1") 
-- Found CHOLMOD: /usr/include/suitesparse  
-- Found CSparse: /usr/include/suitesparse  
-- Looking for sgemm_
-- Looking for sgemm_ - not found
-- Looking for sgemm_
-- Looking for sgemm_ - found
-- Found BLAS: /usr/lib/aarch64-linux-gnu/libopenblas.so  
-- Looking for cheev_
-- Looking for cheev_ - found
-- Found LAPACK: /usr/lib/aarch64-linux-gnu/libopenblas.so;-lpthread;-lm;-ldl  
-- Found installed version of Eigen: /usr/lib/cmake/eigen3
-- Found required Ceres dependency: Eigen version 3.3.7 in /usr/include/eigen3
-- Found required Ceres dependency: glog
-- Found installed version of gflags: /usr/lib/aarch64-linux-gnu/cmake/gflags
-- Detected gflags version: 2.2.2
-- Found required Ceres dependency: gflags
-- Found Ceres version: 1.14.0 installed in: /usr with components: [EigenSparse, SparseLinearAlgebraLibrary, LAPACK, SuiteSparse, CXSparse, SchurSpecializations, OpenMP, Multithreading]
-- Found ament_cmake_ros: 0.10.0 (/opt/ros/humble/install/share/ament_cmake_ros/cmake)
-- Using all available rosidl_typesupport_c: rosidl_typesupport_fastrtps_c;rosidl_typesupport_introspection_c
-- Using all available rosidl_typesupport_cpp: rosidl_typesupport_fastrtps_cpp;rosidl_typesupport_introspection_cpp
-- Found PythonInterp: /usr/bin/python3 (found suitable version "3.8.10", minimum required is "3.6") 
-- Found python_cmake_module: 0.10.0 (/opt/ros/humble/install/share/python_cmake_module/cmake)
-- Found PythonLibs: /usr/lib/aarch64-linux-gnu/libpython3.8.so (found suitable version "3.8.10", minimum required is "3.5") 
-- Using PYTHON_EXECUTABLE: /usr/bin/python3
-- Using PYTHON_INCLUDE_DIRS: /usr/include/python3.8
-- Using PYTHON_LIBRARIES: /usr/lib/aarch64-linux-gnu/libpython3.8.so
-- Found PythonExtra: .so  
-- Configuring done
-- Generating done
-- Build files have been written to: /workspaces/isaac_ros-dev/build/slam_toolbox
[  1%] [34m[1mGenerating C code for ROS interfaces[0m
[  2%] [32mBuilding CXX object lib/karto_sdk/CMakeFiles/kartoSlamToolbox.dir/src/Karto.cpp.o[0m
[  2%] [32mBuilding CXX object lib/karto_sdk/CMakeFiles/kartoSlamToolbox.dir/src/Mapper.cpp.o[0m
[  3%] [34m[1mGenerating C++ code for ROS interfaces[0m
[  3%] Built target ament_cmake_python_copy_slam_toolbox
running egg_info
creating slam_toolbox.egg-info
writing slam_toolbox.egg-info/PKG-INFO
writing dependency_links to slam_toolbox.egg-info/dependency_links.txt
writing top-level names to slam_toolbox.egg-info/top_level.txt
writing manifest file 'slam_toolbox.egg-info/SOURCES.txt'
reading manifest file 'slam_toolbox.egg-info/SOURCES.txt'
writing manifest file 'slam_toolbox.egg-info/SOURCES.txt'
[  3%] Built target ament_cmake_python_build_slam_toolbox_egg
[  3%] Built target slam_toolbox__cpp
[  3%] [34m[1mGenerating C++ type support dispatch for ROS interfaces[0m
[  4%] [34m[1mGenerating C++ type support for eProsima Fast-RTPS[0m
[  5%] [34m[1mGenerating C++ introspection for ROS interfaces[0m
[  6%] [32mBuilding C object CMakeFiles/slam_toolbox__rosidl_generator_c.dir/rosidl_generator_c/slam_toolbox/srv/detail/toggle_interactive__functions.c.o[0m
[  6%] [32mBuilding C object CMakeFiles/slam_toolbox__rosidl_generator_c.dir/rosidl_generator_c/slam_toolbox/srv/detail/clear_queue__functions.c.o[0m
[  8%] [32mBuilding C object CMakeFiles/slam_toolbox__rosidl_generator_c.dir/rosidl_generator_c/slam_toolbox/srv/detail/save_map__functions.c.o[0m
[  8%] [32mBuilding C object CMakeFiles/slam_toolbox__rosidl_generator_c.dir/rosidl_generator_c/slam_toolbox/srv/detail/pause__functions.c.o[0m
[  9%] [32mBuilding C object CMakeFiles/slam_toolbox__rosidl_generator_c.dir/rosidl_generator_c/slam_toolbox/srv/detail/clear__functions.c.o[0m
[  9%] [32mBuilding C object CMakeFiles/slam_toolbox__rosidl_generator_c.dir/rosidl_generator_c/slam_toolbox/srv/detail/loop_closure__functions.c.o[0m
[ 10%] [32mBuilding C object CMakeFiles/slam_toolbox__rosidl_generator_c.dir/rosidl_generator_c/slam_toolbox/srv/detail/merge_maps__functions.c.o[0m
Traceback (most recent call last):
make[2]: *** Deleting file 'rosidl_typesupport_introspection_cpp/slam_toolbox/srv/detail/pause__rosidl_typesupport_introspection_cpp.hpp'
make[2]: *** Deleting file 'rosidl_typesupport_cpp/slam_toolbox/srv/pause__type_support.cpp'
  File "/opt/ros/humble/install/lib/rosidl_typesupport_fastrtps_cpp/rosidl_typesupport_fastrtps_cpp", line 23, in <module>
Traceback (most recent call last):
  File "/opt/ros/humble/install/lib/rosidl_typesupport_cpp/rosidl_typesupport_cpp", line 28, in <module>
    sys.exit(main())
  File "/opt/ros/humble/install/lib/rosidl_typesupport_fastrtps_cpp/rosidl_typesupport_fastrtps_cpp", line 19, in main
    sys.exit(main())
  File "/opt/ros/humble/install/lib/rosidl_typesupport_cpp/rosidl_typesupport_cpp", line 24, in main
make[2]: *** [CMakeFiles/slam_toolbox__rosidl_generator_c.dir/build.make:374: CMakeFiles/slam_toolbox__rosidl_generator_c.dir/rosidl_generator_c/slam_toolbox/srv/detail/clear_queue__functions.c.o] Interrupt
    generate_cpp(args.generator_arguments_file)
make[2]: *** [CMakeFiles/slam_toolbox__rosidl_generator_c.dir/build.make:402: CMakeFiles/slam_toolbox__rosidl_generator_c.dir/rosidl_generator_c/slam_toolbox/srv/detail/clear__functions.c.o] Interrupt
  File "/opt/ros/humble/install/lib/python3.8/site-packages/rosidl_typesupport_fastrtps_cpp/__init__.py", line 24, in generate_cpp
make[2]: *** [CMakeFiles/slam_toolbox__rosidl_generator_c.dir/build.make:416: CMakeFiles/slam_toolbox__rosidl_generator_c.dir/rosidl_generator_c/slam_toolbox/srv/detail/save_map__functions.c.o] Interrupt
make[2]: *** [CMakeFiles/slam_toolbox__rosidl_generator_c.dir/build.make:430: CMakeFiles/slam_toolbox__rosidl_generator_c.dir/rosidl_generator_c/slam_toolbox/srv/detail/loop_closure__functions.c.o] Interrupt
    generate_cpp(args.generator_arguments_file, args.typesupports)
  File "/opt/ros/humble/install/lib/python3.8/site-packages/rosidl_typesupport_cpp/__init__.py", line 28, in generate_cpp
make[2]: *** [CMakeFiles/slam_toolbox__rosidl_generator_c.dir/build.make:444: CMakeFiles/slam_toolbox__rosidl_generator_c.dir/rosidl_generator_c/slam_toolbox/srv/detail/merge_maps__functions.c.o] Interrupt
    return generate_files(generator_arguments_file, mapping)
  File "/opt/ros/humble/install/lib/python3.8/site-packages/rosidl_cmake/__init__.py", line 87, in generate_files
    return generate_files(
  File "/opt/ros/humble/install/lib/python3.8/site-packages/rosidl_cmake/__init__.py", line 87, in generate_files
    expand_template(
  File "/opt/ros/humble/install/lib/python3.8/site-packages/rosidl_cmake/__init__.py", line 149, in expand_template
    interpreter.string(template_content, template_path, locals=data)
  File "/usr/lib/python3/dist-packages/em.py", line 2391, in string
make[2]: *** [CMakeFiles/slam_toolbox__rosidl_generator_c.dir/build.make:360: CMakeFiles/slam_toolbox__rosidl_generator_c.dir/rosidl_generator_c/slam_toolbox/srv/detail/pause__functions.c.o] Interrupt
    expand_template(
make[2]: *** [lib/karto_sdk/CMakeFiles/kartoSlamToolbox.dir/build.make:76: lib/karto_sdk/CMakeFiles/kartoSlamToolbox.dir/src/Karto.cpp.o] Interrupt
  File "/opt/ros/humble/install/lib/python3.8/site-packages/rosidl_cmake/__init__.py", line 149, in expand_template
make[2]: *** [CMakeFiles/slam_toolbox__rosidl_generator_c.dir/build.make:388: CMakeFiles/slam_toolbox__rosidl_generator_c.dir/rosidl_generator_c/slam_toolbox/srv/detail/toggle_interactive__functions.c.o] Interrupt
    interpreter.string(template_content, template_path, locals=data)
  File "/usr/lib/python3/dist-packages/em.py", line 2391, in string
    self.safe(scanner, True, locals)
  File "/usr/lib/python3/dist-packages/em.py", line 2401, in safe
make[2]: *** [lib/karto_sdk/CMakeFiles/kartoSlamToolbox.dir/build.make:90: lib/karto_sdk/CMakeFiles/kartoSlamToolbox.dir/src/Mapper.cpp.o] Interrupt
make[1]: *** [CMakeFiles/Makefile2:259: CMakeFiles/slam_toolbox__rosidl_generator_c.dir/all] Interrupt
    self.safe(scanner, True, locals)
  File "/usr/lib/python3/dist-packages/em.py", line 2401, in safe
make[1]: *** [CMakeFiles/Makefile2:1045: lib/karto_sdk/CMakeFiles/kartoSlamToolbox.dir/all] Interrupt
    self.parse(scanner, locals)
  File "/usr/lib/python3/dist-packages/em.py", line 2421, in parse
    self.parse(scanner, locals)
  File "/usr/lib/python3/dist-packages/em.py", line 2421, in parse
    token.run(self, locals)
  File "/usr/lib/python3/dist-packages/em.py", line 1425, in run
    interpreter.execute(self.code, locals)
  File "/usr/lib/python3/dist-packages/em.py", line 2595, in execute
    token.run(self, locals)
  File "/usr/lib/python3/dist-packages/em.py", line 1547, in run
    _exec(statements, self.globals, locals)
  File "<string>", line 19, in <module>
Traceback (most recent call last):
  File "/usr/lib/python3.8/pathlib.py", line 920, in parts
    self.subrun(info[0][1], interpreter, locals)
  File "/usr/lib/python3/dist-packages/em.py", line 1631, in subrun
    return self._pparts
AttributeError: _pparts
    token.run(interpreter, locals)

During handling of the above exception, another exception occurred:

  File "/usr/lib/python3/dist-packages/em.py", line 1425, in run
  File "/opt/ros/humble/install/lib/python3.8/site-packages/rosidl_cmake/__init__.py", line 198, in _expand_template
Traceback (most recent call last):
  File "/opt/ros/humble/install/lib/rosidl_typesupport_introspection_cpp/rosidl_typesupport_introspection_cpp", line 31, in <module>
    sys.exit(main())
    interpreter.string(content, str(template_path), kwargs)
  File "/opt/ros/humble/install/lib/rosidl_typesupport_introspection_cpp/rosidl_typesupport_introspection_cpp", line 27, in main
  File "/usr/lib/python3/dist-packages/em.py", line 2391, in string
    generate_cpp(args.generator_arguments_file)
  File "/opt/ros/humble/install/lib/python3.8/site-packages/rosidl_typesupport_introspection_cpp/__init__.py", line 31, in generate_cpp
    interpreter.execute(self.code, locals)
  File "/usr/lib/python3/dist-packages/em.py", line 2595, in execute
    return generate_files(generator_arguments_file, mapping)
  File "/opt/ros/humble/install/lib/python3.8/site-packages/rosidl_cmake/__init__.py", line 87, in generate_files
    self.safe(scanner, True, locals)
  File "/usr/lib/python3/dist-packages/em.py", line 2401, in safe
    expand_template(
  File "/opt/ros/humble/install/lib/python3.8/site-packages/rosidl_cmake/__init__.py", line 149, in expand_template
    _exec(statements, self.globals, locals)
  File "<string>", line 2, in <module>
    interpreter.string(template_content, template_path, locals=data)
  File "/usr/lib/python3/dist-packages/em.py", line 2391, in string
    self.parse(scanner, locals)
  File "/usr/lib/python3/dist-packages/em.py", line 2421, in parse
  File "/opt/ros/humble/install/lib/python3.8/site-packages/rosidl_cmake/__init__.py", line 198, in _expand_template
    self.safe(scanner, True, locals)
  File "/usr/lib/python3/dist-packages/em.py", line 2401, in safe
    interpreter.string(content, str(template_path), kwargs)
  File "/usr/lib/python3/dist-packages/em.py", line 2391, in string
    token.run(self, locals)
  File "/usr/lib/python3/dist-packages/em.py", line 1425, in run
    interpreter.execute(self.code, locals)
  File "/usr/lib/python3/dist-packages/em.py", line 2595, in execute
    self.parse(scanner, locals)
  File "/usr/lib/python3/dist-packages/em.py", line 2421, in parse
    self.safe(scanner, True, locals)
  File "/usr/lib/python3/dist-packages/em.py", line 2401, in safe
    _exec(statements, self.globals, locals)
    token.run(self, locals)
  File "<string>", line 2, in <module>
  File "/usr/lib/python3/dist-packages/em.py", line 1547, in run
    self.parse(scanner, locals)
  File "/usr/lib/python3/dist-packages/em.py", line 2421, in parse
    self.subrun(info[0][1], interpreter, locals)
  File "/usr/lib/python3/dist-packages/em.py", line 1631, in subrun
  File "/opt/ros/humble/install/lib/python3.8/site-packages/rosidl_cmake/__init__.py", line 198, in _expand_template
    interpreter.string(content, str(template_path), kwargs)
    token.run(self, locals)
  File "/usr/lib/python3/dist-packages/em.py", line 2391, in string
  File "/usr/lib/python3/dist-packages/em.py", line 1425, in run
    token.run(interpreter, locals)
  File "/usr/lib/python3/dist-packages/em.py", line 1425, in run
    interpreter.execute(self.code, locals)
  File "/usr/lib/python3/dist-packages/em.py", line 2595, in execute
    interpreter.execute(self.code, locals)
  File "/usr/lib/python3/dist-packages/em.py", line 2595, in execute
    self.safe(scanner, True, locals)
  File "/usr/lib/python3/dist-packages/em.py", line 2401, in safe
    _exec(statements, self.globals, locals)
  File "<string>", line 2, in <module>
    self.parse(scanner, locals)
  File "/usr/lib/python3/dist-packages/em.py", line 2417, in parse
    _exec(statements, self.globals, locals)
  File "<string>", line 2, in <module>
  File "/opt/ros/humble/install/lib/python3.8/site-packages/rosidl_cmake/__init__.py", line 198, in _expand_template
    token = scanner.one()
  File "/usr/lib/python3/dist-packages/em.py", line 1984, in one
    interpreter.string(content, str(template_path), kwargs)
  File "/usr/lib/python3/dist-packages/em.py", line 2391, in string
  File "/opt/ros/humble/install/lib/python3.8/site-packages/rosidl_cmake/__init__.py", line 198, in _expand_template
    interpreter.string(content, str(template_path), kwargs)
  File "/usr/lib/python3/dist-packages/em.py", line 2391, in string
    token.scan(self)
  File "/usr/lib/python3/dist-packages/em.py", line 1468, in scan
    self.safe(scanner, True, locals)
  File "/usr/lib/python3/dist-packages/em.py", line 2401, in safe
    self.subscan(scanner, self.type)
    self.safe(scanner, True, locals)
  File "/usr/lib/python3/dist-packages/em.py", line 1483, in subscan
  File "/usr/lib/python3/dist-packages/em.py", line 2401, in safe
    self.parse(scanner, locals)
  File "/usr/lib/python3/dist-packages/em.py", line 2421, in parse
    token = scanner.one()
  File "/usr/lib/python3/dist-packages/em.py", line 1984, in one
    self.parse(scanner, locals)
  File "/usr/lib/python3/dist-packages/em.py", line 2421, in parse
    token.scan(self)
  File "/usr/lib/python3/dist-packages/em.py", line 1468, in scan
    token.run(self, locals)
  File "/usr/lib/python3/dist-packages/em.py", line 1425, in run
    token.run(self, locals)
    self.subscan(scanner, self.type)
  File "/usr/lib/python3/dist-packages/em.py", line 1425, in run
  File "/usr/lib/python3/dist-packages/em.py", line 1483, in subscan
    interpreter.execute(self.code, locals)
  File "/usr/lib/python3/dist-packages/em.py", line 2595, in execute
    interpreter.execute(self.code, locals)
    token = scanner.one()
  File "/usr/lib/python3/dist-packages/em.py", line 2595, in execute
  File "/usr/lib/python3/dist-packages/em.py", line 1984, in one
    _exec(statements, self.globals, locals)
  File "<string>", line 2, in <module>
    token.scan(self)
  File "/usr/lib/python3/dist-packages/em.py", line 1456, in scan
    _exec(statements, self.globals, locals)
  File "<string>", line 2, in <module>
    i = scanner.complex('[', ']', 0)
  File "/usr/lib/python3/dist-packages/em.py", line 1893, in complex
KeyboardInterrupt
  File "/opt/ros/humble/install/lib/python3.8/site-packages/rosidl_cmake/__init__.py", line 198, in _expand_template
    interpreter.string(content, str(template_path), kwargs)
    newQuote = self.check(i, quote)
  File "/usr/lib/python3/dist-packages/em.py", line 2391, in string
  File "/usr/lib/python3/dist-packages/em.py", line 1762, in check
    def check(self, i, archetype=None):
KeyboardInterrupt
    self.safe(scanner, True, locals)
  File "/usr/lib/python3/dist-packages/em.py", line 2401, in safe
    self.parse(scanner, locals)
  File "/usr/lib/python3/dist-packages/em.py", line 2421, in parse
    token.run(self, locals)
  File "/usr/lib/python3/dist-packages/em.py", line 1333, in run
    result = interpreter.evaluate(self.testCode, locals)
  File "/usr/lib/python3/dist-packages/em.py", line 2572, in evaluate
    result = eval(expression, self.globals, locals)
  File "<string>", line 1, in <module>
  File "/usr/lib/python3.8/pathlib.py", line 921, in parts
    except AttributeError:
KeyboardInterrupt
Exception ignored in: <function Interpreter.__del__ at 0xffff99e98b80>
Traceback (most recent call last):
  File "/usr/lib/python3/dist-packages/em.py", line 2094, in __del__
  File "/usr/lib/python3/dist-packages/em.py", line 2157, in shutdown
  File "/usr/lib/python3/dist-packages/em.py", line 2646, in finalize
  File "/usr/lib/python3/dist-packages/em.py", line 2200, in push
AttributeError: '_io.TextIOWrapper' object has no attribute 'push'
Exception ignored in: <function Interpreter.__del__ at 0xffff8afe5dc0>
Traceback (most recent call last):
  File "/usr/lib/python3/dist-packages/em.py", line 2094, in __del__
  File "/usr/lib/python3/dist-packages/em.py", line 2157, in shutdown
  File "/usr/lib/python3/dist-packages/em.py", line 2646, in finalize
  File "/usr/lib/python3/dist-packages/em.py", line 2200, in push
AttributeError: '_io.TextIOWrapper' object has no attribute 'push'
Exception ignored in: <function Interpreter.__del__ at 0xffff8a5e2b80>
Traceback (most recent call last):
  File "/usr/lib/python3/dist-packages/em.py", line 2094, in __del__
  File "/usr/lib/python3/dist-packages/em.py", line 2157, in shutdown
  File "/usr/lib/python3/dist-packages/em.py", line 2646, in finalize
  File "/usr/lib/python3/dist-packages/em.py", line 2200, in push
AttributeError: '_io.TextIOWrapper' object has no attribute 'push'
make[2]: *** [CMakeFiles/slam_toolbox__rosidl_typesupport_cpp.dir/build.make:200: rosidl_typesupport_cpp/slam_toolbox/srv/pause__type_support.cpp] Interrupt
make[1]: *** [CMakeFiles/Makefile2:440: CMakeFiles/slam_toolbox__rosidl_typesupport_cpp.dir/all] Interrupt
make[2]: *** [CMakeFiles/slam_toolbox__rosidl_typesupport_fastrtps_cpp.dir/build.make:202: rosidl_typesupport_fastrtps_cpp/slam_toolbox/srv/detail/dds_fastrtps/pause__type_support.cpp] Interrupt
make[1]: *** [CMakeFiles/Makefile2:336: CMakeFiles/slam_toolbox__rosidl_typesupport_fastrtps_cpp.dir/all] Interrupt
make[2]: *** [CMakeFiles/slam_toolbox__rosidl_typesupport_introspection_cpp.dir/build.make:202: rosidl_typesupport_introspection_cpp/slam_toolbox/srv/detail/pause__rosidl_typesupport_introspection_cpp.hpp] Interrupt
make[1]: *** [CMakeFiles/Makefile2:414: CMakeFiles/slam_toolbox__rosidl_typesupport_introspection_cpp.dir/all] Interrupt
make: *** [Makefile:146: all] Interrupt
