make[2]: *** wait: No child processes.  Stop.
make[2]: *** Waiting for unfinished jobs....
make[2]: *** wait: No child processes.  Stop.
make[2]: *** wait: No child processes.  Stop.
make[2]: *** Waiting for unfinished jobs....
make[2]: *** wait: No child processes.  Stop.
make[2]: *** [tests/CMakeFiles/test_scene.dir/build.make:76: tests/CMakeFiles/test_scene.dir/test_scene.cpp.o] Interrupt
make[2]: *** wait: No child processes.  Stop.
make[2]: *** wait: No child processes.  Stop.
make[2]: *** Waiting for unfinished jobs....
make[2]: *** Waiting for unfinished jobs....
make[2]: *** wait: No child processes.  Stop.
make[2]: *** wait: No child processes.  Stop.
make[2]: *** [tests/CMakeFiles/test_color_image.dir/build.make:76: tests/CMakeFiles/test_color_image.dir/test_color_image.cpp.o] Interrupt
make[2]: *** wait: No child processes.  Stop.
make[2]: *** Waiting for unfinished jobs....
make[2]: *** wait: No child processes.  Stop.
make[2]: *** [tests/CMakeFiles/test_esdf_integrator.dir/build.make:76: tests/CMakeFiles/test_esdf_integrator.dir/test_esdf_integrator.cpp.o] Interrupt
make[1]: *** [CMakeFiles/Makefile2:1547: tests/CMakeFiles/test_3d_interpolation.dir/all] Error 2
make[1]: *** [CMakeFiles/Makefile2:1609: tests/CMakeFiles/test_3dmatch.dir/all] Error 2
make[1]: *** [CMakeFiles/Makefile2:1671: tests/CMakeFiles/test_mesh.dir/all] Error 2
make[1]: *** [CMakeFiles/Makefile2:1702: tests/CMakeFiles/test_scene.dir/all] Interrupt
make[1]: *** [CMakeFiles/Makefile2:1764: tests/CMakeFiles/test_tsdf_integrator_cuda_components.dir/all] Error 2
make[1]: *** [CMakeFiles/Makefile2:1857: tests/CMakeFiles/test_color_image.dir/all] Interrupt
make[1]: *** [CMakeFiles/Makefile2:1888: tests/CMakeFiles/test_color_integrator.dir/all] Error 2
make[2]: *** [tests/CMakeFiles/test_layer.dir/build.make:76: tests/CMakeFiles/test_layer.dir/test_layer.cpp.o] Interrupt
make[2]: *** [tests/CMakeFiles/test_camera.dir/build.make:76: tests/CMakeFiles/test_camera.dir/test_camera.cpp.o] Interrupt
make[2]: *** [tests/CMakeFiles/test_tsdf_integrator.dir/build.make:76: tests/CMakeFiles/test_tsdf_integrator.dir/test_tsdf_integrator.cpp.o] Interrupt
make[2]: *** [tests/CMakeFiles/test_depth_image.dir/build.make:76: tests/CMakeFiles/test_depth_image.dir/test_depth_image.cpp.o] Interrupt
make[1]: *** [CMakeFiles/Makefile2:1454: tests/CMakeFiles/test_camera.dir/all] Interrupt
make[1]: *** [CMakeFiles/Makefile2:1516: tests/CMakeFiles/test_layer.dir/all] Interrupt
make[1]: *** [CMakeFiles/Makefile2:1578: tests/CMakeFiles/test_tsdf_integrator.dir/all] Interrupt
make[1]: *** [CMakeFiles/Makefile2:1826: tests/CMakeFiles/test_esdf_integrator.dir/all] Interrupt
make[1]: *** [CMakeFiles/Makefile2:1733: tests/CMakeFiles/test_depth_image.dir/all] Interrupt
make: *** [Makefile:146: all] Interrupt
