[2.194s] Invoking command in '/workspaces/isaac_ros-dev/build/slam_toolbox': /usr/bin/cmake /workspaces/isaac_ros-dev/src/slam_toolbox -DAMENT_CMAKE_SYMLINK_INSTALL=1 -DCMAKE_INSTALL_PREFIX=/workspaces/isaac_ros-dev/install/slam_toolbox
[2.222s] -- Found ament_cmake: 1.3.3 (/opt/ros/humble/install/share/ament_cmake/cmake)
[2.487s] -- Override CMake install command with custom implementation using symlinks instead of copying resources
[2.505s] -- Found message_filters: 4.3.2 (/opt/ros/humble/install/share/message_filters/cmake)
[2.588s] -- Found rosidl_generator_c: 3.1.4 (/opt/ros/humble/install/share/rosidl_generator_c/cmake)
[2.594s] -- Found rosidl_adapter: 3.1.4 (/opt/ros/humble/install/share/rosidl_adapter/cmake)
[2.609s] -- Found rosidl_generator_cpp: 3.1.4 (/opt/ros/humble/install/share/rosidl_generator_cpp/cmake)
[2.634s] -- Using all available rosidl_typesupport_c: rosidl_typesupport_fastrtps_c;rosidl_typesupport_introspection_c
[2.670s] -- Using all available rosidl_typesupport_cpp: rosidl_typesupport_fastrtps_cpp;rosidl_typesupport_introspection_cpp
[2.797s] -- Found rmw_implementation_cmake: 6.1.1 (/opt/ros/humble/install/share/rmw_implementation_cmake/cmake)
[2.800s] -- Found rmw_fastrtps_cpp: 6.2.2 (/opt/ros/humble/install/share/rmw_fastrtps_cpp/cmake)
[3.124s] -- Using RMW implementation 'rmw_fastrtps_cpp' as default
[3.455s] -- Found nav_msgs: 4.2.3 (/opt/ros/humble/install/share/nav_msgs/cmake)
[3.714s] -- Found sensor_msgs: 4.2.3 (/opt/ros/humble/install/share/sensor_msgs/cmake)
[3.873s] -- Found tf2: 0.25.2 (/opt/ros/humble/install/share/tf2/cmake)
[3.891s] -- Found tf2_ros: 0.25.2 (/opt/ros/humble/install/share/tf2_ros/cmake)
[4.543s] -- Found visualization_msgs: 4.2.3 (/opt/ros/humble/install/share/visualization_msgs/cmake)
[4.774s] -- Found pluginlib: 5.1.0 (/opt/ros/humble/install/share/pluginlib/cmake)
[4.830s] -- Found tf2_geometry_msgs: 0.25.2 (/opt/ros/humble/install/share/tf2_geometry_msgs/cmake)
[4.844s] -- Found eigen3_cmake_module: 0.1.1 (/opt/ros/humble/install/share/eigen3_cmake_module/cmake)
[4.850s] -- Ensuring Eigen3 include directory is part of orocos-kdl CMake target
[4.891s] -- Found tf2_sensor_msgs: 0.25.2 (/opt/ros/humble/install/share/tf2_sensor_msgs/cmake)
[4.924s] -- Found std_srvs: 4.2.3 (/opt/ros/humble/install/share/std_srvs/cmake)
[4.971s] -- Found rosidl_default_generators: 1.2.0 (/opt/ros/humble/install/share/rosidl_default_generators/cmake)
[4.995s] -- Found rviz_common: 11.2.5 (/opt/ros/humble/install/share/rviz_common/cmake)
[5.033s] -- library: libassimp.so.5
[5.033s] -- Setting OGRE_DIR to: '/opt/ros/humble/install/share/rviz_ogre_vendor/cmake/../../../opt/rviz_ogre_vendor/lib/OGRE/cmake'
[5.037s] -- Found OGRE
[5.039s] --   static     : OFF
[5.047s] --   components : HLMS;MeshLodGenerator;Overlay;Paging;Property;RTShaderSystem;Terrain;Volume
[5.048s] --   plugins    : Plugin_BSPSceneManager;Plugin_OctreeSceneManager;Plugin_PCZSceneManager;Plugin_ParticleFX;RenderSystem_GL;RenderSystem_GL3Plus;Codec_STBI;Codec_EXR
[5.050s] --   media      : /opt/ros/humble/install/opt/rviz_ogre_vendor/share/OGRE/Media
[5.050s] -- OGRE_LIBRARIES: OgreHLMS;OgreMeshLodGenerator;OgreOverlay;OgrePaging;OgreProperty;OgreRTShaderSystem;OgreTerrain;OgreVolume;OgreMain
[5.051s] -- OGRE_LIBRARY_DIRS: /opt/ros/humble/install/opt/rviz_ogre_vendor/lib
[5.051s] -- OGRE_PLUGINS: Plugin_BSPSceneManager;Plugin_OctreeSceneManager;Plugin_PCZSceneManager;Plugin_ParticleFX;RenderSystem_GL;RenderSystem_GL3Plus;Codec_STBI;Codec_EXR
[5.052s] -- OGRE_PLUGIN_DIR: /opt/ros/humble/install/opt/rviz_ogre_vendor/lib/OGRE
[5.052s] -- rviz_ogre_vendor::OgreOverlay for IMPORTED_LOCATION_RELEASE: /opt/ros/humble/install/opt/rviz_ogre_vendor/lib/libOgreOverlay.so
[5.053s] -- rviz_ogre_vendor::OgreOverlay for IMPORTED_LOCATION_DEBUG: /opt/ros/humble/install/opt/rviz_ogre_vendor/lib/libOgreOverlay.so
[5.053s] -- rviz_ogre_vendor::OgreMain for IMPORTED_LOCATION_RELEASE: /opt/ros/humble/install/opt/rviz_ogre_vendor/lib/libOgreMain.so
[5.054s] -- rviz_ogre_vendor::OgreMain for IMPORTED_LOCATION_DEBUG: /opt/ros/humble/install/opt/rviz_ogre_vendor/lib/libOgreMain.so
[5.054s] -- Could not find freeimage library
[5.155s] -- rviz_ogre_vendor::RenderSystem_GL for IMPORTED_LOCATION_RELEASE: _render_system_gl_static_library_abs-NOTFOUND
[5.156s] -- rviz_ogre_vendor::RenderSystem_GL for IMPORTED_LOCATION_DEBUG: _render_system_gl_static_library_abs-NOTFOUND
[5.269s] -- library: /usr/lib/aarch64-linux-gnu/libcurl.so
[5.410s] -- Found rviz_default_plugins: 11.2.5 (/opt/ros/humble/install/share/rviz_default_plugins/cmake)
[6.335s] -- Found installed version of Eigen: /usr/lib/cmake/eigen3
[6.337s] -- Found required Ceres dependency: Eigen version 3.3.7 in /usr/include/eigen3
[6.340s] -- Found required Ceres dependency: glog
[6.351s] -- Found installed version of gflags: /usr/lib/aarch64-linux-gnu/cmake/gflags
[6.352s] -- Detected gflags version: 2.2.2
[6.353s] -- Found required Ceres dependency: gflags
[6.355s] -- Found Ceres version: 1.14.0 installed in: /usr with components: [EigenSparse, SparseLinearAlgebraLibrary, LAPACK, SuiteSparse, CXSparse, SchurSpecializations, OpenMP, Multithreading]
[7.116s] -- Found ament_cmake_ros: 0.10.0 (/opt/ros/humble/install/share/ament_cmake_ros/cmake)
[8.001s] -- Using all available rosidl_typesupport_c: rosidl_typesupport_fastrtps_c;rosidl_typesupport_introspection_c
[8.348s] -- Using all available rosidl_typesupport_cpp: rosidl_typesupport_fastrtps_cpp;rosidl_typesupport_introspection_cpp
[8.408s] -- Found python_cmake_module: 0.10.0 (/opt/ros/humble/install/share/python_cmake_module/cmake)
[8.477s] -- Using PYTHON_EXECUTABLE: /usr/bin/python3
[8.477s] -- Using PYTHON_INCLUDE_DIRS: /usr/include/python3.8
[8.477s] -- Using PYTHON_LIBRARIES: /usr/lib/aarch64-linux-gnu/libpython3.8.so
[8.835s] -- Configuring done
[9.471s] -- Generating done
[9.484s] -- Build files have been written to: /workspaces/isaac_ros-dev/build/slam_toolbox
[9.538s] Invoked command in '/workspaces/isaac_ros-dev/build/slam_toolbox' returned '0': /usr/bin/cmake /workspaces/isaac_ros-dev/src/slam_toolbox -DAMENT_CMAKE_SYMLINK_INSTALL=1 -DCMAKE_INSTALL_PREFIX=/workspaces/isaac_ros-dev/install/slam_toolbox
[9.548s] Invoking command in '/workspaces/isaac_ros-dev/build/slam_toolbox': /usr/bin/cmake --build /workspaces/isaac_ros-dev/build/slam_toolbox -- -j12 -l12
[9.629s] [35m[1mConsolidate compiler generated dependencies of target slam_toolbox__rosidl_generator_c[0m
[9.629s] [35m[1mConsolidate compiler generated dependencies of target kartoSlamToolbox[0m
[9.634s] failed to create symbolic link '/workspaces/isaac_ros-dev/build/slam_toolbox/ament_cmake_python/slam_toolbox/slam_toolbox' because existing path cannot be removed: Is a directory
[9.635s] make[2]: *** [CMakeFiles/ament_cmake_python_symlink_slam_toolbox.dir/build.make:70: CMakeFiles/ament_cmake_python_symlink_slam_toolbox] Error 1
[9.636s] make[1]: *** [CMakeFiles/Makefile2:467: CMakeFiles/ament_cmake_python_symlink_slam_toolbox.dir/all] Error 2
[9.636s] make[1]: *** Waiting for unfinished jobs....
[9.640s] [  1%] Built target slam_toolbox__cpp
[9.653s] [ 10%] Built target slam_toolbox__rosidl_generator_c
[9.684s] [ 11%] [32m[1mLinking CXX shared library libkartoSlamToolbox.so[0m
[10.423s] [ 12%] Built target kartoSlamToolbox
[10.424s] make: *** [Makefile:146: all] Error 2
[10.429s] Invoked command in '/workspaces/isaac_ros-dev/build/slam_toolbox' returned '2': /usr/bin/cmake --build /workspaces/isaac_ros-dev/build/slam_toolbox -- -j12 -l12
