[0.117s] Invoking command in '/workspaces/isaac_ros-dev/build/xacro': /usr/bin/cmake /workspaces/isaac_ros-dev/src/xacro -DAMENT_CMAKE_SYMLINK_INSTALL=1 -DCMAKE_INSTALL_PREFIX=/workspaces/isaac_ros-dev/install/xacro
[0.142s] -- Found ament_cmake: 1.3.3 (/opt/ros/humble/install/share/ament_cmake/cmake)
[0.521s] -- Override CMake install command with custom implementation using symlinks instead of copying resources
[0.592s] -- Found ament_lint_auto: 0.12.5 (/opt/ros/humble/install/share/ament_lint_auto/cmake)
[2.528s] -- Configuring done
[2.557s] -- Generating done
[2.558s] -- Build files have been written to: /workspaces/isaac_ros-dev/build/xacro
[2.721s] Invoked command in '/workspaces/isaac_ros-dev/build/xacro' returned '0': /usr/bin/cmake /workspaces/isaac_ros-dev/src/xacro -DAMENT_CMAKE_SYMLINK_INSTALL=1 -DCMAKE_INSTALL_PREFIX=/workspaces/isaac_ros-dev/install/xacro
[2.723s] Invoking command in '/workspaces/isaac_ros-dev/build/xacro': /usr/bin/cmake --build /workspaces/isaac_ros-dev/build/xacro -- -j12 -l12
[2.797s] failed to create symbolic link '/workspaces/isaac_ros-dev/build/xacro/ament_cmake_python/xacro/xacro' because existing path cannot be removed: Is a directory
[2.798s] make[2]: *** [CMakeFiles/ament_cmake_python_symlink_xacro.dir/build.make:70: CMakeFiles/ament_cmake_python_symlink_xacro] Error 1
[2.804s] make[1]: *** [CMakeFiles/Makefile2:158: CMakeFiles/ament_cmake_python_symlink_xacro.dir/all] Error 2
[2.804s] make[1]: *** Waiting for unfinished jobs....
[2.804s] make: *** [Makefile:146: all] Error 2
[2.806s] Built target ament_cmake_python_symlink_xacro_setup
[2.892s] Invoked command in '/workspaces/isaac_ros-dev/build/xacro' returned '2': /usr/bin/cmake --build /workspaces/isaac_ros-dev/build/xacro -- -j12 -l12
